#-----------------------------------------------------------
# Vivado v2018.3 (64-bit)
# SW Build 2405991 on Thu Dec  6 23:38:27 MST 2018
# IP Build 2404404 on Fri Dec  7 01:43:56 MST 2018
# Start of session at: Tue Feb 21 15:50:25 2023
# Process ID: 27296
# Current directory: D:/WHUT/FPGA/EXERCISE/PYNQ-Z2/ARM_SOC/CortexM3_Eval_V2
# Command line: vivado.exe -gui_launcher_event rodinguilauncherevent25740 D:\WHUT\FPGA\EXERCISE\PYNQ-Z2\ARM_SOC\CortexM3_Eval_V2\CortexM3_Eval.xpr
# Log file: D:/WHUT/FPGA/EXERCISE/PYNQ-Z2/ARM_SOC/CortexM3_Eval_V2/vivado.log
# Journal file: D:/WHUT/FPGA/EXERCISE/PYNQ-Z2/ARM_SOC/CortexM3_Eval_V2\vivado.jou
#-----------------------------------------------------------
start_gui
open_project D:/WHUT/FPGA/EXERCISE/PYNQ-Z2/ARM_SOC/CortexM3_Eval_V2/CortexM3_Eval.xpr
Scanning sources...
Finished scanning sources
INFO: [IP_Flow 19-234] Refreshing IP repositories
INFO: [IP_Flow 19-1704] No user IP repositories specified
INFO: [IP_Flow 19-2313] Loaded Vivado IP repository 'D:/FPGA/Vivado/Vivado/2018.3/data/ip'.
open_project: Time (s): cpu = 00:00:15 ; elapsed = 00:00:08 . Memory (MB): peak = 820.953 ; gain = 203.773
update_compile_order -fileset sources_1
WARNING: [IP_Flow 19-4067] Ignoring invalid widget type specified checkbox.Providing a default widget
set_property -dict [list CONFIG.C_PROBE0_WIDTH {1} CONFIG.C_DATA_DEPTH {8192} CONFIG.C_NUM_OF_PROBES {4}] [get_ips ila_0]
generate_target all [get_files  D:/WHUT/FPGA/EXERCISE/PYNQ-Z2/ARM_SOC/CortexM3_Eval_V2/CortexM3_Eval.srcs/sources_1/ip/ila_0/ila_0.xci]
INFO: [IP_Flow 19-1686] Generating 'Instantiation Template' target for IP 'ila_0'...
INFO: [IP_Flow 19-1686] Generating 'Synthesis' target for IP 'ila_0'...
WARNING: [IP_Flow 19-4994] Overwriting existing constraint file 'd:/WHUT/FPGA/EXERCISE/PYNQ-Z2/ARM_SOC/CortexM3_Eval_V2/CortexM3_Eval.srcs/sources_1/ip/ila_0/ila_0_ooc.xdc'
INFO: [IP_Flow 19-1686] Generating 'Simulation' target for IP 'ila_0'...
INFO: [IP_Flow 19-1686] Generating 'Implementation' target for IP 'ila_0'...
INFO: [IP_Flow 19-1686] Generating 'Change Log' target for IP 'ila_0'...
catch { config_ip_cache -export [get_ips -all ila_0] }
export_ip_user_files -of_objects [get_files D:/WHUT/FPGA/EXERCISE/PYNQ-Z2/ARM_SOC/CortexM3_Eval_V2/CortexM3_Eval.srcs/sources_1/ip/ila_0/ila_0.xci] -no_script -sync -force -quiet
reset_run ila_0_synth_1
launch_runs -jobs 4 ila_0_synth_1
[Tue Feb 21 16:03:40 2023] Launched ila_0_synth_1...
Run output will be captured here: D:/WHUT/FPGA/EXERCISE/PYNQ-Z2/ARM_SOC/CortexM3_Eval_V2/CortexM3_Eval.runs/ila_0_synth_1/runme.log
export_simulation -of_objects [get_files D:/WHUT/FPGA/EXERCISE/PYNQ-Z2/ARM_SOC/CortexM3_Eval_V2/CortexM3_Eval.srcs/sources_1/ip/ila_0/ila_0.xci] -directory D:/WHUT/FPGA/EXERCISE/PYNQ-Z2/ARM_SOC/CortexM3_Eval_V2/CortexM3_Eval.ip_user_files/sim_scripts -ip_user_files_dir D:/WHUT/FPGA/EXERCISE/PYNQ-Z2/ARM_SOC/CortexM3_Eval_V2/CortexM3_Eval.ip_user_files -ipstatic_source_dir D:/WHUT/FPGA/EXERCISE/PYNQ-Z2/ARM_SOC/CortexM3_Eval_V2/CortexM3_Eval.ip_user_files/ipstatic -lib_map_path [list {modelsim=D:/WHUT/FPGA/EXERCISE/PYNQ-Z2/ARM_SOC/CortexM3_Eval_V2/CortexM3_Eval.cache/compile_simlib/modelsim} {questa=D:/WHUT/FPGA/EXERCISE/PYNQ-Z2/ARM_SOC/CortexM3_Eval_V2/CortexM3_Eval.cache/compile_simlib/questa} {riviera=D:/WHUT/FPGA/EXERCISE/PYNQ-Z2/ARM_SOC/CortexM3_Eval_V2/CortexM3_Eval.cache/compile_simlib/riviera} {activehdl=D:/WHUT/FPGA/EXERCISE/PYNQ-Z2/ARM_SOC/CortexM3_Eval_V2/CortexM3_Eval.cache/compile_simlib/activehdl}] -use_ip_compiled_libs -force -quiet
WARNING: [IP_Flow 19-4067] Ignoring invalid widget type specified checkbox.Providing a default widget
reset_run synth_1
launch_runs impl_1 -to_step write_bitstream -jobs 8
INFO: [Vivado 12-4149] The synthesis checkpoint for IP 'D:/WHUT/FPGA/EXERCISE/PYNQ-Z2/ARM_SOC/CortexM3_Eval_V2/CortexM3_Eval.srcs/sources_1/ip/clk_wiz_0/clk_wiz_0.xci' is already up-to-date
[Tue Feb 21 16:06:40 2023] Launched synth_1...
Run output will be captured here: D:/WHUT/FPGA/EXERCISE/PYNQ-Z2/ARM_SOC/CortexM3_Eval_V2/CortexM3_Eval.runs/synth_1/runme.log
[Tue Feb 21 16:06:40 2023] Launched impl_1...
Run output will be captured here: D:/WHUT/FPGA/EXERCISE/PYNQ-Z2/ARM_SOC/CortexM3_Eval_V2/CortexM3_Eval.runs/impl_1/runme.log
launch_runs: Time (s): cpu = 00:00:02 ; elapsed = 00:00:10 . Memory (MB): peak = 1141.648 ; gain = 0.000
WARNING: [IP_Flow 19-4067] Ignoring invalid widget type specified checkbox.Providing a default widget
set_property -dict [list CONFIG.C_DATA_DEPTH {16384}] [get_ips ila_0]
generate_target all [get_files  D:/WHUT/FPGA/EXERCISE/PYNQ-Z2/ARM_SOC/CortexM3_Eval_V2/CortexM3_Eval.srcs/sources_1/ip/ila_0/ila_0.xci]
INFO: [IP_Flow 19-1686] Generating 'Instantiation Template' target for IP 'ila_0'...
INFO: [IP_Flow 19-1686] Generating 'Synthesis' target for IP 'ila_0'...
WARNING: [IP_Flow 19-4994] Overwriting existing constraint file 'd:/WHUT/FPGA/EXERCISE/PYNQ-Z2/ARM_SOC/CortexM3_Eval_V2/CortexM3_Eval.srcs/sources_1/ip/ila_0/ila_0_ooc.xdc'
INFO: [IP_Flow 19-1686] Generating 'Simulation' target for IP 'ila_0'...
INFO: [IP_Flow 19-1686] Generating 'Implementation' target for IP 'ila_0'...
INFO: [IP_Flow 19-1686] Generating 'Change Log' target for IP 'ila_0'...
catch { config_ip_cache -export [get_ips -all ila_0] }
export_ip_user_files -of_objects [get_files D:/WHUT/FPGA/EXERCISE/PYNQ-Z2/ARM_SOC/CortexM3_Eval_V2/CortexM3_Eval.srcs/sources_1/ip/ila_0/ila_0.xci] -no_script -sync -force -quiet
reset_run ila_0_synth_1
launch_runs -jobs 8 ila_0_synth_1
[Tue Feb 21 18:38:47 2023] Launched ila_0_synth_1...
Run output will be captured here: D:/WHUT/FPGA/EXERCISE/PYNQ-Z2/ARM_SOC/CortexM3_Eval_V2/CortexM3_Eval.runs/ila_0_synth_1/runme.log
export_simulation -of_objects [get_files D:/WHUT/FPGA/EXERCISE/PYNQ-Z2/ARM_SOC/CortexM3_Eval_V2/CortexM3_Eval.srcs/sources_1/ip/ila_0/ila_0.xci] -directory D:/WHUT/FPGA/EXERCISE/PYNQ-Z2/ARM_SOC/CortexM3_Eval_V2/CortexM3_Eval.ip_user_files/sim_scripts -ip_user_files_dir D:/WHUT/FPGA/EXERCISE/PYNQ-Z2/ARM_SOC/CortexM3_Eval_V2/CortexM3_Eval.ip_user_files -ipstatic_source_dir D:/WHUT/FPGA/EXERCISE/PYNQ-Z2/ARM_SOC/CortexM3_Eval_V2/CortexM3_Eval.ip_user_files/ipstatic -lib_map_path [list {modelsim=D:/WHUT/FPGA/EXERCISE/PYNQ-Z2/ARM_SOC/CortexM3_Eval_V2/CortexM3_Eval.cache/compile_simlib/modelsim} {questa=D:/WHUT/FPGA/EXERCISE/PYNQ-Z2/ARM_SOC/CortexM3_Eval_V2/CortexM3_Eval.cache/compile_simlib/questa} {riviera=D:/WHUT/FPGA/EXERCISE/PYNQ-Z2/ARM_SOC/CortexM3_Eval_V2/CortexM3_Eval.cache/compile_simlib/riviera} {activehdl=D:/WHUT/FPGA/EXERCISE/PYNQ-Z2/ARM_SOC/CortexM3_Eval_V2/CortexM3_Eval.cache/compile_simlib/activehdl}] -use_ip_compiled_libs -force -quiet
reset_run synth_1
WARNING: [Vivado 12-1017] Problems encountered:
1. Failed to delete one or more files in run directory D:/WHUT/FPGA/EXERCISE/PYNQ-Z2/ARM_SOC/CortexM3_Eval_V2/CortexM3_Eval.runs/synth_1

launch_runs impl_1 -to_step write_bitstream -jobs 8
INFO: [Vivado 12-4149] The synthesis checkpoint for IP 'D:/WHUT/FPGA/EXERCISE/PYNQ-Z2/ARM_SOC/CortexM3_Eval_V2/CortexM3_Eval.srcs/sources_1/ip/clk_wiz_0/clk_wiz_0.xci' is already up-to-date
[Tue Feb 21 18:39:44 2023] Launched ila_0_synth_1, synth_1...
Run output will be captured here:
ila_0_synth_1: D:/WHUT/FPGA/EXERCISE/PYNQ-Z2/ARM_SOC/CortexM3_Eval_V2/CortexM3_Eval.runs/ila_0_synth_1/runme.log
synth_1: D:/WHUT/FPGA/EXERCISE/PYNQ-Z2/ARM_SOC/CortexM3_Eval_V2/CortexM3_Eval.runs/synth_1/runme.log
[Tue Feb 21 18:39:44 2023] Launched impl_1...
Run output will be captured here: D:/WHUT/FPGA/EXERCISE/PYNQ-Z2/ARM_SOC/CortexM3_Eval_V2/CortexM3_Eval.runs/impl_1/runme.log
open_hw
connect_hw_server
INFO: [Labtools 27-2285] Connecting to hw_server url TCP:localhost:3121
INFO: [Labtools 27-2222] Launching hw_server...
INFO: [Labtools 27-2221] Launch Output:

****** Xilinx hw_server v2018.3
  **** Build date : Dec  7 2018-00:40:27
    ** Copyright 1986-2018 Xilinx, Inc. All Rights Reserved.


open_hw_target
INFO: [Labtoolstcl 44-466] Opening hw_target localhost:3121/xilinx_tcf/Xilinx/1234-tulA
set_property PROGRAM.FILE {D:/WHUT/FPGA/EXERCISE/PYNQ-Z2/ARM_SOC/CortexM3_Eval_V2/CortexM3_Eval.runs/impl_1/SOC_TOP_V2.bit} [get_hw_devices xc7z020_1]
set_property PROBES.FILE {D:/WHUT/FPGA/EXERCISE/PYNQ-Z2/ARM_SOC/CortexM3_Eval_V2/CortexM3_Eval.runs/impl_1/SOC_TOP_V2.ltx} [get_hw_devices xc7z020_1]
set_property FULL_PROBES.FILE {D:/WHUT/FPGA/EXERCISE/PYNQ-Z2/ARM_SOC/CortexM3_Eval_V2/CortexM3_Eval.runs/impl_1/SOC_TOP_V2.ltx} [get_hw_devices xc7z020_1]
current_hw_device [get_hw_devices xc7z020_1]
refresh_hw_device [lindex [get_hw_devices xc7z020_1] 0]
INFO: [Labtools 27-1435] Device xc7z020 (JTAG device index = 1) is not programmed (DONE status = 0).
set_property PROBES.FILE {D:/WHUT/FPGA/EXERCISE/PYNQ-Z2/ARM_SOC/CortexM3_Eval_V2/CortexM3_Eval.runs/impl_1/SOC_TOP_V2.ltx} [get_hw_devices xc7z020_1]
set_property FULL_PROBES.FILE {D:/WHUT/FPGA/EXERCISE/PYNQ-Z2/ARM_SOC/CortexM3_Eval_V2/CortexM3_Eval.runs/impl_1/SOC_TOP_V2.ltx} [get_hw_devices xc7z020_1]
set_property PROGRAM.FILE {D:/WHUT/FPGA/EXERCISE/PYNQ-Z2/ARM_SOC/CortexM3_Eval_V2/CortexM3_Eval.runs/impl_1/SOC_TOP_V2.bit} [get_hw_devices xc7z020_1]
program_hw_devices [get_hw_devices xc7z020_1]
INFO: [Labtools 27-3164] End of startup status: HIGH
refresh_hw_device [lindex [get_hw_devices xc7z020_1] 0]
INFO: [Labtools 27-2302] Device xc7z020 (JTAG device index = 1) is programmed with a design that has 1 ILA core(s).
display_hw_ila_data [ get_hw_ila_data hw_ila_data_1 -of_objects [get_hw_ilas -of_objects [get_hw_devices xc7z020_1] -filter {CELL_NAME=~"ILA"}]]
add_wave -into {hw_ila_data_1.wcfg} -radix hex { {EXP_IBUF_3} }
add_wave -into {hw_ila_data_1.wcfg} -radix hex { {EXP_IBUF_2} }
add_wave -into {hw_ila_data_1.wcfg} -radix hex { {EXP_IBUF_1} }
run_hw_ila [get_hw_ilas -of_objects [get_hw_devices xc7z020_1] -filter {CELL_NAME=~"ILA"}]
INFO: [Labtools 27-1964] The ILA core 'hw_ila_1' trigger was armed at 2023-Feb-21 19:26:40
wait_on_hw_ila [get_hw_ilas -of_objects [get_hw_devices xc7z020_1] -filter {CELL_NAME=~"ILA"}]
display_hw_ila_data [upload_hw_ila_data [get_hw_ilas -of_objects [get_hw_devices xc7z020_1] -filter {CELL_NAME=~"ILA"}]]
INFO: [Labtools 27-1966] The ILA core 'hw_ila_1' triggered at 2023-Feb-21 19:26:40
INFO: [Labtools 27-3304] ILA Waveform data saved to file D:/WHUT/FPGA/EXERCISE/PYNQ-Z2/ARM_SOC/CortexM3_Eval_V2/CortexM3_Eval.hw/backup/hw_ila_data_1.ila. Use Tcl command 'read_hw_ila_data' or Vivado File->Import->Import ILA Data menu item to import the previously saved data.
run_hw_ila [get_hw_ilas -of_objects [get_hw_devices xc7z020_1] -filter {CELL_NAME=~"ILA"}]
INFO: [Labtools 27-1964] The ILA core 'hw_ila_1' trigger was armed at 2023-Feb-21 19:26:44
wait_on_hw_ila [get_hw_ilas -of_objects [get_hw_devices xc7z020_1] -filter {CELL_NAME=~"ILA"}]
display_hw_ila_data [upload_hw_ila_data [get_hw_ilas -of_objects [get_hw_devices xc7z020_1] -filter {CELL_NAME=~"ILA"}]]
INFO: [Labtools 27-1966] The ILA core 'hw_ila_1' triggered at 2023-Feb-21 19:26:44
INFO: [Labtools 27-3304] ILA Waveform data saved to file D:/WHUT/FPGA/EXERCISE/PYNQ-Z2/ARM_SOC/CortexM3_Eval_V2/CortexM3_Eval.hw/backup/hw_ila_data_1.ila. Use Tcl command 'read_hw_ila_data' or Vivado File->Import->Import ILA Data menu item to import the previously saved data.
run_hw_ila [get_hw_ilas -of_objects [get_hw_devices xc7z020_1] -filter {CELL_NAME=~"ILA"}]
INFO: [Labtools 27-1964] The ILA core 'hw_ila_1' trigger was armed at 2023-Feb-21 19:26:47
wait_on_hw_ila [get_hw_ilas -of_objects [get_hw_devices xc7z020_1] -filter {CELL_NAME=~"ILA"}]
display_hw_ila_data [upload_hw_ila_data [get_hw_ilas -of_objects [get_hw_devices xc7z020_1] -filter {CELL_NAME=~"ILA"}]]
INFO: [Labtools 27-1966] The ILA core 'hw_ila_1' triggered at 2023-Feb-21 19:26:47
INFO: [Labtools 27-3304] ILA Waveform data saved to file D:/WHUT/FPGA/EXERCISE/PYNQ-Z2/ARM_SOC/CortexM3_Eval_V2/CortexM3_Eval.hw/backup/hw_ila_data_1.ila. Use Tcl command 'read_hw_ila_data' or Vivado File->Import->Import ILA Data menu item to import the previously saved data.
run_hw_ila [get_hw_ilas -of_objects [get_hw_devices xc7z020_1] -filter {CELL_NAME=~"ILA"}]
INFO: [Labtools 27-1964] The ILA core 'hw_ila_1' trigger was armed at 2023-Feb-21 19:26:51
wait_on_hw_ila [get_hw_ilas -of_objects [get_hw_devices xc7z020_1] -filter {CELL_NAME=~"ILA"}]
display_hw_ila_data [upload_hw_ila_data [get_hw_ilas -of_objects [get_hw_devices xc7z020_1] -filter {CELL_NAME=~"ILA"}]]
INFO: [Labtools 27-1966] The ILA core 'hw_ila_1' triggered at 2023-Feb-21 19:26:51
INFO: [Labtools 27-3304] ILA Waveform data saved to file D:/WHUT/FPGA/EXERCISE/PYNQ-Z2/ARM_SOC/CortexM3_Eval_V2/CortexM3_Eval.hw/backup/hw_ila_data_1.ila. Use Tcl command 'read_hw_ila_data' or Vivado File->Import->Import ILA Data menu item to import the previously saved data.
run_hw_ila [get_hw_ilas -of_objects [get_hw_devices xc7z020_1] -filter {CELL_NAME=~"ILA"}]
INFO: [Labtools 27-1964] The ILA core 'hw_ila_1' trigger was armed at 2023-Feb-21 19:26:55
wait_on_hw_ila [get_hw_ilas -of_objects [get_hw_devices xc7z020_1] -filter {CELL_NAME=~"ILA"}]
display_hw_ila_data [upload_hw_ila_data [get_hw_ilas -of_objects [get_hw_devices xc7z020_1] -filter {CELL_NAME=~"ILA"}]]
INFO: [Labtools 27-1966] The ILA core 'hw_ila_1' triggered at 2023-Feb-21 19:26:55
INFO: [Labtools 27-3304] ILA Waveform data saved to file D:/WHUT/FPGA/EXERCISE/PYNQ-Z2/ARM_SOC/CortexM3_Eval_V2/CortexM3_Eval.hw/backup/hw_ila_data_1.ila. Use Tcl command 'read_hw_ila_data' or Vivado File->Import->Import ILA Data menu item to import the previously saved data.
run_hw_ila [get_hw_ilas -of_objects [get_hw_devices xc7z020_1] -filter {CELL_NAME=~"ILA"}]
INFO: [Labtools 27-1964] The ILA core 'hw_ila_1' trigger was armed at 2023-Feb-21 19:26:58
wait_on_hw_ila [get_hw_ilas -of_objects [get_hw_devices xc7z020_1] -filter {CELL_NAME=~"ILA"}]
display_hw_ila_data [upload_hw_ila_data [get_hw_ilas -of_objects [get_hw_devices xc7z020_1] -filter {CELL_NAME=~"ILA"}]]
INFO: [Labtools 27-1966] The ILA core 'hw_ila_1' triggered at 2023-Feb-21 19:26:58
INFO: [Labtools 27-3304] ILA Waveform data saved to file D:/WHUT/FPGA/EXERCISE/PYNQ-Z2/ARM_SOC/CortexM3_Eval_V2/CortexM3_Eval.hw/backup/hw_ila_data_1.ila. Use Tcl command 'read_hw_ila_data' or Vivado File->Import->Import ILA Data menu item to import the previously saved data.
run_hw_ila [get_hw_ilas -of_objects [get_hw_devices xc7z020_1] -filter {CELL_NAME=~"ILA"}]
INFO: [Labtools 27-1964] The ILA core 'hw_ila_1' trigger was armed at 2023-Feb-21 19:27:02
wait_on_hw_ila [get_hw_ilas -of_objects [get_hw_devices xc7z020_1] -filter {CELL_NAME=~"ILA"}]
display_hw_ila_data [upload_hw_ila_data [get_hw_ilas -of_objects [get_hw_devices xc7z020_1] -filter {CELL_NAME=~"ILA"}]]
INFO: [Labtools 27-1966] The ILA core 'hw_ila_1' triggered at 2023-Feb-21 19:27:02
INFO: [Labtools 27-3304] ILA Waveform data saved to file D:/WHUT/FPGA/EXERCISE/PYNQ-Z2/ARM_SOC/CortexM3_Eval_V2/CortexM3_Eval.hw/backup/hw_ila_data_1.ila. Use Tcl command 'read_hw_ila_data' or Vivado File->Import->Import ILA Data menu item to import the previously saved data.
run_hw_ila [get_hw_ilas -of_objects [get_hw_devices xc7z020_1] -filter {CELL_NAME=~"ILA"}]
INFO: [Labtools 27-1964] The ILA core 'hw_ila_1' trigger was armed at 2023-Feb-21 19:27:05
wait_on_hw_ila [get_hw_ilas -of_objects [get_hw_devices xc7z020_1] -filter {CELL_NAME=~"ILA"}]
display_hw_ila_data [upload_hw_ila_data [get_hw_ilas -of_objects [get_hw_devices xc7z020_1] -filter {CELL_NAME=~"ILA"}]]
INFO: [Labtools 27-1966] The ILA core 'hw_ila_1' triggered at 2023-Feb-21 19:27:05
INFO: [Labtools 27-3304] ILA Waveform data saved to file D:/WHUT/FPGA/EXERCISE/PYNQ-Z2/ARM_SOC/CortexM3_Eval_V2/CortexM3_Eval.hw/backup/hw_ila_data_1.ila. Use Tcl command 'read_hw_ila_data' or Vivado File->Import->Import ILA Data menu item to import the previously saved data.
run_hw_ila [get_hw_ilas -of_objects [get_hw_devices xc7z020_1] -filter {CELL_NAME=~"ILA"}]
INFO: [Labtools 27-1964] The ILA core 'hw_ila_1' trigger was armed at 2023-Feb-21 19:27:09
wait_on_hw_ila [get_hw_ilas -of_objects [get_hw_devices xc7z020_1] -filter {CELL_NAME=~"ILA"}]
display_hw_ila_data [upload_hw_ila_data [get_hw_ilas -of_objects [get_hw_devices xc7z020_1] -filter {CELL_NAME=~"ILA"}]]
INFO: [Labtools 27-1966] The ILA core 'hw_ila_1' triggered at 2023-Feb-21 19:27:09
INFO: [Labtools 27-3304] ILA Waveform data saved to file D:/WHUT/FPGA/EXERCISE/PYNQ-Z2/ARM_SOC/CortexM3_Eval_V2/CortexM3_Eval.hw/backup/hw_ila_data_1.ila. Use Tcl command 'read_hw_ila_data' or Vivado File->Import->Import ILA Data menu item to import the previously saved data.
run_hw_ila [get_hw_ilas -of_objects [get_hw_devices xc7z020_1] -filter {CELL_NAME=~"ILA"}]
INFO: [Labtools 27-1964] The ILA core 'hw_ila_1' trigger was armed at 2023-Feb-21 19:27:12
wait_on_hw_ila [get_hw_ilas -of_objects [get_hw_devices xc7z020_1] -filter {CELL_NAME=~"ILA"}]
display_hw_ila_data [upload_hw_ila_data [get_hw_ilas -of_objects [get_hw_devices xc7z020_1] -filter {CELL_NAME=~"ILA"}]]
INFO: [Labtools 27-1966] The ILA core 'hw_ila_1' triggered at 2023-Feb-21 19:27:12
INFO: [Labtools 27-3304] ILA Waveform data saved to file D:/WHUT/FPGA/EXERCISE/PYNQ-Z2/ARM_SOC/CortexM3_Eval_V2/CortexM3_Eval.hw/backup/hw_ila_data_1.ila. Use Tcl command 'read_hw_ila_data' or Vivado File->Import->Import ILA Data menu item to import the previously saved data.
run_hw_ila [get_hw_ilas -of_objects [get_hw_devices xc7z020_1] -filter {CELL_NAME=~"ILA"}]
INFO: [Labtools 27-1964] The ILA core 'hw_ila_1' trigger was armed at 2023-Feb-21 19:27:16
wait_on_hw_ila [get_hw_ilas -of_objects [get_hw_devices xc7z020_1] -filter {CELL_NAME=~"ILA"}]
display_hw_ila_data [upload_hw_ila_data [get_hw_ilas -of_objects [get_hw_devices xc7z020_1] -filter {CELL_NAME=~"ILA"}]]
INFO: [Labtools 27-1966] The ILA core 'hw_ila_1' triggered at 2023-Feb-21 19:27:16
INFO: [Labtools 27-3304] ILA Waveform data saved to file D:/WHUT/FPGA/EXERCISE/PYNQ-Z2/ARM_SOC/CortexM3_Eval_V2/CortexM3_Eval.hw/backup/hw_ila_data_1.ila. Use Tcl command 'read_hw_ila_data' or Vivado File->Import->Import ILA Data menu item to import the previously saved data.
run_hw_ila [get_hw_ilas -of_objects [get_hw_devices xc7z020_1] -filter {CELL_NAME=~"ILA"}]
INFO: [Labtools 27-1964] The ILA core 'hw_ila_1' trigger was armed at 2023-Feb-21 19:27:19
wait_on_hw_ila [get_hw_ilas -of_objects [get_hw_devices xc7z020_1] -filter {CELL_NAME=~"ILA"}]
display_hw_ila_data [upload_hw_ila_data [get_hw_ilas -of_objects [get_hw_devices xc7z020_1] -filter {CELL_NAME=~"ILA"}]]
INFO: [Labtools 27-1966] The ILA core 'hw_ila_1' triggered at 2023-Feb-21 19:27:19
INFO: [Labtools 27-3304] ILA Waveform data saved to file D:/WHUT/FPGA/EXERCISE/PYNQ-Z2/ARM_SOC/CortexM3_Eval_V2/CortexM3_Eval.hw/backup/hw_ila_data_1.ila. Use Tcl command 'read_hw_ila_data' or Vivado File->Import->Import ILA Data menu item to import the previously saved data.
run_hw_ila [get_hw_ilas -of_objects [get_hw_devices xc7z020_1] -filter {CELL_NAME=~"ILA"}]
INFO: [Labtools 27-1964] The ILA core 'hw_ila_1' trigger was armed at 2023-Feb-21 19:27:22
wait_on_hw_ila [get_hw_ilas -of_objects [get_hw_devices xc7z020_1] -filter {CELL_NAME=~"ILA"}]
display_hw_ila_data [upload_hw_ila_data [get_hw_ilas -of_objects [get_hw_devices xc7z020_1] -filter {CELL_NAME=~"ILA"}]]
INFO: [Labtools 27-1966] The ILA core 'hw_ila_1' triggered at 2023-Feb-21 19:27:22
INFO: [Labtools 27-3304] ILA Waveform data saved to file D:/WHUT/FPGA/EXERCISE/PYNQ-Z2/ARM_SOC/CortexM3_Eval_V2/CortexM3_Eval.hw/backup/hw_ila_data_1.ila. Use Tcl command 'read_hw_ila_data' or Vivado File->Import->Import ILA Data menu item to import the previously saved data.
run_hw_ila [get_hw_ilas -of_objects [get_hw_devices xc7z020_1] -filter {CELL_NAME=~"ILA"}]
INFO: [Labtools 27-1964] The ILA core 'hw_ila_1' trigger was armed at 2023-Feb-21 19:27:26
wait_on_hw_ila [get_hw_ilas -of_objects [get_hw_devices xc7z020_1] -filter {CELL_NAME=~"ILA"}]
display_hw_ila_data [upload_hw_ila_data [get_hw_ilas -of_objects [get_hw_devices xc7z020_1] -filter {CELL_NAME=~"ILA"}]]
INFO: [Labtools 27-1966] The ILA core 'hw_ila_1' triggered at 2023-Feb-21 19:27:26
INFO: [Labtools 27-3304] ILA Waveform data saved to file D:/WHUT/FPGA/EXERCISE/PYNQ-Z2/ARM_SOC/CortexM3_Eval_V2/CortexM3_Eval.hw/backup/hw_ila_data_1.ila. Use Tcl command 'read_hw_ila_data' or Vivado File->Import->Import ILA Data menu item to import the previously saved data.
run_hw_ila [get_hw_ilas -of_objects [get_hw_devices xc7z020_1] -filter {CELL_NAME=~"ILA"}]
ERROR: [Xicom 50-38] xicom: Unable to connect to debug core(s) on the target device. Check cable connectivity and that the target board is powered up then use the disconnect_hw_server and connect_hw_server to re-initialize the hardware target. Use open_hw_target to re-register the hardware device.
ERROR: [Xicom 50-38] xicom: Unable to connect to debug core(s) on the target device. Check cable connectivity and that the target board is powered up then use the disconnect_hw_server and connect_hw_server to re-initialize the hardware target. Use open_hw_target to re-register the hardware device.
ERROR: [Xicom 50-38] xicom: Unable to connect to debug core(s) on the target device. Check cable connectivity and that the target board is powered up then use the disconnect_hw_server and connect_hw_server to re-initialize the hardware target. Use open_hw_target to re-register the hardware device.
ERROR: [Xicom 50-38] xicom: Unable to connect to debug core(s) on the target device. Check cable connectivity and that the target board is powered up then use the disconnect_hw_server and connect_hw_server to re-initialize the hardware target. Use open_hw_target to re-register the hardware device.
ERROR: [Xicom 50-38] xicom: Unable to connect to debug core(s) on the target device. Check cable connectivity and that the target board is powered up then use the disconnect_hw_server and connect_hw_server to re-initialize the hardware target. Use open_hw_target to re-register the hardware device.
ERROR: [Labtools 27-3176] hw_server failed during internal command.
Resolution: Check that the hw_server is running and the hardware connectivity to the target
set_property CONTROL.TRIGGER_POSITION 16383 [get_hw_ilas -of_objects [get_hw_devices xc7z020_1] -filter {CELL_NAME=~"ILA"}]
ERROR: [Labtoolstcl 44-513] HW Target shutdown. Closing target: localhost:3121/xilinx_tcf/Xilinx/1234-tulA
disconnect_hw_server localhost:3121
connect_hw_server
INFO: [Labtools 27-2285] Connecting to hw_server url TCP:localhost:3121
open_hw_target
INFO: [Labtoolstcl 44-466] Opening hw_target localhost:3121/xilinx_tcf/Xilinx/1234-tulA
ERROR: [Labtools 27-2269] No devices detected on target localhost:3121/xilinx_tcf/Xilinx/1234-tulA.
Check cable connectivity and that the target board is powered up then
use the disconnect_hw_server and connect_hw_server to re-register this hardware target.
ERROR: [Common 17-39] 'open_hw_target' failed due to earlier errors.
ERROR: [Labtoolstcl 44-513] HW Target shutdown. Closing target: localhost:3121/xilinx_tcf/Xilinx/1234-tulA
INFO: [Labtoolstcl 44-466] Opening hw_target localhost:3121/xilinx_tcf/Xilinx/1234-tulA
WARNING: [Labtoolstcl 44-129] No matching hw_ila_data was found.
INFO: [Labtools 27-1435] Device xc7z020 (JTAG device index = 1) is not programmed (DONE status = 0).
WARNING: [Labtoolstcl 44-129] No matching hw_ila_data was found.
set_property PROBES.FILE {D:/WHUT/FPGA/EXERCISE/PYNQ-Z2/ARM_SOC/CortexM3_Eval_V2/CortexM3_Eval.runs/impl_1/SOC_TOP_V2.ltx} [get_hw_devices xc7z020_1]
set_property FULL_PROBES.FILE {D:/WHUT/FPGA/EXERCISE/PYNQ-Z2/ARM_SOC/CortexM3_Eval_V2/CortexM3_Eval.runs/impl_1/SOC_TOP_V2.ltx} [get_hw_devices xc7z020_1]
set_property PROGRAM.FILE {D:/WHUT/FPGA/EXERCISE/PYNQ-Z2/ARM_SOC/CortexM3_Eval_V2/CortexM3_Eval.runs/impl_1/SOC_TOP_V2.bit} [get_hw_devices xc7z020_1]
program_hw_devices [get_hw_devices xc7z020_1]
INFO: [Labtools 27-3164] End of startup status: HIGH
refresh_hw_device [lindex [get_hw_devices xc7z020_1] 0]
INFO: [Labtools 27-2302] Device xc7z020 (JTAG device index = 1) is programmed with a design that has 1 ILA core(s).
display_hw_ila_data [ get_hw_ila_data hw_ila_data_1 -of_objects [get_hw_ilas -of_objects [get_hw_devices xc7z020_1] -filter {CELL_NAME=~"ILA"}]]
run_hw_ila [get_hw_ilas -of_objects [get_hw_devices xc7z020_1] -filter {CELL_NAME=~"ILA"}]
INFO: [Labtools 27-1964] The ILA core 'hw_ila_1' trigger was armed at 2023-Feb-21 19:28:20
wait_on_hw_ila [get_hw_ilas -of_objects [get_hw_devices xc7z020_1] -filter {CELL_NAME=~"ILA"}]
display_hw_ila_data [upload_hw_ila_data [get_hw_ilas -of_objects [get_hw_devices xc7z020_1] -filter {CELL_NAME=~"ILA"}]]
INFO: [Labtools 27-1966] The ILA core 'hw_ila_1' triggered at 2023-Feb-21 19:28:20
INFO: [Labtools 27-3304] ILA Waveform data saved to file D:/WHUT/FPGA/EXERCISE/PYNQ-Z2/ARM_SOC/CortexM3_Eval_V2/CortexM3_Eval.hw/backup/hw_ila_data_1.ila. Use Tcl command 'read_hw_ila_data' or Vivado File->Import->Import ILA Data menu item to import the previously saved data.
set_property CONTROL.TRIGGER_POSITION 2 [get_hw_ilas -of_objects [get_hw_devices xc7z020_1] -filter {CELL_NAME=~"ILA"}]
run_hw_ila [get_hw_ilas -of_objects [get_hw_devices xc7z020_1] -filter {CELL_NAME=~"ILA"}]
INFO: [Labtools 27-1964] The ILA core 'hw_ila_1' trigger was armed at 2023-Feb-21 19:28:46
wait_on_hw_ila [get_hw_ilas -of_objects [get_hw_devices xc7z020_1] -filter {CELL_NAME=~"ILA"}]
display_hw_ila_data [upload_hw_ila_data [get_hw_ilas -of_objects [get_hw_devices xc7z020_1] -filter {CELL_NAME=~"ILA"}]]
INFO: [Labtools 27-1966] The ILA core 'hw_ila_1' triggered at 2023-Feb-21 19:28:46
INFO: [Labtools 27-3304] ILA Waveform data saved to file D:/WHUT/FPGA/EXERCISE/PYNQ-Z2/ARM_SOC/CortexM3_Eval_V2/CortexM3_Eval.hw/backup/hw_ila_data_1.ila. Use Tcl command 'read_hw_ila_data' or Vivado File->Import->Import ILA Data menu item to import the previously saved data.
run_hw_ila [get_hw_ilas -of_objects [get_hw_devices xc7z020_1] -filter {CELL_NAME=~"ILA"}]
INFO: [Labtools 27-1964] The ILA core 'hw_ila_1' trigger was armed at 2023-Feb-21 19:28:50
wait_on_hw_ila [get_hw_ilas -of_objects [get_hw_devices xc7z020_1] -filter {CELL_NAME=~"ILA"}]
display_hw_ila_data [upload_hw_ila_data [get_hw_ilas -of_objects [get_hw_devices xc7z020_1] -filter {CELL_NAME=~"ILA"}]]
INFO: [Labtools 27-1966] The ILA core 'hw_ila_1' triggered at 2023-Feb-21 19:28:50
INFO: [Labtools 27-3304] ILA Waveform data saved to file D:/WHUT/FPGA/EXERCISE/PYNQ-Z2/ARM_SOC/CortexM3_Eval_V2/CortexM3_Eval.hw/backup/hw_ila_data_1.ila. Use Tcl command 'read_hw_ila_data' or Vivado File->Import->Import ILA Data menu item to import the previously saved data.
run_hw_ila [get_hw_ilas -of_objects [get_hw_devices xc7z020_1] -filter {CELL_NAME=~"ILA"}]
INFO: [Labtools 27-1964] The ILA core 'hw_ila_1' trigger was armed at 2023-Feb-21 19:28:54
wait_on_hw_ila [get_hw_ilas -of_objects [get_hw_devices xc7z020_1] -filter {CELL_NAME=~"ILA"}]
display_hw_ila_data [upload_hw_ila_data [get_hw_ilas -of_objects [get_hw_devices xc7z020_1] -filter {CELL_NAME=~"ILA"}]]
INFO: [Labtools 27-1966] The ILA core 'hw_ila_1' triggered at 2023-Feb-21 19:28:54
INFO: [Labtools 27-3304] ILA Waveform data saved to file D:/WHUT/FPGA/EXERCISE/PYNQ-Z2/ARM_SOC/CortexM3_Eval_V2/CortexM3_Eval.hw/backup/hw_ila_data_1.ila. Use Tcl command 'read_hw_ila_data' or Vivado File->Import->Import ILA Data menu item to import the previously saved data.
run_hw_ila [get_hw_ilas -of_objects [get_hw_devices xc7z020_1] -filter {CELL_NAME=~"ILA"}]
INFO: [Labtools 27-1964] The ILA core 'hw_ila_1' trigger was armed at 2023-Feb-21 19:28:57
wait_on_hw_ila [get_hw_ilas -of_objects [get_hw_devices xc7z020_1] -filter {CELL_NAME=~"ILA"}]
display_hw_ila_data [upload_hw_ila_data [get_hw_ilas -of_objects [get_hw_devices xc7z020_1] -filter {CELL_NAME=~"ILA"}]]
INFO: [Labtools 27-1966] The ILA core 'hw_ila_1' triggered at 2023-Feb-21 19:28:57
INFO: [Labtools 27-3304] ILA Waveform data saved to file D:/WHUT/FPGA/EXERCISE/PYNQ-Z2/ARM_SOC/CortexM3_Eval_V2/CortexM3_Eval.hw/backup/hw_ila_data_1.ila. Use Tcl command 'read_hw_ila_data' or Vivado File->Import->Import ILA Data menu item to import the previously saved data.
run_hw_ila [get_hw_ilas -of_objects [get_hw_devices xc7z020_1] -filter {CELL_NAME=~"ILA"}]
INFO: [Labtools 27-1964] The ILA core 'hw_ila_1' trigger was armed at 2023-Feb-21 19:29:01
wait_on_hw_ila [get_hw_ilas -of_objects [get_hw_devices xc7z020_1] -filter {CELL_NAME=~"ILA"}]
display_hw_ila_data [upload_hw_ila_data [get_hw_ilas -of_objects [get_hw_devices xc7z020_1] -filter {CELL_NAME=~"ILA"}]]
INFO: [Labtools 27-1966] The ILA core 'hw_ila_1' triggered at 2023-Feb-21 19:29:01
INFO: [Labtools 27-3304] ILA Waveform data saved to file D:/WHUT/FPGA/EXERCISE/PYNQ-Z2/ARM_SOC/CortexM3_Eval_V2/CortexM3_Eval.hw/backup/hw_ila_data_1.ila. Use Tcl command 'read_hw_ila_data' or Vivado File->Import->Import ILA Data menu item to import the previously saved data.
run_hw_ila [get_hw_ilas -of_objects [get_hw_devices xc7z020_1] -filter {CELL_NAME=~"ILA"}]
INFO: [Labtools 27-1964] The ILA core 'hw_ila_1' trigger was armed at 2023-Feb-21 19:29:04
wait_on_hw_ila [get_hw_ilas -of_objects [get_hw_devices xc7z020_1] -filter {CELL_NAME=~"ILA"}]
display_hw_ila_data [upload_hw_ila_data [get_hw_ilas -of_objects [get_hw_devices xc7z020_1] -filter {CELL_NAME=~"ILA"}]]
INFO: [Labtools 27-1966] The ILA core 'hw_ila_1' triggered at 2023-Feb-21 19:29:04
INFO: [Labtools 27-3304] ILA Waveform data saved to file D:/WHUT/FPGA/EXERCISE/PYNQ-Z2/ARM_SOC/CortexM3_Eval_V2/CortexM3_Eval.hw/backup/hw_ila_data_1.ila. Use Tcl command 'read_hw_ila_data' or Vivado File->Import->Import ILA Data menu item to import the previously saved data.
run_hw_ila [get_hw_ilas -of_objects [get_hw_devices xc7z020_1] -filter {CELL_NAME=~"ILA"}]
INFO: [Labtools 27-1964] The ILA core 'hw_ila_1' trigger was armed at 2023-Feb-21 19:29:08
wait_on_hw_ila [get_hw_ilas -of_objects [get_hw_devices xc7z020_1] -filter {CELL_NAME=~"ILA"}]
display_hw_ila_data [upload_hw_ila_data [get_hw_ilas -of_objects [get_hw_devices xc7z020_1] -filter {CELL_NAME=~"ILA"}]]
INFO: [Labtools 27-1966] The ILA core 'hw_ila_1' triggered at 2023-Feb-21 19:29:08
INFO: [Labtools 27-3304] ILA Waveform data saved to file D:/WHUT/FPGA/EXERCISE/PYNQ-Z2/ARM_SOC/CortexM3_Eval_V2/CortexM3_Eval.hw/backup/hw_ila_data_1.ila. Use Tcl command 'read_hw_ila_data' or Vivado File->Import->Import ILA Data menu item to import the previously saved data.
run_hw_ila [get_hw_ilas -of_objects [get_hw_devices xc7z020_1] -filter {CELL_NAME=~"ILA"}]
INFO: [Labtools 27-1964] The ILA core 'hw_ila_1' trigger was armed at 2023-Feb-21 19:29:11
wait_on_hw_ila [get_hw_ilas -of_objects [get_hw_devices xc7z020_1] -filter {CELL_NAME=~"ILA"}]
display_hw_ila_data [upload_hw_ila_data [get_hw_ilas -of_objects [get_hw_devices xc7z020_1] -filter {CELL_NAME=~"ILA"}]]
INFO: [Labtools 27-1966] The ILA core 'hw_ila_1' triggered at 2023-Feb-21 19:29:11
INFO: [Labtools 27-3304] ILA Waveform data saved to file D:/WHUT/FPGA/EXERCISE/PYNQ-Z2/ARM_SOC/CortexM3_Eval_V2/CortexM3_Eval.hw/backup/hw_ila_data_1.ila. Use Tcl command 'read_hw_ila_data' or Vivado File->Import->Import ILA Data menu item to import the previously saved data.
run_hw_ila [get_hw_ilas -of_objects [get_hw_devices xc7z020_1] -filter {CELL_NAME=~"ILA"}]
INFO: [Labtools 27-1964] The ILA core 'hw_ila_1' trigger was armed at 2023-Feb-21 19:29:14
wait_on_hw_ila [get_hw_ilas -of_objects [get_hw_devices xc7z020_1] -filter {CELL_NAME=~"ILA"}]
display_hw_ila_data [upload_hw_ila_data [get_hw_ilas -of_objects [get_hw_devices xc7z020_1] -filter {CELL_NAME=~"ILA"}]]
INFO: [Labtools 27-1966] The ILA core 'hw_ila_1' triggered at 2023-Feb-21 19:29:14
INFO: [Labtools 27-3304] ILA Waveform data saved to file D:/WHUT/FPGA/EXERCISE/PYNQ-Z2/ARM_SOC/CortexM3_Eval_V2/CortexM3_Eval.hw/backup/hw_ila_data_1.ila. Use Tcl command 'read_hw_ila_data' or Vivado File->Import->Import ILA Data menu item to import the previously saved data.
run_hw_ila [get_hw_ilas -of_objects [get_hw_devices xc7z020_1] -filter {CELL_NAME=~"ILA"}]
INFO: [Labtools 27-1964] The ILA core 'hw_ila_1' trigger was armed at 2023-Feb-21 19:29:18
wait_on_hw_ila [get_hw_ilas -of_objects [get_hw_devices xc7z020_1] -filter {CELL_NAME=~"ILA"}]
display_hw_ila_data [upload_hw_ila_data [get_hw_ilas -of_objects [get_hw_devices xc7z020_1] -filter {CELL_NAME=~"ILA"}]]
INFO: [Labtools 27-1966] The ILA core 'hw_ila_1' triggered at 2023-Feb-21 19:29:18
INFO: [Labtools 27-3304] ILA Waveform data saved to file D:/WHUT/FPGA/EXERCISE/PYNQ-Z2/ARM_SOC/CortexM3_Eval_V2/CortexM3_Eval.hw/backup/hw_ila_data_1.ila. Use Tcl command 'read_hw_ila_data' or Vivado File->Import->Import ILA Data menu item to import the previously saved data.
run_hw_ila [get_hw_ilas -of_objects [get_hw_devices xc7z020_1] -filter {CELL_NAME=~"ILA"}]
INFO: [Labtools 27-1964] The ILA core 'hw_ila_1' trigger was armed at 2023-Feb-21 19:29:21
wait_on_hw_ila [get_hw_ilas -of_objects [get_hw_devices xc7z020_1] -filter {CELL_NAME=~"ILA"}]
display_hw_ila_data [upload_hw_ila_data [get_hw_ilas -of_objects [get_hw_devices xc7z020_1] -filter {CELL_NAME=~"ILA"}]]
INFO: [Labtools 27-1966] The ILA core 'hw_ila_1' triggered at 2023-Feb-21 19:29:21
INFO: [Labtools 27-3304] ILA Waveform data saved to file D:/WHUT/FPGA/EXERCISE/PYNQ-Z2/ARM_SOC/CortexM3_Eval_V2/CortexM3_Eval.hw/backup/hw_ila_data_1.ila. Use Tcl command 'read_hw_ila_data' or Vivado File->Import->Import ILA Data menu item to import the previously saved data.
run_hw_ila [get_hw_ilas -of_objects [get_hw_devices xc7z020_1] -filter {CELL_NAME=~"ILA"}]
INFO: [Labtools 27-1964] The ILA core 'hw_ila_1' trigger was armed at 2023-Feb-21 19:29:25
wait_on_hw_ila [get_hw_ilas -of_objects [get_hw_devices xc7z020_1] -filter {CELL_NAME=~"ILA"}]
display_hw_ila_data [upload_hw_ila_data [get_hw_ilas -of_objects [get_hw_devices xc7z020_1] -filter {CELL_NAME=~"ILA"}]]
INFO: [Labtools 27-1966] The ILA core 'hw_ila_1' triggered at 2023-Feb-21 19:29:25
INFO: [Labtools 27-3304] ILA Waveform data saved to file D:/WHUT/FPGA/EXERCISE/PYNQ-Z2/ARM_SOC/CortexM3_Eval_V2/CortexM3_Eval.hw/backup/hw_ila_data_1.ila. Use Tcl command 'read_hw_ila_data' or Vivado File->Import->Import ILA Data menu item to import the previously saved data.
run_hw_ila [get_hw_ilas -of_objects [get_hw_devices xc7z020_1] -filter {CELL_NAME=~"ILA"}]
INFO: [Labtools 27-1964] The ILA core 'hw_ila_1' trigger was armed at 2023-Feb-21 19:29:28
wait_on_hw_ila [get_hw_ilas -of_objects [get_hw_devices xc7z020_1] -filter {CELL_NAME=~"ILA"}]
display_hw_ila_data [upload_hw_ila_data [get_hw_ilas -of_objects [get_hw_devices xc7z020_1] -filter {CELL_NAME=~"ILA"}]]
INFO: [Labtools 27-1966] The ILA core 'hw_ila_1' triggered at 2023-Feb-21 19:29:28
INFO: [Labtools 27-3304] ILA Waveform data saved to file D:/WHUT/FPGA/EXERCISE/PYNQ-Z2/ARM_SOC/CortexM3_Eval_V2/CortexM3_Eval.hw/backup/hw_ila_data_1.ila. Use Tcl command 'read_hw_ila_data' or Vivado File->Import->Import ILA Data menu item to import the previously saved data.
run_hw_ila [get_hw_ilas -of_objects [get_hw_devices xc7z020_1] -filter {CELL_NAME=~"ILA"}]
INFO: [Labtools 27-1964] The ILA core 'hw_ila_1' trigger was armed at 2023-Feb-21 19:29:34
wait_on_hw_ila [get_hw_ilas -of_objects [get_hw_devices xc7z020_1] -filter {CELL_NAME=~"ILA"}]
display_hw_ila_data [upload_hw_ila_data [get_hw_ilas -of_objects [get_hw_devices xc7z020_1] -filter {CELL_NAME=~"ILA"}]]
INFO: [Labtools 27-1966] The ILA core 'hw_ila_1' triggered at 2023-Feb-21 19:29:34
INFO: [Labtools 27-3304] ILA Waveform data saved to file D:/WHUT/FPGA/EXERCISE/PYNQ-Z2/ARM_SOC/CortexM3_Eval_V2/CortexM3_Eval.hw/backup/hw_ila_data_1.ila. Use Tcl command 'read_hw_ila_data' or Vivado File->Import->Import ILA Data menu item to import the previously saved data.
run_hw_ila [get_hw_ilas -of_objects [get_hw_devices xc7z020_1] -filter {CELL_NAME=~"ILA"}]
INFO: [Labtools 27-1964] The ILA core 'hw_ila_1' trigger was armed at 2023-Feb-21 19:29:37
wait_on_hw_ila [get_hw_ilas -of_objects [get_hw_devices xc7z020_1] -filter {CELL_NAME=~"ILA"}]
display_hw_ila_data [upload_hw_ila_data [get_hw_ilas -of_objects [get_hw_devices xc7z020_1] -filter {CELL_NAME=~"ILA"}]]
INFO: [Labtools 27-1966] The ILA core 'hw_ila_1' triggered at 2023-Feb-21 19:29:37
INFO: [Labtools 27-3304] ILA Waveform data saved to file D:/WHUT/FPGA/EXERCISE/PYNQ-Z2/ARM_SOC/CortexM3_Eval_V2/CortexM3_Eval.hw/backup/hw_ila_data_1.ila. Use Tcl command 'read_hw_ila_data' or Vivado File->Import->Import ILA Data menu item to import the previously saved data.
run_hw_ila [get_hw_ilas -of_objects [get_hw_devices xc7z020_1] -filter {CELL_NAME=~"ILA"}]
INFO: [Labtools 27-1964] The ILA core 'hw_ila_1' trigger was armed at 2023-Feb-21 19:29:40
wait_on_hw_ila [get_hw_ilas -of_objects [get_hw_devices xc7z020_1] -filter {CELL_NAME=~"ILA"}]
display_hw_ila_data [upload_hw_ila_data [get_hw_ilas -of_objects [get_hw_devices xc7z020_1] -filter {CELL_NAME=~"ILA"}]]
INFO: [Labtools 27-1966] The ILA core 'hw_ila_1' triggered at 2023-Feb-21 19:29:40
INFO: [Labtools 27-3304] ILA Waveform data saved to file D:/WHUT/FPGA/EXERCISE/PYNQ-Z2/ARM_SOC/CortexM3_Eval_V2/CortexM3_Eval.hw/backup/hw_ila_data_1.ila. Use Tcl command 'read_hw_ila_data' or Vivado File->Import->Import ILA Data menu item to import the previously saved data.
run_hw_ila [get_hw_ilas -of_objects [get_hw_devices xc7z020_1] -filter {CELL_NAME=~"ILA"}]
INFO: [Labtools 27-1964] The ILA core 'hw_ila_1' trigger was armed at 2023-Feb-21 19:29:44
wait_on_hw_ila [get_hw_ilas -of_objects [get_hw_devices xc7z020_1] -filter {CELL_NAME=~"ILA"}]
display_hw_ila_data [upload_hw_ila_data [get_hw_ilas -of_objects [get_hw_devices xc7z020_1] -filter {CELL_NAME=~"ILA"}]]
INFO: [Labtools 27-1966] The ILA core 'hw_ila_1' triggered at 2023-Feb-21 19:29:44
INFO: [Labtools 27-3304] ILA Waveform data saved to file D:/WHUT/FPGA/EXERCISE/PYNQ-Z2/ARM_SOC/CortexM3_Eval_V2/CortexM3_Eval.hw/backup/hw_ila_data_1.ila. Use Tcl command 'read_hw_ila_data' or Vivado File->Import->Import ILA Data menu item to import the previously saved data.
run_hw_ila [get_hw_ilas -of_objects [get_hw_devices xc7z020_1] -filter {CELL_NAME=~"ILA"}]
INFO: [Labtools 27-1964] The ILA core 'hw_ila_1' trigger was armed at 2023-Feb-21 19:29:47
wait_on_hw_ila [get_hw_ilas -of_objects [get_hw_devices xc7z020_1] -filter {CELL_NAME=~"ILA"}]
display_hw_ila_data [upload_hw_ila_data [get_hw_ilas -of_objects [get_hw_devices xc7z020_1] -filter {CELL_NAME=~"ILA"}]]
INFO: [Labtools 27-1966] The ILA core 'hw_ila_1' triggered at 2023-Feb-21 19:29:47
INFO: [Labtools 27-3304] ILA Waveform data saved to file D:/WHUT/FPGA/EXERCISE/PYNQ-Z2/ARM_SOC/CortexM3_Eval_V2/CortexM3_Eval.hw/backup/hw_ila_data_1.ila. Use Tcl command 'read_hw_ila_data' or Vivado File->Import->Import ILA Data menu item to import the previously saved data.
run_hw_ila [get_hw_ilas -of_objects [get_hw_devices xc7z020_1] -filter {CELL_NAME=~"ILA"}]
INFO: [Labtools 27-1964] The ILA core 'hw_ila_1' trigger was armed at 2023-Feb-21 19:29:51
wait_on_hw_ila [get_hw_ilas -of_objects [get_hw_devices xc7z020_1] -filter {CELL_NAME=~"ILA"}]
display_hw_ila_data [upload_hw_ila_data [get_hw_ilas -of_objects [get_hw_devices xc7z020_1] -filter {CELL_NAME=~"ILA"}]]
INFO: [Labtools 27-1966] The ILA core 'hw_ila_1' triggered at 2023-Feb-21 19:29:51
INFO: [Labtools 27-3304] ILA Waveform data saved to file D:/WHUT/FPGA/EXERCISE/PYNQ-Z2/ARM_SOC/CortexM3_Eval_V2/CortexM3_Eval.hw/backup/hw_ila_data_1.ila. Use Tcl command 'read_hw_ila_data' or Vivado File->Import->Import ILA Data menu item to import the previously saved data.
set_property CORE_REFRESH_RATE_MS 1 [get_hw_ilas -of_objects [get_hw_devices xc7z020_1] -filter {CELL_NAME=~"ILA"}]
set_property CONTROL.TRIGGER_POSITION 2000 [get_hw_ilas -of_objects [get_hw_devices xc7z020_1] -filter {CELL_NAME=~"ILA"}]
run_hw_ila [get_hw_ilas -of_objects [get_hw_devices xc7z020_1] -filter {CELL_NAME=~"ILA"}]
INFO: [Labtools 27-1964] The ILA core 'hw_ila_1' trigger was armed at 2023-Feb-21 19:31:52
wait_on_hw_ila [get_hw_ilas -of_objects [get_hw_devices xc7z020_1] -filter {CELL_NAME=~"ILA"}]
display_hw_ila_data [upload_hw_ila_data [get_hw_ilas -of_objects [get_hw_devices xc7z020_1] -filter {CELL_NAME=~"ILA"}]]
INFO: [Labtools 27-1966] The ILA core 'hw_ila_1' triggered at 2023-Feb-21 19:31:52
INFO: [Labtools 27-3304] ILA Waveform data saved to file D:/WHUT/FPGA/EXERCISE/PYNQ-Z2/ARM_SOC/CortexM3_Eval_V2/CortexM3_Eval.hw/backup/hw_ila_data_1.ila. Use Tcl command 'read_hw_ila_data' or Vivado File->Import->Import ILA Data menu item to import the previously saved data.
run_hw_ila [get_hw_ilas -of_objects [get_hw_devices xc7z020_1] -filter {CELL_NAME=~"ILA"}]
INFO: [Labtools 27-1964] The ILA core 'hw_ila_1' trigger was armed at 2023-Feb-21 19:34:06
wait_on_hw_ila [get_hw_ilas -of_objects [get_hw_devices xc7z020_1] -filter {CELL_NAME=~"ILA"}]
display_hw_ila_data [upload_hw_ila_data [get_hw_ilas -of_objects [get_hw_devices xc7z020_1] -filter {CELL_NAME=~"ILA"}]]
INFO: [Labtools 27-1966] The ILA core 'hw_ila_1' triggered at 2023-Feb-21 19:34:06
INFO: [Labtools 27-3304] ILA Waveform data saved to file D:/WHUT/FPGA/EXERCISE/PYNQ-Z2/ARM_SOC/CortexM3_Eval_V2/CortexM3_Eval.hw/backup/hw_ila_data_1.ila. Use Tcl command 'read_hw_ila_data' or Vivado File->Import->Import ILA Data menu item to import the previously saved data.
run_hw_ila [get_hw_ilas -of_objects [get_hw_devices xc7z020_1] -filter {CELL_NAME=~"ILA"}]
INFO: [Labtools 27-1964] The ILA core 'hw_ila_1' trigger was armed at 2023-Feb-21 19:34:10
wait_on_hw_ila [get_hw_ilas -of_objects [get_hw_devices xc7z020_1] -filter {CELL_NAME=~"ILA"}]
display_hw_ila_data [upload_hw_ila_data [get_hw_ilas -of_objects [get_hw_devices xc7z020_1] -filter {CELL_NAME=~"ILA"}]]
INFO: [Labtools 27-1966] The ILA core 'hw_ila_1' triggered at 2023-Feb-21 19:34:10
INFO: [Labtools 27-3304] ILA Waveform data saved to file D:/WHUT/FPGA/EXERCISE/PYNQ-Z2/ARM_SOC/CortexM3_Eval_V2/CortexM3_Eval.hw/backup/hw_ila_data_1.ila. Use Tcl command 'read_hw_ila_data' or Vivado File->Import->Import ILA Data menu item to import the previously saved data.
run_hw_ila [get_hw_ilas -of_objects [get_hw_devices xc7z020_1] -filter {CELL_NAME=~"ILA"}]
INFO: [Labtools 27-1964] The ILA core 'hw_ila_1' trigger was armed at 2023-Feb-21 19:34:13
wait_on_hw_ila [get_hw_ilas -of_objects [get_hw_devices xc7z020_1] -filter {CELL_NAME=~"ILA"}]
display_hw_ila_data [upload_hw_ila_data [get_hw_ilas -of_objects [get_hw_devices xc7z020_1] -filter {CELL_NAME=~"ILA"}]]
INFO: [Labtools 27-1966] The ILA core 'hw_ila_1' triggered at 2023-Feb-21 19:34:13
INFO: [Labtools 27-3304] ILA Waveform data saved to file D:/WHUT/FPGA/EXERCISE/PYNQ-Z2/ARM_SOC/CortexM3_Eval_V2/CortexM3_Eval.hw/backup/hw_ila_data_1.ila. Use Tcl command 'read_hw_ila_data' or Vivado File->Import->Import ILA Data menu item to import the previously saved data.
run_hw_ila [get_hw_ilas -of_objects [get_hw_devices xc7z020_1] -filter {CELL_NAME=~"ILA"}]
INFO: [Labtools 27-1964] The ILA core 'hw_ila_1' trigger was armed at 2023-Feb-21 19:34:17
wait_on_hw_ila [get_hw_ilas -of_objects [get_hw_devices xc7z020_1] -filter {CELL_NAME=~"ILA"}]
display_hw_ila_data [upload_hw_ila_data [get_hw_ilas -of_objects [get_hw_devices xc7z020_1] -filter {CELL_NAME=~"ILA"}]]
INFO: [Labtools 27-1966] The ILA core 'hw_ila_1' triggered at 2023-Feb-21 19:34:17
INFO: [Labtools 27-3304] ILA Waveform data saved to file D:/WHUT/FPGA/EXERCISE/PYNQ-Z2/ARM_SOC/CortexM3_Eval_V2/CortexM3_Eval.hw/backup/hw_ila_data_1.ila. Use Tcl command 'read_hw_ila_data' or Vivado File->Import->Import ILA Data menu item to import the previously saved data.
run_hw_ila [get_hw_ilas -of_objects [get_hw_devices xc7z020_1] -filter {CELL_NAME=~"ILA"}]
INFO: [Labtools 27-1964] The ILA core 'hw_ila_1' trigger was armed at 2023-Feb-21 19:34:20
wait_on_hw_ila [get_hw_ilas -of_objects [get_hw_devices xc7z020_1] -filter {CELL_NAME=~"ILA"}]
display_hw_ila_data [upload_hw_ila_data [get_hw_ilas -of_objects [get_hw_devices xc7z020_1] -filter {CELL_NAME=~"ILA"}]]
INFO: [Labtools 27-1966] The ILA core 'hw_ila_1' triggered at 2023-Feb-21 19:34:20
INFO: [Labtools 27-3304] ILA Waveform data saved to file D:/WHUT/FPGA/EXERCISE/PYNQ-Z2/ARM_SOC/CortexM3_Eval_V2/CortexM3_Eval.hw/backup/hw_ila_data_1.ila. Use Tcl command 'read_hw_ila_data' or Vivado File->Import->Import ILA Data menu item to import the previously saved data.
run_hw_ila [get_hw_ilas -of_objects [get_hw_devices xc7z020_1] -filter {CELL_NAME=~"ILA"}]
INFO: [Labtools 27-1964] The ILA core 'hw_ila_1' trigger was armed at 2023-Feb-21 19:34:24
wait_on_hw_ila [get_hw_ilas -of_objects [get_hw_devices xc7z020_1] -filter {CELL_NAME=~"ILA"}]
display_hw_ila_data [upload_hw_ila_data [get_hw_ilas -of_objects [get_hw_devices xc7z020_1] -filter {CELL_NAME=~"ILA"}]]
INFO: [Labtools 27-1966] The ILA core 'hw_ila_1' triggered at 2023-Feb-21 19:34:24
INFO: [Labtools 27-3304] ILA Waveform data saved to file D:/WHUT/FPGA/EXERCISE/PYNQ-Z2/ARM_SOC/CortexM3_Eval_V2/CortexM3_Eval.hw/backup/hw_ila_data_1.ila. Use Tcl command 'read_hw_ila_data' or Vivado File->Import->Import ILA Data menu item to import the previously saved data.
run_hw_ila [get_hw_ilas -of_objects [get_hw_devices xc7z020_1] -filter {CELL_NAME=~"ILA"}]
INFO: [Labtools 27-1964] The ILA core 'hw_ila_1' trigger was armed at 2023-Feb-21 19:34:27
wait_on_hw_ila [get_hw_ilas -of_objects [get_hw_devices xc7z020_1] -filter {CELL_NAME=~"ILA"}]
display_hw_ila_data [upload_hw_ila_data [get_hw_ilas -of_objects [get_hw_devices xc7z020_1] -filter {CELL_NAME=~"ILA"}]]
INFO: [Labtools 27-1966] The ILA core 'hw_ila_1' triggered at 2023-Feb-21 19:34:27
INFO: [Labtools 27-3304] ILA Waveform data saved to file D:/WHUT/FPGA/EXERCISE/PYNQ-Z2/ARM_SOC/CortexM3_Eval_V2/CortexM3_Eval.hw/backup/hw_ila_data_1.ila. Use Tcl command 'read_hw_ila_data' or Vivado File->Import->Import ILA Data menu item to import the previously saved data.
run_hw_ila [get_hw_ilas -of_objects [get_hw_devices xc7z020_1] -filter {CELL_NAME=~"ILA"}]
INFO: [Labtools 27-1964] The ILA core 'hw_ila_1' trigger was armed at 2023-Feb-21 19:34:30
wait_on_hw_ila [get_hw_ilas -of_objects [get_hw_devices xc7z020_1] -filter {CELL_NAME=~"ILA"}]
display_hw_ila_data [upload_hw_ila_data [get_hw_ilas -of_objects [get_hw_devices xc7z020_1] -filter {CELL_NAME=~"ILA"}]]
INFO: [Labtools 27-1966] The ILA core 'hw_ila_1' triggered at 2023-Feb-21 19:34:30
INFO: [Labtools 27-3304] ILA Waveform data saved to file D:/WHUT/FPGA/EXERCISE/PYNQ-Z2/ARM_SOC/CortexM3_Eval_V2/CortexM3_Eval.hw/backup/hw_ila_data_1.ila. Use Tcl command 'read_hw_ila_data' or Vivado File->Import->Import ILA Data menu item to import the previously saved data.
run_hw_ila [get_hw_ilas -of_objects [get_hw_devices xc7z020_1] -filter {CELL_NAME=~"ILA"}]
INFO: [Labtools 27-1964] The ILA core 'hw_ila_1' trigger was armed at 2023-Feb-21 19:34:34
wait_on_hw_ila [get_hw_ilas -of_objects [get_hw_devices xc7z020_1] -filter {CELL_NAME=~"ILA"}]
display_hw_ila_data [upload_hw_ila_data [get_hw_ilas -of_objects [get_hw_devices xc7z020_1] -filter {CELL_NAME=~"ILA"}]]
INFO: [Labtools 27-1966] The ILA core 'hw_ila_1' triggered at 2023-Feb-21 19:34:34
INFO: [Labtools 27-3304] ILA Waveform data saved to file D:/WHUT/FPGA/EXERCISE/PYNQ-Z2/ARM_SOC/CortexM3_Eval_V2/CortexM3_Eval.hw/backup/hw_ila_data_1.ila. Use Tcl command 'read_hw_ila_data' or Vivado File->Import->Import ILA Data menu item to import the previously saved data.
run_hw_ila [get_hw_ilas -of_objects [get_hw_devices xc7z020_1] -filter {CELL_NAME=~"ILA"}]
INFO: [Labtools 27-1964] The ILA core 'hw_ila_1' trigger was armed at 2023-Feb-21 19:34:37
wait_on_hw_ila [get_hw_ilas -of_objects [get_hw_devices xc7z020_1] -filter {CELL_NAME=~"ILA"}]
display_hw_ila_data [upload_hw_ila_data [get_hw_ilas -of_objects [get_hw_devices xc7z020_1] -filter {CELL_NAME=~"ILA"}]]
INFO: [Labtools 27-1966] The ILA core 'hw_ila_1' triggered at 2023-Feb-21 19:34:37
INFO: [Labtools 27-3304] ILA Waveform data saved to file D:/WHUT/FPGA/EXERCISE/PYNQ-Z2/ARM_SOC/CortexM3_Eval_V2/CortexM3_Eval.hw/backup/hw_ila_data_1.ila. Use Tcl command 'read_hw_ila_data' or Vivado File->Import->Import ILA Data menu item to import the previously saved data.
run_hw_ila [get_hw_ilas -of_objects [get_hw_devices xc7z020_1] -filter {CELL_NAME=~"ILA"}]
INFO: [Labtools 27-1964] The ILA core 'hw_ila_1' trigger was armed at 2023-Feb-21 19:34:41
wait_on_hw_ila [get_hw_ilas -of_objects [get_hw_devices xc7z020_1] -filter {CELL_NAME=~"ILA"}]
display_hw_ila_data [upload_hw_ila_data [get_hw_ilas -of_objects [get_hw_devices xc7z020_1] -filter {CELL_NAME=~"ILA"}]]
INFO: [Labtools 27-1966] The ILA core 'hw_ila_1' triggered at 2023-Feb-21 19:34:41
INFO: [Labtools 27-3304] ILA Waveform data saved to file D:/WHUT/FPGA/EXERCISE/PYNQ-Z2/ARM_SOC/CortexM3_Eval_V2/CortexM3_Eval.hw/backup/hw_ila_data_1.ila. Use Tcl command 'read_hw_ila_data' or Vivado File->Import->Import ILA Data menu item to import the previously saved data.
run_hw_ila [get_hw_ilas -of_objects [get_hw_devices xc7z020_1] -filter {CELL_NAME=~"ILA"}]
INFO: [Labtools 27-1964] The ILA core 'hw_ila_1' trigger was armed at 2023-Feb-21 19:34:44
wait_on_hw_ila [get_hw_ilas -of_objects [get_hw_devices xc7z020_1] -filter {CELL_NAME=~"ILA"}]
display_hw_ila_data [upload_hw_ila_data [get_hw_ilas -of_objects [get_hw_devices xc7z020_1] -filter {CELL_NAME=~"ILA"}]]
INFO: [Labtools 27-1966] The ILA core 'hw_ila_1' triggered at 2023-Feb-21 19:34:44
INFO: [Labtools 27-3304] ILA Waveform data saved to file D:/WHUT/FPGA/EXERCISE/PYNQ-Z2/ARM_SOC/CortexM3_Eval_V2/CortexM3_Eval.hw/backup/hw_ila_data_1.ila. Use Tcl command 'read_hw_ila_data' or Vivado File->Import->Import ILA Data menu item to import the previously saved data.
run_hw_ila [get_hw_ilas -of_objects [get_hw_devices xc7z020_1] -filter {CELL_NAME=~"ILA"}]
INFO: [Labtools 27-1964] The ILA core 'hw_ila_1' trigger was armed at 2023-Feb-21 19:34:47
wait_on_hw_ila [get_hw_ilas -of_objects [get_hw_devices xc7z020_1] -filter {CELL_NAME=~"ILA"}]
display_hw_ila_data [upload_hw_ila_data [get_hw_ilas -of_objects [get_hw_devices xc7z020_1] -filter {CELL_NAME=~"ILA"}]]
INFO: [Labtools 27-1966] The ILA core 'hw_ila_1' triggered at 2023-Feb-21 19:34:47
INFO: [Labtools 27-3304] ILA Waveform data saved to file D:/WHUT/FPGA/EXERCISE/PYNQ-Z2/ARM_SOC/CortexM3_Eval_V2/CortexM3_Eval.hw/backup/hw_ila_data_1.ila. Use Tcl command 'read_hw_ila_data' or Vivado File->Import->Import ILA Data menu item to import the previously saved data.
run_hw_ila [get_hw_ilas -of_objects [get_hw_devices xc7z020_1] -filter {CELL_NAME=~"ILA"}]
INFO: [Labtools 27-1964] The ILA core 'hw_ila_1' trigger was armed at 2023-Feb-21 19:34:51
wait_on_hw_ila [get_hw_ilas -of_objects [get_hw_devices xc7z020_1] -filter {CELL_NAME=~"ILA"}]
display_hw_ila_data [upload_hw_ila_data [get_hw_ilas -of_objects [get_hw_devices xc7z020_1] -filter {CELL_NAME=~"ILA"}]]
INFO: [Labtools 27-1966] The ILA core 'hw_ila_1' triggered at 2023-Feb-21 19:34:51
INFO: [Labtools 27-3304] ILA Waveform data saved to file D:/WHUT/FPGA/EXERCISE/PYNQ-Z2/ARM_SOC/CortexM3_Eval_V2/CortexM3_Eval.hw/backup/hw_ila_data_1.ila. Use Tcl command 'read_hw_ila_data' or Vivado File->Import->Import ILA Data menu item to import the previously saved data.
run_hw_ila [get_hw_ilas -of_objects [get_hw_devices xc7z020_1] -filter {CELL_NAME=~"ILA"}]
INFO: [Labtools 27-1964] The ILA core 'hw_ila_1' trigger was armed at 2023-Feb-21 19:34:54
wait_on_hw_ila [get_hw_ilas -of_objects [get_hw_devices xc7z020_1] -filter {CELL_NAME=~"ILA"}]
display_hw_ila_data [upload_hw_ila_data [get_hw_ilas -of_objects [get_hw_devices xc7z020_1] -filter {CELL_NAME=~"ILA"}]]
INFO: [Labtools 27-1966] The ILA core 'hw_ila_1' triggered at 2023-Feb-21 19:34:54
INFO: [Labtools 27-3304] ILA Waveform data saved to file D:/WHUT/FPGA/EXERCISE/PYNQ-Z2/ARM_SOC/CortexM3_Eval_V2/CortexM3_Eval.hw/backup/hw_ila_data_1.ila. Use Tcl command 'read_hw_ila_data' or Vivado File->Import->Import ILA Data menu item to import the previously saved data.
run_hw_ila [get_hw_ilas -of_objects [get_hw_devices xc7z020_1] -filter {CELL_NAME=~"ILA"}]
INFO: [Labtools 27-1964] The ILA core 'hw_ila_1' trigger was armed at 2023-Feb-21 19:34:58
wait_on_hw_ila [get_hw_ilas -of_objects [get_hw_devices xc7z020_1] -filter {CELL_NAME=~"ILA"}]
display_hw_ila_data [upload_hw_ila_data [get_hw_ilas -of_objects [get_hw_devices xc7z020_1] -filter {CELL_NAME=~"ILA"}]]
INFO: [Labtools 27-1966] The ILA core 'hw_ila_1' triggered at 2023-Feb-21 19:34:58
INFO: [Labtools 27-3304] ILA Waveform data saved to file D:/WHUT/FPGA/EXERCISE/PYNQ-Z2/ARM_SOC/CortexM3_Eval_V2/CortexM3_Eval.hw/backup/hw_ila_data_1.ila. Use Tcl command 'read_hw_ila_data' or Vivado File->Import->Import ILA Data menu item to import the previously saved data.
run_hw_ila [get_hw_ilas -of_objects [get_hw_devices xc7z020_1] -filter {CELL_NAME=~"ILA"}]
INFO: [Labtools 27-1964] The ILA core 'hw_ila_1' trigger was armed at 2023-Feb-21 19:35:01
wait_on_hw_ila [get_hw_ilas -of_objects [get_hw_devices xc7z020_1] -filter {CELL_NAME=~"ILA"}]
display_hw_ila_data [upload_hw_ila_data [get_hw_ilas -of_objects [get_hw_devices xc7z020_1] -filter {CELL_NAME=~"ILA"}]]
INFO: [Labtools 27-1966] The ILA core 'hw_ila_1' triggered at 2023-Feb-21 19:35:01
INFO: [Labtools 27-3304] ILA Waveform data saved to file D:/WHUT/FPGA/EXERCISE/PYNQ-Z2/ARM_SOC/CortexM3_Eval_V2/CortexM3_Eval.hw/backup/hw_ila_data_1.ila. Use Tcl command 'read_hw_ila_data' or Vivado File->Import->Import ILA Data menu item to import the previously saved data.
run_hw_ila [get_hw_ilas -of_objects [get_hw_devices xc7z020_1] -filter {CELL_NAME=~"ILA"}]
INFO: [Labtools 27-1964] The ILA core 'hw_ila_1' trigger was armed at 2023-Feb-21 19:35:04
wait_on_hw_ila [get_hw_ilas -of_objects [get_hw_devices xc7z020_1] -filter {CELL_NAME=~"ILA"}]
display_hw_ila_data [upload_hw_ila_data [get_hw_ilas -of_objects [get_hw_devices xc7z020_1] -filter {CELL_NAME=~"ILA"}]]
INFO: [Labtools 27-1966] The ILA core 'hw_ila_1' triggered at 2023-Feb-21 19:35:04
INFO: [Labtools 27-3304] ILA Waveform data saved to file D:/WHUT/FPGA/EXERCISE/PYNQ-Z2/ARM_SOC/CortexM3_Eval_V2/CortexM3_Eval.hw/backup/hw_ila_data_1.ila. Use Tcl command 'read_hw_ila_data' or Vivado File->Import->Import ILA Data menu item to import the previously saved data.
run_hw_ila [get_hw_ilas -of_objects [get_hw_devices xc7z020_1] -filter {CELL_NAME=~"ILA"}]
INFO: [Labtools 27-1964] The ILA core 'hw_ila_1' trigger was armed at 2023-Feb-21 19:35:08
wait_on_hw_ila [get_hw_ilas -of_objects [get_hw_devices xc7z020_1] -filter {CELL_NAME=~"ILA"}]
display_hw_ila_data [upload_hw_ila_data [get_hw_ilas -of_objects [get_hw_devices xc7z020_1] -filter {CELL_NAME=~"ILA"}]]
INFO: [Labtools 27-1966] The ILA core 'hw_ila_1' triggered at 2023-Feb-21 19:35:08
INFO: [Labtools 27-3304] ILA Waveform data saved to file D:/WHUT/FPGA/EXERCISE/PYNQ-Z2/ARM_SOC/CortexM3_Eval_V2/CortexM3_Eval.hw/backup/hw_ila_data_1.ila. Use Tcl command 'read_hw_ila_data' or Vivado File->Import->Import ILA Data menu item to import the previously saved data.
run_hw_ila [get_hw_ilas -of_objects [get_hw_devices xc7z020_1] -filter {CELL_NAME=~"ILA"}]
INFO: [Labtools 27-1964] The ILA core 'hw_ila_1' trigger was armed at 2023-Feb-21 19:35:09
wait_on_hw_ila [get_hw_ilas -of_objects [get_hw_devices xc7z020_1] -filter {CELL_NAME=~"ILA"}]
display_hw_ila_data [upload_hw_ila_data [get_hw_ilas -of_objects [get_hw_devices xc7z020_1] -filter {CELL_NAME=~"ILA"}]]
INFO: [Labtools 27-1966] The ILA core 'hw_ila_1' triggered at 2023-Feb-21 19:35:09
INFO: [Labtools 27-3304] ILA Waveform data saved to file D:/WHUT/FPGA/EXERCISE/PYNQ-Z2/ARM_SOC/CortexM3_Eval_V2/CortexM3_Eval.hw/backup/hw_ila_data_1.ila. Use Tcl command 'read_hw_ila_data' or Vivado File->Import->Import ILA Data menu item to import the previously saved data.
run_hw_ila [get_hw_ilas -of_objects [get_hw_devices xc7z020_1] -filter {CELL_NAME=~"ILA"}]
INFO: [Labtools 27-1964] The ILA core 'hw_ila_1' trigger was armed at 2023-Feb-21 19:35:11
wait_on_hw_ila [get_hw_ilas -of_objects [get_hw_devices xc7z020_1] -filter {CELL_NAME=~"ILA"}]
display_hw_ila_data [upload_hw_ila_data [get_hw_ilas -of_objects [get_hw_devices xc7z020_1] -filter {CELL_NAME=~"ILA"}]]
INFO: [Labtools 27-1966] The ILA core 'hw_ila_1' triggered at 2023-Feb-21 19:35:11
INFO: [Labtools 27-3304] ILA Waveform data saved to file D:/WHUT/FPGA/EXERCISE/PYNQ-Z2/ARM_SOC/CortexM3_Eval_V2/CortexM3_Eval.hw/backup/hw_ila_data_1.ila. Use Tcl command 'read_hw_ila_data' or Vivado File->Import->Import ILA Data menu item to import the previously saved data.
run_hw_ila [get_hw_ilas -of_objects [get_hw_devices xc7z020_1] -filter {CELL_NAME=~"ILA"}]
INFO: [Labtools 27-1964] The ILA core 'hw_ila_1' trigger was armed at 2023-Feb-21 19:35:13
wait_on_hw_ila [get_hw_ilas -of_objects [get_hw_devices xc7z020_1] -filter {CELL_NAME=~"ILA"}]
display_hw_ila_data [upload_hw_ila_data [get_hw_ilas -of_objects [get_hw_devices xc7z020_1] -filter {CELL_NAME=~"ILA"}]]
INFO: [Labtools 27-1966] The ILA core 'hw_ila_1' triggered at 2023-Feb-21 19:35:13
INFO: [Labtools 27-3304] ILA Waveform data saved to file D:/WHUT/FPGA/EXERCISE/PYNQ-Z2/ARM_SOC/CortexM3_Eval_V2/CortexM3_Eval.hw/backup/hw_ila_data_1.ila. Use Tcl command 'read_hw_ila_data' or Vivado File->Import->Import ILA Data menu item to import the previously saved data.
run_hw_ila [get_hw_ilas -of_objects [get_hw_devices xc7z020_1] -filter {CELL_NAME=~"ILA"}]
INFO: [Labtools 27-1964] The ILA core 'hw_ila_1' trigger was armed at 2023-Feb-21 19:35:15
wait_on_hw_ila [get_hw_ilas -of_objects [get_hw_devices xc7z020_1] -filter {CELL_NAME=~"ILA"}]
display_hw_ila_data [upload_hw_ila_data [get_hw_ilas -of_objects [get_hw_devices xc7z020_1] -filter {CELL_NAME=~"ILA"}]]
INFO: [Labtools 27-1966] The ILA core 'hw_ila_1' triggered at 2023-Feb-21 19:35:15
INFO: [Labtools 27-3304] ILA Waveform data saved to file D:/WHUT/FPGA/EXERCISE/PYNQ-Z2/ARM_SOC/CortexM3_Eval_V2/CortexM3_Eval.hw/backup/hw_ila_data_1.ila. Use Tcl command 'read_hw_ila_data' or Vivado File->Import->Import ILA Data menu item to import the previously saved data.
run_hw_ila [get_hw_ilas -of_objects [get_hw_devices xc7z020_1] -filter {CELL_NAME=~"ILA"}]
INFO: [Labtools 27-1964] The ILA core 'hw_ila_1' trigger was armed at 2023-Feb-21 19:35:17
wait_on_hw_ila [get_hw_ilas -of_objects [get_hw_devices xc7z020_1] -filter {CELL_NAME=~"ILA"}]
display_hw_ila_data [upload_hw_ila_data [get_hw_ilas -of_objects [get_hw_devices xc7z020_1] -filter {CELL_NAME=~"ILA"}]]
INFO: [Labtools 27-1966] The ILA core 'hw_ila_1' triggered at 2023-Feb-21 19:35:17
INFO: [Labtools 27-3304] ILA Waveform data saved to file D:/WHUT/FPGA/EXERCISE/PYNQ-Z2/ARM_SOC/CortexM3_Eval_V2/CortexM3_Eval.hw/backup/hw_ila_data_1.ila. Use Tcl command 'read_hw_ila_data' or Vivado File->Import->Import ILA Data menu item to import the previously saved data.
run_hw_ila [get_hw_ilas -of_objects [get_hw_devices xc7z020_1] -filter {CELL_NAME=~"ILA"}]
INFO: [Labtools 27-1964] The ILA core 'hw_ila_1' trigger was armed at 2023-Feb-21 19:35:18
wait_on_hw_ila [get_hw_ilas -of_objects [get_hw_devices xc7z020_1] -filter {CELL_NAME=~"ILA"}]
display_hw_ila_data [upload_hw_ila_data [get_hw_ilas -of_objects [get_hw_devices xc7z020_1] -filter {CELL_NAME=~"ILA"}]]
INFO: [Labtools 27-1966] The ILA core 'hw_ila_1' triggered at 2023-Feb-21 19:35:18
INFO: [Labtools 27-3304] ILA Waveform data saved to file D:/WHUT/FPGA/EXERCISE/PYNQ-Z2/ARM_SOC/CortexM3_Eval_V2/CortexM3_Eval.hw/backup/hw_ila_data_1.ila. Use Tcl command 'read_hw_ila_data' or Vivado File->Import->Import ILA Data menu item to import the previously saved data.
run_hw_ila [get_hw_ilas -of_objects [get_hw_devices xc7z020_1] -filter {CELL_NAME=~"ILA"}]
INFO: [Labtools 27-1964] The ILA core 'hw_ila_1' trigger was armed at 2023-Feb-21 19:35:20
wait_on_hw_ila [get_hw_ilas -of_objects [get_hw_devices xc7z020_1] -filter {CELL_NAME=~"ILA"}]
display_hw_ila_data [upload_hw_ila_data [get_hw_ilas -of_objects [get_hw_devices xc7z020_1] -filter {CELL_NAME=~"ILA"}]]
INFO: [Labtools 27-1966] The ILA core 'hw_ila_1' triggered at 2023-Feb-21 19:35:20
INFO: [Labtools 27-3304] ILA Waveform data saved to file D:/WHUT/FPGA/EXERCISE/PYNQ-Z2/ARM_SOC/CortexM3_Eval_V2/CortexM3_Eval.hw/backup/hw_ila_data_1.ila. Use Tcl command 'read_hw_ila_data' or Vivado File->Import->Import ILA Data menu item to import the previously saved data.
run_hw_ila [get_hw_ilas -of_objects [get_hw_devices xc7z020_1] -filter {CELL_NAME=~"ILA"}]
INFO: [Labtools 27-1964] The ILA core 'hw_ila_1' trigger was armed at 2023-Feb-21 19:35:21
wait_on_hw_ila [get_hw_ilas -of_objects [get_hw_devices xc7z020_1] -filter {CELL_NAME=~"ILA"}]
display_hw_ila_data [upload_hw_ila_data [get_hw_ilas -of_objects [get_hw_devices xc7z020_1] -filter {CELL_NAME=~"ILA"}]]
INFO: [Labtools 27-1966] The ILA core 'hw_ila_1' triggered at 2023-Feb-21 19:35:21
INFO: [Labtools 27-3304] ILA Waveform data saved to file D:/WHUT/FPGA/EXERCISE/PYNQ-Z2/ARM_SOC/CortexM3_Eval_V2/CortexM3_Eval.hw/backup/hw_ila_data_1.ila. Use Tcl command 'read_hw_ila_data' or Vivado File->Import->Import ILA Data menu item to import the previously saved data.
run_hw_ila [get_hw_ilas -of_objects [get_hw_devices xc7z020_1] -filter {CELL_NAME=~"ILA"}]
INFO: [Labtools 27-1964] The ILA core 'hw_ila_1' trigger was armed at 2023-Feb-21 19:35:24
wait_on_hw_ila [get_hw_ilas -of_objects [get_hw_devices xc7z020_1] -filter {CELL_NAME=~"ILA"}]
display_hw_ila_data [upload_hw_ila_data [get_hw_ilas -of_objects [get_hw_devices xc7z020_1] -filter {CELL_NAME=~"ILA"}]]
INFO: [Labtools 27-1966] The ILA core 'hw_ila_1' triggered at 2023-Feb-21 19:35:24
INFO: [Labtools 27-3304] ILA Waveform data saved to file D:/WHUT/FPGA/EXERCISE/PYNQ-Z2/ARM_SOC/CortexM3_Eval_V2/CortexM3_Eval.hw/backup/hw_ila_data_1.ila. Use Tcl command 'read_hw_ila_data' or Vivado File->Import->Import ILA Data menu item to import the previously saved data.
run_hw_ila [get_hw_ilas -of_objects [get_hw_devices xc7z020_1] -filter {CELL_NAME=~"ILA"}]
INFO: [Labtools 27-1964] The ILA core 'hw_ila_1' trigger was armed at 2023-Feb-21 19:35:27
wait_on_hw_ila [get_hw_ilas -of_objects [get_hw_devices xc7z020_1] -filter {CELL_NAME=~"ILA"}]
display_hw_ila_data [upload_hw_ila_data [get_hw_ilas -of_objects [get_hw_devices xc7z020_1] -filter {CELL_NAME=~"ILA"}]]
INFO: [Labtools 27-1966] The ILA core 'hw_ila_1' triggered at 2023-Feb-21 19:35:27
INFO: [Labtools 27-3304] ILA Waveform data saved to file D:/WHUT/FPGA/EXERCISE/PYNQ-Z2/ARM_SOC/CortexM3_Eval_V2/CortexM3_Eval.hw/backup/hw_ila_data_1.ila. Use Tcl command 'read_hw_ila_data' or Vivado File->Import->Import ILA Data menu item to import the previously saved data.
run_hw_ila [get_hw_ilas -of_objects [get_hw_devices xc7z020_1] -filter {CELL_NAME=~"ILA"}]
INFO: [Labtools 27-1964] The ILA core 'hw_ila_1' trigger was armed at 2023-Feb-21 19:35:30
wait_on_hw_ila [get_hw_ilas -of_objects [get_hw_devices xc7z020_1] -filter {CELL_NAME=~"ILA"}]
display_hw_ila_data [upload_hw_ila_data [get_hw_ilas -of_objects [get_hw_devices xc7z020_1] -filter {CELL_NAME=~"ILA"}]]
INFO: [Labtools 27-1966] The ILA core 'hw_ila_1' triggered at 2023-Feb-21 19:35:30
INFO: [Labtools 27-3304] ILA Waveform data saved to file D:/WHUT/FPGA/EXERCISE/PYNQ-Z2/ARM_SOC/CortexM3_Eval_V2/CortexM3_Eval.hw/backup/hw_ila_data_1.ila. Use Tcl command 'read_hw_ila_data' or Vivado File->Import->Import ILA Data menu item to import the previously saved data.
run_hw_ila [get_hw_ilas -of_objects [get_hw_devices xc7z020_1] -filter {CELL_NAME=~"ILA"}]
INFO: [Labtools 27-1964] The ILA core 'hw_ila_1' trigger was armed at 2023-Feb-21 19:35:32
wait_on_hw_ila [get_hw_ilas -of_objects [get_hw_devices xc7z020_1] -filter {CELL_NAME=~"ILA"}]
display_hw_ila_data [upload_hw_ila_data [get_hw_ilas -of_objects [get_hw_devices xc7z020_1] -filter {CELL_NAME=~"ILA"}]]
INFO: [Labtools 27-1966] The ILA core 'hw_ila_1' triggered at 2023-Feb-21 19:35:32
INFO: [Labtools 27-3304] ILA Waveform data saved to file D:/WHUT/FPGA/EXERCISE/PYNQ-Z2/ARM_SOC/CortexM3_Eval_V2/CortexM3_Eval.hw/backup/hw_ila_data_1.ila. Use Tcl command 'read_hw_ila_data' or Vivado File->Import->Import ILA Data menu item to import the previously saved data.
run_hw_ila [get_hw_ilas -of_objects [get_hw_devices xc7z020_1] -filter {CELL_NAME=~"ILA"}]
INFO: [Labtools 27-1964] The ILA core 'hw_ila_1' trigger was armed at 2023-Feb-21 19:35:33
wait_on_hw_ila [get_hw_ilas -of_objects [get_hw_devices xc7z020_1] -filter {CELL_NAME=~"ILA"}]
display_hw_ila_data [upload_hw_ila_data [get_hw_ilas -of_objects [get_hw_devices xc7z020_1] -filter {CELL_NAME=~"ILA"}]]
INFO: [Labtools 27-1966] The ILA core 'hw_ila_1' triggered at 2023-Feb-21 19:35:33
INFO: [Labtools 27-3304] ILA Waveform data saved to file D:/WHUT/FPGA/EXERCISE/PYNQ-Z2/ARM_SOC/CortexM3_Eval_V2/CortexM3_Eval.hw/backup/hw_ila_data_1.ila. Use Tcl command 'read_hw_ila_data' or Vivado File->Import->Import ILA Data menu item to import the previously saved data.
run_hw_ila [get_hw_ilas -of_objects [get_hw_devices xc7z020_1] -filter {CELL_NAME=~"ILA"}] -trigger_now
INFO: [Labtools 27-1964] The ILA core 'hw_ila_1' trigger was armed at 2023-Feb-21 19:35:35
wait_on_hw_ila [get_hw_ilas -of_objects [get_hw_devices xc7z020_1] -filter {CELL_NAME=~"ILA"}]
display_hw_ila_data [upload_hw_ila_data [get_hw_ilas -of_objects [get_hw_devices xc7z020_1] -filter {CELL_NAME=~"ILA"}]]
INFO: [Labtools 27-1966] The ILA core 'hw_ila_1' triggered at 2023-Feb-21 19:35:35
INFO: [Labtools 27-3304] ILA Waveform data saved to file D:/WHUT/FPGA/EXERCISE/PYNQ-Z2/ARM_SOC/CortexM3_Eval_V2/CortexM3_Eval.hw/backup/hw_ila_data_1.ila. Use Tcl command 'read_hw_ila_data' or Vivado File->Import->Import ILA Data menu item to import the previously saved data.
run_hw_ila [get_hw_ilas -of_objects [get_hw_devices xc7z020_1] -filter {CELL_NAME=~"ILA"}]
INFO: [Labtools 27-1964] The ILA core 'hw_ila_1' trigger was armed at 2023-Feb-21 19:35:36
wait_on_hw_ila [get_hw_ilas -of_objects [get_hw_devices xc7z020_1] -filter {CELL_NAME=~"ILA"}]
display_hw_ila_data [upload_hw_ila_data [get_hw_ilas -of_objects [get_hw_devices xc7z020_1] -filter {CELL_NAME=~"ILA"}]]
INFO: [Labtools 27-1966] The ILA core 'hw_ila_1' triggered at 2023-Feb-21 19:35:36
INFO: [Labtools 27-3304] ILA Waveform data saved to file D:/WHUT/FPGA/EXERCISE/PYNQ-Z2/ARM_SOC/CortexM3_Eval_V2/CortexM3_Eval.hw/backup/hw_ila_data_1.ila. Use Tcl command 'read_hw_ila_data' or Vivado File->Import->Import ILA Data menu item to import the previously saved data.
run_hw_ila [get_hw_ilas -of_objects [get_hw_devices xc7z020_1] -filter {CELL_NAME=~"ILA"}] -trigger_now
INFO: [Labtools 27-1964] The ILA core 'hw_ila_1' trigger was armed at 2023-Feb-21 19:35:38
wait_on_hw_ila [get_hw_ilas -of_objects [get_hw_devices xc7z020_1] -filter {CELL_NAME=~"ILA"}]
display_hw_ila_data [upload_hw_ila_data [get_hw_ilas -of_objects [get_hw_devices xc7z020_1] -filter {CELL_NAME=~"ILA"}]]
INFO: [Labtools 27-1966] The ILA core 'hw_ila_1' triggered at 2023-Feb-21 19:35:38
INFO: [Labtools 27-3304] ILA Waveform data saved to file D:/WHUT/FPGA/EXERCISE/PYNQ-Z2/ARM_SOC/CortexM3_Eval_V2/CortexM3_Eval.hw/backup/hw_ila_data_1.ila. Use Tcl command 'read_hw_ila_data' or Vivado File->Import->Import ILA Data menu item to import the previously saved data.
run_hw_ila [get_hw_ilas -of_objects [get_hw_devices xc7z020_1] -filter {CELL_NAME=~"ILA"}]
INFO: [Labtools 27-1964] The ILA core 'hw_ila_1' trigger was armed at 2023-Feb-21 19:35:39
wait_on_hw_ila [get_hw_ilas -of_objects [get_hw_devices xc7z020_1] -filter {CELL_NAME=~"ILA"}]
display_hw_ila_data [upload_hw_ila_data [get_hw_ilas -of_objects [get_hw_devices xc7z020_1] -filter {CELL_NAME=~"ILA"}]]
INFO: [Labtools 27-1966] The ILA core 'hw_ila_1' triggered at 2023-Feb-21 19:35:39
INFO: [Labtools 27-3304] ILA Waveform data saved to file D:/WHUT/FPGA/EXERCISE/PYNQ-Z2/ARM_SOC/CortexM3_Eval_V2/CortexM3_Eval.hw/backup/hw_ila_data_1.ila. Use Tcl command 'read_hw_ila_data' or Vivado File->Import->Import ILA Data menu item to import the previously saved data.
run_hw_ila [get_hw_ilas -of_objects [get_hw_devices xc7z020_1] -filter {CELL_NAME=~"ILA"}] -trigger_now
ERROR: [Labtools 27-1395] Unable to arm ILA 'hw_ila_1'. The core clock is slow or no core clock connected for this ILA or the ILA core may not meet timing.
run_hw_ila [get_hw_ilas -of_objects [get_hw_devices xc7z020_1] -filter {CELL_NAME=~"ILA"}]
ERROR: [Labtools 27-1395] Unable to arm ILA 'hw_ila_1'. The core clock is slow or no core clock connected for this ILA or the ILA core may not meet timing.
run_hw_ila [get_hw_ilas -of_objects [get_hw_devices xc7z020_1] -filter {CELL_NAME=~"ILA"}]
ERROR: [Labtools 27-1395] Unable to arm ILA 'hw_ila_1'. The core clock is slow or no core clock connected for this ILA or the ILA core may not meet timing.
set_property CORE_REFRESH_RATE_MS 100 [get_hw_ilas -of_objects [get_hw_devices xc7z020_1] -filter {CELL_NAME=~"ILA"}]
run_hw_ila [get_hw_ilas -of_objects [get_hw_devices xc7z020_1] -filter {CELL_NAME=~"ILA"}]
INFO: [Labtools 27-1964] The ILA core 'hw_ila_1' trigger was armed at 2023-Feb-21 19:37:01
wait_on_hw_ila [get_hw_ilas -of_objects [get_hw_devices xc7z020_1] -filter {CELL_NAME=~"ILA"}]
display_hw_ila_data [upload_hw_ila_data [get_hw_ilas -of_objects [get_hw_devices xc7z020_1] -filter {CELL_NAME=~"ILA"}]]
INFO: [Labtools 27-1966] The ILA core 'hw_ila_1' triggered at 2023-Feb-21 19:37:01
INFO: [Labtools 27-3304] ILA Waveform data saved to file D:/WHUT/FPGA/EXERCISE/PYNQ-Z2/ARM_SOC/CortexM3_Eval_V2/CortexM3_Eval.hw/backup/hw_ila_data_1.ila. Use Tcl command 'read_hw_ila_data' or Vivado File->Import->Import ILA Data menu item to import the previously saved data.
run_hw_ila [get_hw_ilas -of_objects [get_hw_devices xc7z020_1] -filter {CELL_NAME=~"ILA"}]
INFO: [Labtools 27-1964] The ILA core 'hw_ila_1' trigger was armed at 2023-Feb-21 19:39:38
wait_on_hw_ila [get_hw_ilas -of_objects [get_hw_devices xc7z020_1] -filter {CELL_NAME=~"ILA"}]
display_hw_ila_data [upload_hw_ila_data [get_hw_ilas -of_objects [get_hw_devices xc7z020_1] -filter {CELL_NAME=~"ILA"}]]
INFO: [Labtools 27-1966] The ILA core 'hw_ila_1' triggered at 2023-Feb-21 19:39:38
INFO: [Labtools 27-3304] ILA Waveform data saved to file D:/WHUT/FPGA/EXERCISE/PYNQ-Z2/ARM_SOC/CortexM3_Eval_V2/CortexM3_Eval.hw/backup/hw_ila_data_1.ila. Use Tcl command 'read_hw_ila_data' or Vivado File->Import->Import ILA Data menu item to import the previously saved data.
run_hw_ila [get_hw_ilas -of_objects [get_hw_devices xc7z020_1] -filter {CELL_NAME=~"ILA"}]
INFO: [Labtools 27-1964] The ILA core 'hw_ila_1' trigger was armed at 2023-Feb-21 19:42:44
wait_on_hw_ila [get_hw_ilas -of_objects [get_hw_devices xc7z020_1] -filter {CELL_NAME=~"ILA"}]
display_hw_ila_data [upload_hw_ila_data [get_hw_ilas -of_objects [get_hw_devices xc7z020_1] -filter {CELL_NAME=~"ILA"}]]
INFO: [Labtools 27-1966] The ILA core 'hw_ila_1' triggered at 2023-Feb-21 19:42:44
INFO: [Labtools 27-3304] ILA Waveform data saved to file D:/WHUT/FPGA/EXERCISE/PYNQ-Z2/ARM_SOC/CortexM3_Eval_V2/CortexM3_Eval.hw/backup/hw_ila_data_1.ila. Use Tcl command 'read_hw_ila_data' or Vivado File->Import->Import ILA Data menu item to import the previously saved data.
run_hw_ila [get_hw_ilas -of_objects [get_hw_devices xc7z020_1] -filter {CELL_NAME=~"ILA"}]
INFO: [Labtools 27-1964] The ILA core 'hw_ila_1' trigger was armed at 2023-Feb-21 19:42:47
wait_on_hw_ila [get_hw_ilas -of_objects [get_hw_devices xc7z020_1] -filter {CELL_NAME=~"ILA"}]
display_hw_ila_data [upload_hw_ila_data [get_hw_ilas -of_objects [get_hw_devices xc7z020_1] -filter {CELL_NAME=~"ILA"}]]
INFO: [Labtools 27-1966] The ILA core 'hw_ila_1' triggered at 2023-Feb-21 19:42:47
INFO: [Labtools 27-3304] ILA Waveform data saved to file D:/WHUT/FPGA/EXERCISE/PYNQ-Z2/ARM_SOC/CortexM3_Eval_V2/CortexM3_Eval.hw/backup/hw_ila_data_1.ila. Use Tcl command 'read_hw_ila_data' or Vivado File->Import->Import ILA Data menu item to import the previously saved data.
run_hw_ila [get_hw_ilas -of_objects [get_hw_devices xc7z020_1] -filter {CELL_NAME=~"ILA"}]
INFO: [Labtools 27-1964] The ILA core 'hw_ila_1' trigger was armed at 2023-Feb-21 19:42:51
wait_on_hw_ila [get_hw_ilas -of_objects [get_hw_devices xc7z020_1] -filter {CELL_NAME=~"ILA"}]
display_hw_ila_data [upload_hw_ila_data [get_hw_ilas -of_objects [get_hw_devices xc7z020_1] -filter {CELL_NAME=~"ILA"}]]
INFO: [Labtools 27-1966] The ILA core 'hw_ila_1' triggered at 2023-Feb-21 19:42:51
INFO: [Labtools 27-3304] ILA Waveform data saved to file D:/WHUT/FPGA/EXERCISE/PYNQ-Z2/ARM_SOC/CortexM3_Eval_V2/CortexM3_Eval.hw/backup/hw_ila_data_1.ila. Use Tcl command 'read_hw_ila_data' or Vivado File->Import->Import ILA Data menu item to import the previously saved data.
run_hw_ila [get_hw_ilas -of_objects [get_hw_devices xc7z020_1] -filter {CELL_NAME=~"ILA"}]
INFO: [Labtools 27-1964] The ILA core 'hw_ila_1' trigger was armed at 2023-Feb-21 19:42:54
wait_on_hw_ila [get_hw_ilas -of_objects [get_hw_devices xc7z020_1] -filter {CELL_NAME=~"ILA"}]
display_hw_ila_data [upload_hw_ila_data [get_hw_ilas -of_objects [get_hw_devices xc7z020_1] -filter {CELL_NAME=~"ILA"}]]
INFO: [Labtools 27-1966] The ILA core 'hw_ila_1' triggered at 2023-Feb-21 19:42:54
INFO: [Labtools 27-3304] ILA Waveform data saved to file D:/WHUT/FPGA/EXERCISE/PYNQ-Z2/ARM_SOC/CortexM3_Eval_V2/CortexM3_Eval.hw/backup/hw_ila_data_1.ila. Use Tcl command 'read_hw_ila_data' or Vivado File->Import->Import ILA Data menu item to import the previously saved data.
run_hw_ila [get_hw_ilas -of_objects [get_hw_devices xc7z020_1] -filter {CELL_NAME=~"ILA"}]
INFO: [Labtools 27-1964] The ILA core 'hw_ila_1' trigger was armed at 2023-Feb-21 19:42:58
wait_on_hw_ila [get_hw_ilas -of_objects [get_hw_devices xc7z020_1] -filter {CELL_NAME=~"ILA"}]
display_hw_ila_data [upload_hw_ila_data [get_hw_ilas -of_objects [get_hw_devices xc7z020_1] -filter {CELL_NAME=~"ILA"}]]
INFO: [Labtools 27-1966] The ILA core 'hw_ila_1' triggered at 2023-Feb-21 19:42:58
INFO: [Labtools 27-3304] ILA Waveform data saved to file D:/WHUT/FPGA/EXERCISE/PYNQ-Z2/ARM_SOC/CortexM3_Eval_V2/CortexM3_Eval.hw/backup/hw_ila_data_1.ila. Use Tcl command 'read_hw_ila_data' or Vivado File->Import->Import ILA Data menu item to import the previously saved data.
run_hw_ila [get_hw_ilas -of_objects [get_hw_devices xc7z020_1] -filter {CELL_NAME=~"ILA"}]
INFO: [Labtools 27-1964] The ILA core 'hw_ila_1' trigger was armed at 2023-Feb-21 19:43:01
wait_on_hw_ila [get_hw_ilas -of_objects [get_hw_devices xc7z020_1] -filter {CELL_NAME=~"ILA"}]
display_hw_ila_data [upload_hw_ila_data [get_hw_ilas -of_objects [get_hw_devices xc7z020_1] -filter {CELL_NAME=~"ILA"}]]
INFO: [Labtools 27-1966] The ILA core 'hw_ila_1' triggered at 2023-Feb-21 19:43:01
INFO: [Labtools 27-3304] ILA Waveform data saved to file D:/WHUT/FPGA/EXERCISE/PYNQ-Z2/ARM_SOC/CortexM3_Eval_V2/CortexM3_Eval.hw/backup/hw_ila_data_1.ila. Use Tcl command 'read_hw_ila_data' or Vivado File->Import->Import ILA Data menu item to import the previously saved data.
run_hw_ila [get_hw_ilas -of_objects [get_hw_devices xc7z020_1] -filter {CELL_NAME=~"ILA"}]
INFO: [Labtools 27-1964] The ILA core 'hw_ila_1' trigger was armed at 2023-Feb-21 19:43:04
wait_on_hw_ila [get_hw_ilas -of_objects [get_hw_devices xc7z020_1] -filter {CELL_NAME=~"ILA"}]
display_hw_ila_data [upload_hw_ila_data [get_hw_ilas -of_objects [get_hw_devices xc7z020_1] -filter {CELL_NAME=~"ILA"}]]
INFO: [Labtools 27-1966] The ILA core 'hw_ila_1' triggered at 2023-Feb-21 19:43:04
INFO: [Labtools 27-3304] ILA Waveform data saved to file D:/WHUT/FPGA/EXERCISE/PYNQ-Z2/ARM_SOC/CortexM3_Eval_V2/CortexM3_Eval.hw/backup/hw_ila_data_1.ila. Use Tcl command 'read_hw_ila_data' or Vivado File->Import->Import ILA Data menu item to import the previously saved data.
run_hw_ila [get_hw_ilas -of_objects [get_hw_devices xc7z020_1] -filter {CELL_NAME=~"ILA"}]
INFO: [Labtools 27-1964] The ILA core 'hw_ila_1' trigger was armed at 2023-Feb-21 19:43:08
wait_on_hw_ila [get_hw_ilas -of_objects [get_hw_devices xc7z020_1] -filter {CELL_NAME=~"ILA"}]
display_hw_ila_data [upload_hw_ila_data [get_hw_ilas -of_objects [get_hw_devices xc7z020_1] -filter {CELL_NAME=~"ILA"}]]
INFO: [Labtools 27-1966] The ILA core 'hw_ila_1' triggered at 2023-Feb-21 19:43:08
INFO: [Labtools 27-3304] ILA Waveform data saved to file D:/WHUT/FPGA/EXERCISE/PYNQ-Z2/ARM_SOC/CortexM3_Eval_V2/CortexM3_Eval.hw/backup/hw_ila_data_1.ila. Use Tcl command 'read_hw_ila_data' or Vivado File->Import->Import ILA Data menu item to import the previously saved data.
run_hw_ila [get_hw_ilas -of_objects [get_hw_devices xc7z020_1] -filter {CELL_NAME=~"ILA"}]
INFO: [Labtools 27-1964] The ILA core 'hw_ila_1' trigger was armed at 2023-Feb-21 19:43:11
wait_on_hw_ila [get_hw_ilas -of_objects [get_hw_devices xc7z020_1] -filter {CELL_NAME=~"ILA"}]
display_hw_ila_data [upload_hw_ila_data [get_hw_ilas -of_objects [get_hw_devices xc7z020_1] -filter {CELL_NAME=~"ILA"}]]
INFO: [Labtools 27-1966] The ILA core 'hw_ila_1' triggered at 2023-Feb-21 19:43:11
INFO: [Labtools 27-3304] ILA Waveform data saved to file D:/WHUT/FPGA/EXERCISE/PYNQ-Z2/ARM_SOC/CortexM3_Eval_V2/CortexM3_Eval.hw/backup/hw_ila_data_1.ila. Use Tcl command 'read_hw_ila_data' or Vivado File->Import->Import ILA Data menu item to import the previously saved data.
run_hw_ila [get_hw_ilas -of_objects [get_hw_devices xc7z020_1] -filter {CELL_NAME=~"ILA"}]
INFO: [Labtools 27-1964] The ILA core 'hw_ila_1' trigger was armed at 2023-Feb-21 19:43:15
wait_on_hw_ila [get_hw_ilas -of_objects [get_hw_devices xc7z020_1] -filter {CELL_NAME=~"ILA"}]
display_hw_ila_data [upload_hw_ila_data [get_hw_ilas -of_objects [get_hw_devices xc7z020_1] -filter {CELL_NAME=~"ILA"}]]
INFO: [Labtools 27-1966] The ILA core 'hw_ila_1' triggered at 2023-Feb-21 19:43:15
INFO: [Labtools 27-3304] ILA Waveform data saved to file D:/WHUT/FPGA/EXERCISE/PYNQ-Z2/ARM_SOC/CortexM3_Eval_V2/CortexM3_Eval.hw/backup/hw_ila_data_1.ila. Use Tcl command 'read_hw_ila_data' or Vivado File->Import->Import ILA Data menu item to import the previously saved data.
run_hw_ila [get_hw_ilas -of_objects [get_hw_devices xc7z020_1] -filter {CELL_NAME=~"ILA"}]
INFO: [Labtools 27-1964] The ILA core 'hw_ila_1' trigger was armed at 2023-Feb-21 19:43:18
wait_on_hw_ila [get_hw_ilas -of_objects [get_hw_devices xc7z020_1] -filter {CELL_NAME=~"ILA"}]
display_hw_ila_data [upload_hw_ila_data [get_hw_ilas -of_objects [get_hw_devices xc7z020_1] -filter {CELL_NAME=~"ILA"}]]
INFO: [Labtools 27-1966] The ILA core 'hw_ila_1' triggered at 2023-Feb-21 19:43:18
INFO: [Labtools 27-3304] ILA Waveform data saved to file D:/WHUT/FPGA/EXERCISE/PYNQ-Z2/ARM_SOC/CortexM3_Eval_V2/CortexM3_Eval.hw/backup/hw_ila_data_1.ila. Use Tcl command 'read_hw_ila_data' or Vivado File->Import->Import ILA Data menu item to import the previously saved data.
run_hw_ila [get_hw_ilas -of_objects [get_hw_devices xc7z020_1] -filter {CELL_NAME=~"ILA"}]
INFO: [Labtools 27-1964] The ILA core 'hw_ila_1' trigger was armed at 2023-Feb-21 19:43:23
wait_on_hw_ila [get_hw_ilas -of_objects [get_hw_devices xc7z020_1] -filter {CELL_NAME=~"ILA"}]
display_hw_ila_data [upload_hw_ila_data [get_hw_ilas -of_objects [get_hw_devices xc7z020_1] -filter {CELL_NAME=~"ILA"}]]
INFO: [Labtools 27-1966] The ILA core 'hw_ila_1' triggered at 2023-Feb-21 19:43:23
INFO: [Labtools 27-3304] ILA Waveform data saved to file D:/WHUT/FPGA/EXERCISE/PYNQ-Z2/ARM_SOC/CortexM3_Eval_V2/CortexM3_Eval.hw/backup/hw_ila_data_1.ila. Use Tcl command 'read_hw_ila_data' or Vivado File->Import->Import ILA Data menu item to import the previously saved data.
run_hw_ila [get_hw_ilas -of_objects [get_hw_devices xc7z020_1] -filter {CELL_NAME=~"ILA"}]
INFO: [Labtools 27-1964] The ILA core 'hw_ila_1' trigger was armed at 2023-Feb-21 19:43:24
wait_on_hw_ila [get_hw_ilas -of_objects [get_hw_devices xc7z020_1] -filter {CELL_NAME=~"ILA"}]
display_hw_ila_data [upload_hw_ila_data [get_hw_ilas -of_objects [get_hw_devices xc7z020_1] -filter {CELL_NAME=~"ILA"}]]
INFO: [Labtools 27-1966] The ILA core 'hw_ila_1' triggered at 2023-Feb-21 19:43:24
INFO: [Labtools 27-3304] ILA Waveform data saved to file D:/WHUT/FPGA/EXERCISE/PYNQ-Z2/ARM_SOC/CortexM3_Eval_V2/CortexM3_Eval.hw/backup/hw_ila_data_1.ila. Use Tcl command 'read_hw_ila_data' or Vivado File->Import->Import ILA Data menu item to import the previously saved data.
write_hw_ila_data {D:\WHUT\FPGA\EXERCISE\PYNQ-Z2\ARM_SOC\CortexM3_Eval_V2\CortexM3_Eval.xpr\iladata.ila} hw_ila_data_1
ERROR: [Common 17-99] Failed to open zip archive D:/WHUT/FPGA/EXERCISE/PYNQ-Z2/ARM_SOC/CortexM3_Eval_V2/CortexM3_Eval.xpr/iladata.ila.
Resolution: Check that you have write permissions at the path specified, and sufficient free disk space.
ERROR: [Labtoolstcl 44-513] HW Target shutdown. Closing target: localhost:3121/xilinx_tcf/Xilinx/1234-tulA
INFO: [Labtoolstcl 44-466] Opening hw_target localhost:3121/xilinx_tcf/Xilinx/1234-tulA
WARNING: [Labtoolstcl 44-129] No matching hw_ila_data was found.
INFO: [Labtools 27-1435] Device xc7z020 (JTAG device index = 1) is not programmed (DONE status = 0).
WARNING: [Labtoolstcl 44-129] No matching hw_ila_data was found.
set_property PROBES.FILE {D:/WHUT/FPGA/EXERCISE/PYNQ-Z2/ARM_SOC/CortexM3_Eval_V2/CortexM3_Eval.runs/impl_1/SOC_TOP_V2.ltx} [get_hw_devices xc7z020_1]
set_property FULL_PROBES.FILE {D:/WHUT/FPGA/EXERCISE/PYNQ-Z2/ARM_SOC/CortexM3_Eval_V2/CortexM3_Eval.runs/impl_1/SOC_TOP_V2.ltx} [get_hw_devices xc7z020_1]
set_property PROGRAM.FILE {D:/WHUT/FPGA/EXERCISE/PYNQ-Z2/ARM_SOC/CortexM3_Eval_V2/CortexM3_Eval.runs/impl_1/SOC_TOP_V2.bit} [get_hw_devices xc7z020_1]
program_hw_devices [get_hw_devices xc7z020_1]
INFO: [Labtools 27-3164] End of startup status: HIGH
refresh_hw_device [lindex [get_hw_devices xc7z020_1] 0]
INFO: [Labtools 27-2302] Device xc7z020 (JTAG device index = 1) is programmed with a design that has 1 ILA core(s).
display_hw_ila_data [ get_hw_ila_data hw_ila_data_1 -of_objects [get_hw_ilas -of_objects [get_hw_devices xc7z020_1] -filter {CELL_NAME=~"ILA"}]]
run_hw_ila [get_hw_ilas -of_objects [get_hw_devices xc7z020_1] -filter {CELL_NAME=~"ILA"}]
INFO: [Labtools 27-1964] The ILA core 'hw_ila_1' trigger was armed at 2023-Feb-21 20:56:59
wait_on_hw_ila [get_hw_ilas -of_objects [get_hw_devices xc7z020_1] -filter {CELL_NAME=~"ILA"}]
display_hw_ila_data [upload_hw_ila_data [get_hw_ilas -of_objects [get_hw_devices xc7z020_1] -filter {CELL_NAME=~"ILA"}]]
INFO: [Labtools 27-1966] The ILA core 'hw_ila_1' triggered at 2023-Feb-21 20:56:59
INFO: [Labtools 27-3304] ILA Waveform data saved to file D:/WHUT/FPGA/EXERCISE/PYNQ-Z2/ARM_SOC/CortexM3_Eval_V2/CortexM3_Eval.hw/backup/hw_ila_data_1.ila. Use Tcl command 'read_hw_ila_data' or Vivado File->Import->Import ILA Data menu item to import the previously saved data.
ERROR: [Labtoolstcl 44-513] HW Target shutdown. Closing target: localhost:3121/xilinx_tcf/Xilinx/1234-tulA
INFO: [Labtoolstcl 44-466] Opening hw_target localhost:3121/xilinx_tcf/Xilinx/1234-tulA
WARNING: [Labtoolstcl 44-129] No matching hw_ila_data was found.
INFO: [Labtools 27-1435] Device xc7z020 (JTAG device index = 1) is not programmed (DONE status = 0).
WARNING: [Labtoolstcl 44-129] No matching hw_ila_data was found.
set_property PROBES.FILE {D:/WHUT/FPGA/EXERCISE/PYNQ-Z2/ARM_SOC/CortexM3_Eval_V2/CortexM3_Eval.runs/impl_1/SOC_TOP_V2.ltx} [get_hw_devices xc7z020_1]
set_property FULL_PROBES.FILE {D:/WHUT/FPGA/EXERCISE/PYNQ-Z2/ARM_SOC/CortexM3_Eval_V2/CortexM3_Eval.runs/impl_1/SOC_TOP_V2.ltx} [get_hw_devices xc7z020_1]
set_property PROGRAM.FILE {D:/WHUT/FPGA/EXERCISE/PYNQ-Z2/ARM_SOC/CortexM3_Eval_V2/CortexM3_Eval.runs/impl_1/SOC_TOP_V2.bit} [get_hw_devices xc7z020_1]
program_hw_devices [get_hw_devices xc7z020_1]
INFO: [Labtools 27-3164] End of startup status: HIGH
refresh_hw_device [lindex [get_hw_devices xc7z020_1] 0]
INFO: [Labtools 27-2302] Device xc7z020 (JTAG device index = 1) is programmed with a design that has 1 ILA core(s).
display_hw_ila_data [ get_hw_ila_data hw_ila_data_1 -of_objects [get_hw_ilas -of_objects [get_hw_devices xc7z020_1] -filter {CELL_NAME=~"ILA"}]]
run_hw_ila [get_hw_ilas -of_objects [get_hw_devices xc7z020_1] -filter {CELL_NAME=~"ILA"}]
INFO: [Labtools 27-1964] The ILA core 'hw_ila_1' trigger was armed at 2023-Feb-21 21:17:33
wait_on_hw_ila [get_hw_ilas -of_objects [get_hw_devices xc7z020_1] -filter {CELL_NAME=~"ILA"}]
display_hw_ila_data [upload_hw_ila_data [get_hw_ilas -of_objects [get_hw_devices xc7z020_1] -filter {CELL_NAME=~"ILA"}]]
INFO: [Labtools 27-1966] The ILA core 'hw_ila_1' triggered at 2023-Feb-21 21:17:33
INFO: [Labtools 27-3304] ILA Waveform data saved to file D:/WHUT/FPGA/EXERCISE/PYNQ-Z2/ARM_SOC/CortexM3_Eval_V2/CortexM3_Eval.hw/backup/hw_ila_data_1.ila. Use Tcl command 'read_hw_ila_data' or Vivado File->Import->Import ILA Data menu item to import the previously saved data.
run_hw_ila [get_hw_ilas -of_objects [get_hw_devices xc7z020_1] -filter {CELL_NAME=~"ILA"}] -trigger_now
INFO: [Labtools 27-1964] The ILA core 'hw_ila_1' trigger was armed at 2023-Feb-21 21:17:43
wait_on_hw_ila [get_hw_ilas -of_objects [get_hw_devices xc7z020_1] -filter {CELL_NAME=~"ILA"}]
display_hw_ila_data [upload_hw_ila_data [get_hw_ilas -of_objects [get_hw_devices xc7z020_1] -filter {CELL_NAME=~"ILA"}]]
INFO: [Labtools 27-1966] The ILA core 'hw_ila_1' triggered at 2023-Feb-21 21:17:43
INFO: [Labtools 27-3304] ILA Waveform data saved to file D:/WHUT/FPGA/EXERCISE/PYNQ-Z2/ARM_SOC/CortexM3_Eval_V2/CortexM3_Eval.hw/backup/hw_ila_data_1.ila. Use Tcl command 'read_hw_ila_data' or Vivado File->Import->Import ILA Data menu item to import the previously saved data.
write_hw_ila_data {D:\WHUT\FPGA\EXERCISE\PYNQ-Z2\ARM_SOC\CortexM3_Eval_V2\CortexM3_Eval.xpr\iladata31.ila} hw_ila_data_1
ERROR: [Common 17-99] Failed to open zip archive D:/WHUT/FPGA/EXERCISE/PYNQ-Z2/ARM_SOC/CortexM3_Eval_V2/CortexM3_Eval.xpr/iladata31.ila.
Resolution: Check that you have write permissions at the path specified, and sufficient free disk space.
ERROR: [Labtoolstcl 44-513] HW Target shutdown. Closing target: localhost:3121/xilinx_tcf/Xilinx/1234-tulA
exit
INFO: [Common 17-206] Exiting Vivado at Tue Feb 21 22:22:14 2023...
