#-----------------------------------------------------------
# Vivado v2018.3 (64-bit)
# SW Build 2405991 on Thu Dec  6 23:38:27 MST 2018
# IP Build 2404404 on Fri Dec  7 01:43:56 MST 2018
# Start of session at: Sun Feb 26 15:18:22 2023
# Process ID: 2364
# Current directory: D:/WHUT/FPGA/EXERCISE/PYNQ-Z2/ARM_SOC/CortexM3_Eval_V2
# Command line: vivado.exe -gui_launcher_event rodinguilauncherevent2440 D:\WHUT\FPGA\EXERCISE\PYNQ-Z2\ARM_SOC\CortexM3_Eval_V2\CortexM3_Eval.xpr
# Log file: D:/WHUT/FPGA/EXERCISE/PYNQ-Z2/ARM_SOC/CortexM3_Eval_V2/vivado.log
# Journal file: D:/WHUT/FPGA/EXERCISE/PYNQ-Z2/ARM_SOC/CortexM3_Eval_V2\vivado.jou
#-----------------------------------------------------------
start_gui
open_project D:/WHUT/FPGA/EXERCISE/PYNQ-Z2/ARM_SOC/CortexM3_Eval_V2/CortexM3_Eval.xpr
Scanning sources...
Finished scanning sources
INFO: [IP_Flow 19-234] Refreshing IP repositories
INFO: [IP_Flow 19-1704] No user IP repositories specified
INFO: [IP_Flow 19-2313] Loaded Vivado IP repository 'D:/FPGA/Vivado/Vivado/2018.3/data/ip'.
open_project: Time (s): cpu = 00:00:23 ; elapsed = 00:00:12 . Memory (MB): peak = 834.246 ; gain = 203.207
update_compile_order -fileset sources_1
open_run impl_1
INFO: [Netlist 29-17] Analyzing 510 Unisim elements for replacement
INFO: [Netlist 29-28] Unisim Transformation completed in 0 CPU seconds
INFO: [Project 1-479] Netlist was created with Vivado 2018.3
INFO: [Device 21-403] Loading part xc7z020clg400-1
INFO: [Project 1-570] Preparing netlist for logic optimization
INFO: [Timing 38-478] Restoring timing data from binary archive.
INFO: [Timing 38-479] Binary timing data restore complete.
INFO: [Project 1-856] Restoring constraints from binary archive.
INFO: [Project 1-853] Binary constraint restore complete.
Reading XDEF placement.
Reading placer database...
Reading XDEF routing.
Read XDEF File: Time (s): cpu = 00:00:04 ; elapsed = 00:00:03 . Memory (MB): peak = 1868.926 ; gain = 15.727
Restored from archive | CPU: 5.000000 secs | Memory: 0.000000 MB |
Finished XDEF File Restore: Time (s): cpu = 00:00:04 ; elapsed = 00:00:03 . Memory (MB): peak = 1868.926 ; gain = 15.727
Netlist sorting complete. Time (s): cpu = 00:00:00 ; elapsed = 00:00:00.012 . Memory (MB): peak = 1868.926 ; gain = 0.000
INFO: [Project 1-111] Unisim Transformation Summary:
  A total of 79 instances were transformed.
  CFGLUT5 => CFGLUT5 (SRLC32E, SRL16E): 56 instances
  IOBUF => IOBUF (IBUF, OBUFT): 17 instances
  RAM32M => RAM32M (RAMD32, RAMD32, RAMD32, RAMD32, RAMD32, RAMD32, RAMS32, RAMS32): 6 instances

open_run: Time (s): cpu = 00:00:51 ; elapsed = 00:00:33 . Memory (MB): peak = 2073.617 ; gain = 1018.355
open_report: Time (s): cpu = 00:00:13 ; elapsed = 00:00:07 . Memory (MB): peak = 2296.660 ; gain = 173.551
CRITICAL WARNING: [Timing 38-282] The design failed to meet the timing requirements. Please see the timing summary report for details on the timing violations.
WARNING: [Timing 38-436] There are set_bus_skew constraint(s) in this design. Please run report_bus_skew to ensure that bus skew requirements are met.
open_run synth_1 -name synth_1
Design is defaulting to impl run constrset: constrs_1
Design is defaulting to synth run part: xc7z020clg400-1
INFO: [Project 1-454] Reading design checkpoint 'd:/WHUT/FPGA/EXERCISE/PYNQ-Z2/ARM_SOC/CortexM3_Eval_V2/CortexM3_Eval.srcs/sources_1/ip/clk_wiz_0/clk_wiz_0.dcp' for cell 'Global_clk'
INFO: [Project 1-454] Reading design checkpoint 'd:/WHUT/FPGA/EXERCISE/PYNQ-Z2/ARM_SOC/CortexM3_Eval_V2/CortexM3_Eval.srcs/sources_1/ip/ila_0/ila_0.dcp' for cell 'ILA'
INFO: [Netlist 29-17] Analyzing 492 Unisim elements for replacement
INFO: [Netlist 29-28] Unisim Transformation completed in 0 CPU seconds
WARNING: [Netlist 29-101] Netlist 'SOC_TOP_V2' is not ideal for floorplanning, since the cellview 'cortexm3ds_logic' contains a large number of primitives.  Please consider enabling hierarchy in synthesis if you want to do floorplanning.
INFO: [Project 1-479] Netlist was created with Vivado 2018.3
INFO: [Project 1-570] Preparing netlist for logic optimization
INFO: [Chipscope 16-324] Core: ILA UUID: 7c6a6fe4-4525-5a57-804f-5689cd836bf4 
Parsing XDC File [d:/WHUT/FPGA/EXERCISE/PYNQ-Z2/ARM_SOC/CortexM3_Eval_V2/CortexM3_Eval.srcs/sources_1/ip/clk_wiz_0/clk_wiz_0_board.xdc] for cell 'Global_clk/inst'
Finished Parsing XDC File [d:/WHUT/FPGA/EXERCISE/PYNQ-Z2/ARM_SOC/CortexM3_Eval_V2/CortexM3_Eval.srcs/sources_1/ip/clk_wiz_0/clk_wiz_0_board.xdc] for cell 'Global_clk/inst'
Parsing XDC File [d:/WHUT/FPGA/EXERCISE/PYNQ-Z2/ARM_SOC/CortexM3_Eval_V2/CortexM3_Eval.srcs/sources_1/ip/clk_wiz_0/clk_wiz_0.xdc] for cell 'Global_clk/inst'
INFO: [Timing 38-35] Done setting XDC timing constraints. [d:/WHUT/FPGA/EXERCISE/PYNQ-Z2/ARM_SOC/CortexM3_Eval_V2/CortexM3_Eval.srcs/sources_1/ip/clk_wiz_0/clk_wiz_0.xdc:57]
INFO: [Timing 38-2] Deriving generated clocks [d:/WHUT/FPGA/EXERCISE/PYNQ-Z2/ARM_SOC/CortexM3_Eval_V2/CortexM3_Eval.srcs/sources_1/ip/clk_wiz_0/clk_wiz_0.xdc:57]
Finished Parsing XDC File [d:/WHUT/FPGA/EXERCISE/PYNQ-Z2/ARM_SOC/CortexM3_Eval_V2/CortexM3_Eval.srcs/sources_1/ip/clk_wiz_0/clk_wiz_0.xdc] for cell 'Global_clk/inst'
Parsing XDC File [d:/WHUT/FPGA/EXERCISE/PYNQ-Z2/ARM_SOC/CortexM3_Eval_V2/CortexM3_Eval.srcs/sources_1/ip/ila_0/ila_v6_2/constraints/ila_impl.xdc] for cell 'ILA/inst'
Finished Parsing XDC File [d:/WHUT/FPGA/EXERCISE/PYNQ-Z2/ARM_SOC/CortexM3_Eval_V2/CortexM3_Eval.srcs/sources_1/ip/ila_0/ila_v6_2/constraints/ila_impl.xdc] for cell 'ILA/inst'
Parsing XDC File [d:/WHUT/FPGA/EXERCISE/PYNQ-Z2/ARM_SOC/CortexM3_Eval_V2/CortexM3_Eval.srcs/sources_1/ip/ila_0/ila_v6_2/constraints/ila.xdc] for cell 'ILA/inst'
Finished Parsing XDC File [d:/WHUT/FPGA/EXERCISE/PYNQ-Z2/ARM_SOC/CortexM3_Eval_V2/CortexM3_Eval.srcs/sources_1/ip/ila_0/ila_v6_2/constraints/ila.xdc] for cell 'ILA/inst'
Parsing XDC File [D:/WHUT/FPGA/EXERCISE/PYNQ-Z2/ARM_SOC/CortexM3_Eval_V2/CortexM3_Eval.srcs/constrs_1/new/SOC1.xdc]
Finished Parsing XDC File [D:/WHUT/FPGA/EXERCISE/PYNQ-Z2/ARM_SOC/CortexM3_Eval_V2/CortexM3_Eval.srcs/constrs_1/new/SOC1.xdc]
INFO: [Opt 31-138] Pushed 0 inverter(s) to 0 load pin(s).
Netlist sorting complete. Time (s): cpu = 00:00:00 ; elapsed = 00:00:00.006 . Memory (MB): peak = 2558.859 ; gain = 0.000
INFO: [Project 1-111] Unisim Transformation Summary:
  A total of 73 instances were transformed.
  CFGLUT5 => CFGLUT5 (SRLC32E, SRL16E): 56 instances
  IOBUF => IOBUF (IBUF, OBUFT): 17 instances

open_run: Time (s): cpu = 00:00:12 ; elapsed = 00:00:08 . Memory (MB): peak = 2588.031 ; gain = 140.211
report_timing_summary -delay_type min_max -report_unconstrained -check_timing_verbose -max_paths 10 -input_pins -routable_nets -name timing_1
INFO: [Timing 38-35] Done setting XDC timing constraints.
INFO: [Timing 38-91] UpdateTimingParams: Speed grade: -1, Delay Type: min_max.
INFO: [Timing 38-191] Multithreading enabled for timing update using a maximum of 2 CPUs
current_design impl_1
report_timing_summary -delay_type min_max -report_unconstrained -check_timing_verbose -max_paths 10 -input_pins -routable_nets -name timing_1
INFO: [Timing 38-91] UpdateTimingParams: Speed grade: -1, Delay Type: min_max.
INFO: [Timing 38-191] Multithreading enabled for timing update using a maximum of 2 CPUs
WARNING: [Timing 38-436] There are set_bus_skew constraint(s) in this design. Please run report_bus_skew to ensure that bus skew requirements are met.
report_timing_summary: Time (s): cpu = 00:00:11 ; elapsed = 00:00:06 . Memory (MB): peak = 2691.402 ; gain = 6.184
exit
INFO: [Common 17-206] Exiting Vivado at Sun Feb 26 23:00:13 2023...
