#-----------------------------------------------------------
# Vivado v2018.3 (64-bit)
# SW Build 2405991 on Thu Dec  6 23:38:27 MST 2018
# IP Build 2404404 on Fri Dec  7 01:43:56 MST 2018
# Start of session at: Fri Feb 24 15:44:57 2023
# Process ID: 10276
# Current directory: C:/Users/lu/Desktop/champion/CortexM3_Eval_V2
# Command line: vivado.exe -gui_launcher_event rodinguilauncherevent2568 C:\Users\lu\Desktop\champion\CortexM3_Eval_V2\CortexM3_Eval.xpr
# Log file: C:/Users/lu/Desktop/champion/CortexM3_Eval_V2/vivado.log
# Journal file: C:/Users/lu/Desktop/champion/CortexM3_Eval_V2\vivado.jou
#-----------------------------------------------------------
start_gui
open_project C:/Users/lu/Desktop/champion/CortexM3_Eval_V2/CortexM3_Eval.xpr
INFO: [Project 1-313] Project file moved from 'D:/WHUT/FPGA/EXERCISE/PYNQ-Z2/ARM_SOC/CortexM3_Eval_V2' since last save.
Scanning sources...
Finished scanning sources
INFO: [IP_Flow 19-234] Refreshing IP repositories
INFO: [IP_Flow 19-1704] No user IP repositories specified
INFO: [IP_Flow 19-2313] Loaded Vivado IP repository 'D:/FPGA/Vivado/Vivado/2018.3/data/ip'.
open_project: Time (s): cpu = 00:00:16 ; elapsed = 00:00:09 . Memory (MB): peak = 835.492 ; gain = 223.207
update_compile_order -fileset sources_1
open_hw
connect_hw_server
INFO: [Labtools 27-2285] Connecting to hw_server url TCP:localhost:3121
INFO: [Labtools 27-2222] Launching hw_server...
INFO: [Labtools 27-2221] Launch Output:

****** Xilinx hw_server v2018.3
  **** Build date : Dec  7 2018-00:40:27
    ** Copyright 1986-2018 Xilinx, Inc. All Rights Reserved.


open_hw_target
INFO: [Labtoolstcl 44-466] Opening hw_target localhost:3121/xilinx_tcf/Xilinx/1234-tulA
set_property PROGRAM.FILE {C:/Users/lu/Desktop/champion/CortexM3_Eval_V2/CortexM3_Eval.runs/impl_1/SOC_TOP_V2.bit} [get_hw_devices xc7z020_1]
set_property PROBES.FILE {C:/Users/lu/Desktop/champion/CortexM3_Eval_V2/CortexM3_Eval.runs/impl_1/SOC_TOP_V2.ltx} [get_hw_devices xc7z020_1]
set_property FULL_PROBES.FILE {C:/Users/lu/Desktop/champion/CortexM3_Eval_V2/CortexM3_Eval.runs/impl_1/SOC_TOP_V2.ltx} [get_hw_devices xc7z020_1]
current_hw_device [get_hw_devices xc7z020_1]
refresh_hw_device [lindex [get_hw_devices xc7z020_1] 0]
INFO: [Labtools 27-1435] Device xc7z020 (JTAG device index = 1) is not programmed (DONE status = 0).
set_property PROBES.FILE {C:/Users/lu/Desktop/champion/CortexM3_Eval_V2/CortexM3_Eval.runs/impl_1/SOC_TOP_V2.ltx} [get_hw_devices xc7z020_1]
set_property FULL_PROBES.FILE {C:/Users/lu/Desktop/champion/CortexM3_Eval_V2/CortexM3_Eval.runs/impl_1/SOC_TOP_V2.ltx} [get_hw_devices xc7z020_1]
set_property PROGRAM.FILE {C:/Users/lu/Desktop/champion/CortexM3_Eval_V2/CortexM3_Eval.runs/impl_1/SOC_TOP_V2.bit} [get_hw_devices xc7z020_1]
program_hw_devices [get_hw_devices xc7z020_1]
INFO: [Labtools 27-3164] End of startup status: HIGH
refresh_hw_device [lindex [get_hw_devices xc7z020_1] 0]
INFO: [Labtools 27-2302] Device xc7z020 (JTAG device index = 1) is programmed with a design that has 1 ILA core(s).
display_hw_ila_data [ get_hw_ila_data hw_ila_data_1 -of_objects [get_hw_ilas -of_objects [get_hw_devices xc7z020_1] -filter {CELL_NAME=~"ILA"}]]
ERROR: [Labtoolstcl 44-513] HW Target shutdown. Closing target: localhost:3121/xilinx_tcf/Xilinx/1234-tulA
open_run impl_1
INFO: [Netlist 29-17] Analyzing 476 Unisim elements for replacement
INFO: [Netlist 29-28] Unisim Transformation completed in 1 CPU seconds
INFO: [Project 1-479] Netlist was created with Vivado 2018.3
INFO: [Device 21-403] Loading part xc7z020clg400-1
INFO: [Project 1-570] Preparing netlist for logic optimization
INFO: [Timing 38-478] Restoring timing data from binary archive.
INFO: [Timing 38-479] Binary timing data restore complete.
INFO: [Project 1-856] Restoring constraints from binary archive.
INFO: [Project 1-853] Binary constraint restore complete.
Reading XDEF placement.
Reading placer database...
Reading XDEF routing.
Read XDEF File: Time (s): cpu = 00:00:02 ; elapsed = 00:00:02 . Memory (MB): peak = 2855.973 ; gain = 19.445
Restored from archive | CPU: 2.000000 secs | Memory: 0.000000 MB |
Finished XDEF File Restore: Time (s): cpu = 00:00:02 ; elapsed = 00:00:02 . Memory (MB): peak = 2855.973 ; gain = 19.445
Netlist sorting complete. Time (s): cpu = 00:00:00 ; elapsed = 00:00:00.006 . Memory (MB): peak = 2855.973 ; gain = 0.000
INFO: [Project 1-111] Unisim Transformation Summary:
  A total of 67 instances were transformed.
  CFGLUT5 => CFGLUT5 (SRLC32E, SRL16E): 44 instances
  IOBUF => IOBUF (IBUF, OBUFT): 17 instances
  RAM32M => RAM32M (RAMD32, RAMD32, RAMD32, RAMD32, RAMD32, RAMD32, RAMS32, RAMS32): 6 instances

open_run: Time (s): cpu = 00:00:32 ; elapsed = 00:00:26 . Memory (MB): peak = 2999.609 ; gain = 983.812
CRITICAL WARNING: [Timing 38-282] The design failed to meet the timing requirements. Please see the timing summary report for details on the timing violations.
WARNING: [Timing 38-436] There are set_bus_skew constraint(s) in this design. Please run report_bus_skew to ensure that bus skew requirements are met.
INFO: [Labtoolstcl 44-466] Opening hw_target localhost:3121/xilinx_tcf/Xilinx/1234-tulA
WARNING: [Labtoolstcl 44-129] No matching hw_ila_data was found.
INFO: [Labtools 27-2302] Device xc7z020 (JTAG device index = 1) is programmed with a design that has 1 ILA core(s).
ERROR: [Labtoolstcl 44-513] HW Target shutdown. Closing target: localhost:3121/xilinx_tcf/Xilinx/1234-tulA
INFO: [Labtoolstcl 44-466] Opening hw_target localhost:3121/xilinx_tcf/Xilinx/1234-tulA
WARNING: [Labtoolstcl 44-129] No matching hw_ila_data was found.
INFO: [Labtools 27-1435] Device xc7z020 (JTAG device index = 1) is not programmed (DONE status = 0).
WARNING: [Labtoolstcl 44-129] No matching hw_ila_data was found.
set_property PROBES.FILE {C:/Users/lu/Desktop/champion/CortexM3_Eval_V2/CortexM3_Eval.runs/impl_1/SOC_TOP_V2.ltx} [get_hw_devices xc7z020_1]
set_property FULL_PROBES.FILE {C:/Users/lu/Desktop/champion/CortexM3_Eval_V2/CortexM3_Eval.runs/impl_1/SOC_TOP_V2.ltx} [get_hw_devices xc7z020_1]
set_property PROGRAM.FILE {C:/Users/lu/Desktop/champion/CortexM3_Eval_V2/CortexM3_Eval.runs/impl_1/SOC_TOP_V2.bit} [get_hw_devices xc7z020_1]
program_hw_devices [get_hw_devices xc7z020_1]
INFO: [Labtools 27-3164] End of startup status: HIGH
refresh_hw_device [lindex [get_hw_devices xc7z020_1] 0]
INFO: [Labtools 27-2302] Device xc7z020 (JTAG device index = 1) is programmed with a design that has 1 ILA core(s).
add_wave -into {hw_ila_data_1.wcfg} -radix hex { {EXP_IBUF} {EXP_IBUF_1} {EXP_IBUF_2} {EXP_IBUF_3} }
set_property NAME.CUSTOM MOSI [get_hw_probes EXP_IBUF] 
set_property NAME.CUSTOM CS [get_hw_probes EXP_IBUF_1] 
set_property NAME.CUSTOM CLK [get_hw_probes EXP_IBUF_2] 
set_property NAME.CUSTOM MISO [get_hw_probes EXP_IBUF_3] 
ERROR: [Labtoolstcl 44-513] HW Target shutdown. Closing target: localhost:3121/xilinx_tcf/Xilinx/1234-tulA
INFO: [Labtoolstcl 44-466] Opening hw_target localhost:3121/xilinx_tcf/Xilinx/1234-tulA
WARNING: [Labtoolstcl 44-129] No matching hw_ila_data was found.
INFO: [Labtools 27-2302] Device xc7z020 (JTAG device index = 1) is programmed with a design that has 1 ILA core(s).
ERROR: [Labtoolstcl 44-513] HW Target shutdown. Closing target: localhost:3121/xilinx_tcf/Xilinx/1234-tulA
INFO: [Labtoolstcl 44-466] Opening hw_target localhost:3121/xilinx_tcf/Xilinx/1234-tulA
WARNING: [Labtoolstcl 44-129] No matching hw_ila_data was found.
INFO: [Labtools 27-1435] Device xc7z020 (JTAG device index = 1) is not programmed (DONE status = 0).
WARNING: [Labtoolstcl 44-129] No matching hw_ila_data was found.
set_property PROBES.FILE {C:/Users/lu/Desktop/champion/CortexM3_Eval_V2/CortexM3_Eval.runs/impl_1/SOC_TOP_V2.ltx} [get_hw_devices xc7z020_1]
set_property FULL_PROBES.FILE {C:/Users/lu/Desktop/champion/CortexM3_Eval_V2/CortexM3_Eval.runs/impl_1/SOC_TOP_V2.ltx} [get_hw_devices xc7z020_1]
set_property PROGRAM.FILE {C:/Users/lu/Desktop/champion/CortexM3_Eval_V2/CortexM3_Eval.runs/impl_1/SOC_TOP_V2.bit} [get_hw_devices xc7z020_1]
program_hw_devices [get_hw_devices xc7z020_1]
INFO: [Labtools 27-3164] End of startup status: HIGH
refresh_hw_device [lindex [get_hw_devices xc7z020_1] 0]
INFO: [Labtools 27-2302] Device xc7z020 (JTAG device index = 1) is programmed with a design that has 1 ILA core(s).
add_wave -into {hw_ila_data_1.wcfg} -radix hex { {EXP_IBUF} {EXP_IBUF_1} {EXP_IBUF_2} {EXP_IBUF_3} }
set_property NAME.CUSTOM MOSI [get_hw_probes EXP_IBUF] 
set_property NAME.CUSTOM CS [get_hw_probes EXP_IBUF_1] 
set_property NAME.CUSTOM CLK [get_hw_probes EXP_IBUF_2] 
set_property NAME.CUSTOM MISO [get_hw_probes EXP_IBUF_3] 
run_hw_ila [get_hw_ilas -of_objects [get_hw_devices xc7z020_1] -filter {CELL_NAME=~"ILA"}]
INFO: [Labtools 27-1964] The ILA core 'hw_ila_1' trigger was armed at 2023-Feb-24 16:07:54
wait_on_hw_ila [get_hw_ilas -of_objects [get_hw_devices xc7z020_1] -filter {CELL_NAME=~"ILA"}]
display_hw_ila_data [upload_hw_ila_data [get_hw_ilas -of_objects [get_hw_devices xc7z020_1] -filter {CELL_NAME=~"ILA"}]]
INFO: [Labtools 27-1966] The ILA core 'hw_ila_1' triggered at 2023-Feb-24 16:07:54
INFO: [Labtools 27-3304] ILA Waveform data saved to file C:/Users/lu/Desktop/champion/CortexM3_Eval_V2/CortexM3_Eval.hw/backup/hw_ila_data_1.ila. Use Tcl command 'read_hw_ila_data' or Vivado File->Import->Import ILA Data menu item to import the previously saved data.
run_hw_ila [get_hw_ilas -of_objects [get_hw_devices xc7z020_1] -filter {CELL_NAME=~"ILA"}]
INFO: [Labtools 27-1964] The ILA core 'hw_ila_1' trigger was armed at 2023-Feb-24 16:07:56
wait_on_hw_ila [get_hw_ilas -of_objects [get_hw_devices xc7z020_1] -filter {CELL_NAME=~"ILA"}]
display_hw_ila_data [upload_hw_ila_data [get_hw_ilas -of_objects [get_hw_devices xc7z020_1] -filter {CELL_NAME=~"ILA"}]]
INFO: [Labtools 27-1966] The ILA core 'hw_ila_1' triggered at 2023-Feb-24 16:07:56
INFO: [Labtools 27-3304] ILA Waveform data saved to file C:/Users/lu/Desktop/champion/CortexM3_Eval_V2/CortexM3_Eval.hw/backup/hw_ila_data_1.ila. Use Tcl command 'read_hw_ila_data' or Vivado File->Import->Import ILA Data menu item to import the previously saved data.
run_hw_ila [get_hw_ilas -of_objects [get_hw_devices xc7z020_1] -filter {CELL_NAME=~"ILA"}]
INFO: [Labtools 27-1964] The ILA core 'hw_ila_1' trigger was armed at 2023-Feb-24 16:08:43
wait_on_hw_ila [get_hw_ilas -of_objects [get_hw_devices xc7z020_1] -filter {CELL_NAME=~"ILA"}]
display_hw_ila_data [upload_hw_ila_data [get_hw_ilas -of_objects [get_hw_devices xc7z020_1] -filter {CELL_NAME=~"ILA"}]]
INFO: [Labtools 27-1966] The ILA core 'hw_ila_1' triggered at 2023-Feb-24 16:08:43
INFO: [Labtools 27-3304] ILA Waveform data saved to file C:/Users/lu/Desktop/champion/CortexM3_Eval_V2/CortexM3_Eval.hw/backup/hw_ila_data_1.ila. Use Tcl command 'read_hw_ila_data' or Vivado File->Import->Import ILA Data menu item to import the previously saved data.
run_hw_ila [get_hw_ilas -of_objects [get_hw_devices xc7z020_1] -filter {CELL_NAME=~"ILA"}] -trigger_now
INFO: [Labtools 27-1964] The ILA core 'hw_ila_1' trigger was armed at 2023-Feb-24 16:09:49
wait_on_hw_ila [get_hw_ilas -of_objects [get_hw_devices xc7z020_1] -filter {CELL_NAME=~"ILA"}]
display_hw_ila_data [upload_hw_ila_data [get_hw_ilas -of_objects [get_hw_devices xc7z020_1] -filter {CELL_NAME=~"ILA"}]]
INFO: [Labtools 27-1966] The ILA core 'hw_ila_1' triggered at 2023-Feb-24 16:09:49
INFO: [Labtools 27-3304] ILA Waveform data saved to file C:/Users/lu/Desktop/champion/CortexM3_Eval_V2/CortexM3_Eval.hw/backup/hw_ila_data_1.ila. Use Tcl command 'read_hw_ila_data' or Vivado File->Import->Import ILA Data menu item to import the previously saved data.
run_hw_ila [get_hw_ilas -of_objects [get_hw_devices xc7z020_1] -filter {CELL_NAME=~"ILA"}] -trigger_now
INFO: [Labtools 27-1964] The ILA core 'hw_ila_1' trigger was armed at 2023-Feb-24 16:09:52
wait_on_hw_ila [get_hw_ilas -of_objects [get_hw_devices xc7z020_1] -filter {CELL_NAME=~"ILA"}]
display_hw_ila_data [upload_hw_ila_data [get_hw_ilas -of_objects [get_hw_devices xc7z020_1] -filter {CELL_NAME=~"ILA"}]]
INFO: [Labtools 27-1966] The ILA core 'hw_ila_1' triggered at 2023-Feb-24 16:09:52
INFO: [Labtools 27-3304] ILA Waveform data saved to file C:/Users/lu/Desktop/champion/CortexM3_Eval_V2/CortexM3_Eval.hw/backup/hw_ila_data_1.ila. Use Tcl command 'read_hw_ila_data' or Vivado File->Import->Import ILA Data menu item to import the previously saved data.
run_hw_ila [get_hw_ilas -of_objects [get_hw_devices xc7z020_1] -filter {CELL_NAME=~"ILA"}] -trigger_now
INFO: [Labtools 27-1964] The ILA core 'hw_ila_1' trigger was armed at 2023-Feb-24 16:09:56
wait_on_hw_ila [get_hw_ilas -of_objects [get_hw_devices xc7z020_1] -filter {CELL_NAME=~"ILA"}]
display_hw_ila_data [upload_hw_ila_data [get_hw_ilas -of_objects [get_hw_devices xc7z020_1] -filter {CELL_NAME=~"ILA"}]]
INFO: [Labtools 27-1966] The ILA core 'hw_ila_1' triggered at 2023-Feb-24 16:09:56
INFO: [Labtools 27-3304] ILA Waveform data saved to file C:/Users/lu/Desktop/champion/CortexM3_Eval_V2/CortexM3_Eval.hw/backup/hw_ila_data_1.ila. Use Tcl command 'read_hw_ila_data' or Vivado File->Import->Import ILA Data menu item to import the previously saved data.
run_hw_ila [get_hw_ilas -of_objects [get_hw_devices xc7z020_1] -filter {CELL_NAME=~"ILA"}] -trigger_now
INFO: [Labtools 27-1964] The ILA core 'hw_ila_1' trigger was armed at 2023-Feb-24 16:10:00
wait_on_hw_ila [get_hw_ilas -of_objects [get_hw_devices xc7z020_1] -filter {CELL_NAME=~"ILA"}]
display_hw_ila_data [upload_hw_ila_data [get_hw_ilas -of_objects [get_hw_devices xc7z020_1] -filter {CELL_NAME=~"ILA"}]]
INFO: [Labtools 27-1966] The ILA core 'hw_ila_1' triggered at 2023-Feb-24 16:10:00
INFO: [Labtools 27-3304] ILA Waveform data saved to file C:/Users/lu/Desktop/champion/CortexM3_Eval_V2/CortexM3_Eval.hw/backup/hw_ila_data_1.ila. Use Tcl command 'read_hw_ila_data' or Vivado File->Import->Import ILA Data menu item to import the previously saved data.
run_hw_ila [get_hw_ilas -of_objects [get_hw_devices xc7z020_1] -filter {CELL_NAME=~"ILA"}] -trigger_now
INFO: [Labtools 27-1964] The ILA core 'hw_ila_1' trigger was armed at 2023-Feb-24 16:10:04
wait_on_hw_ila [get_hw_ilas -of_objects [get_hw_devices xc7z020_1] -filter {CELL_NAME=~"ILA"}]
display_hw_ila_data [upload_hw_ila_data [get_hw_ilas -of_objects [get_hw_devices xc7z020_1] -filter {CELL_NAME=~"ILA"}]]
INFO: [Labtools 27-1966] The ILA core 'hw_ila_1' triggered at 2023-Feb-24 16:10:04
INFO: [Labtools 27-3304] ILA Waveform data saved to file C:/Users/lu/Desktop/champion/CortexM3_Eval_V2/CortexM3_Eval.hw/backup/hw_ila_data_1.ila. Use Tcl command 'read_hw_ila_data' or Vivado File->Import->Import ILA Data menu item to import the previously saved data.
run_hw_ila [get_hw_ilas -of_objects [get_hw_devices xc7z020_1] -filter {CELL_NAME=~"ILA"}] -trigger_now
INFO: [Labtools 27-1964] The ILA core 'hw_ila_1' trigger was armed at 2023-Feb-24 16:10:07
wait_on_hw_ila [get_hw_ilas -of_objects [get_hw_devices xc7z020_1] -filter {CELL_NAME=~"ILA"}]
display_hw_ila_data [upload_hw_ila_data [get_hw_ilas -of_objects [get_hw_devices xc7z020_1] -filter {CELL_NAME=~"ILA"}]]
INFO: [Labtools 27-1966] The ILA core 'hw_ila_1' triggered at 2023-Feb-24 16:10:07
INFO: [Labtools 27-3304] ILA Waveform data saved to file C:/Users/lu/Desktop/champion/CortexM3_Eval_V2/CortexM3_Eval.hw/backup/hw_ila_data_1.ila. Use Tcl command 'read_hw_ila_data' or Vivado File->Import->Import ILA Data menu item to import the previously saved data.
run_hw_ila [get_hw_ilas -of_objects [get_hw_devices xc7z020_1] -filter {CELL_NAME=~"ILA"}] -trigger_now
INFO: [Labtools 27-1964] The ILA core 'hw_ila_1' trigger was armed at 2023-Feb-24 16:10:11
wait_on_hw_ila [get_hw_ilas -of_objects [get_hw_devices xc7z020_1] -filter {CELL_NAME=~"ILA"}]
display_hw_ila_data [upload_hw_ila_data [get_hw_ilas -of_objects [get_hw_devices xc7z020_1] -filter {CELL_NAME=~"ILA"}]]
INFO: [Labtools 27-1966] The ILA core 'hw_ila_1' triggered at 2023-Feb-24 16:10:11
INFO: [Labtools 27-3304] ILA Waveform data saved to file C:/Users/lu/Desktop/champion/CortexM3_Eval_V2/CortexM3_Eval.hw/backup/hw_ila_data_1.ila. Use Tcl command 'read_hw_ila_data' or Vivado File->Import->Import ILA Data menu item to import the previously saved data.
run_hw_ila [get_hw_ilas -of_objects [get_hw_devices xc7z020_1] -filter {CELL_NAME=~"ILA"}] -trigger_now
INFO: [Labtools 27-1964] The ILA core 'hw_ila_1' trigger was armed at 2023-Feb-24 16:10:14
wait_on_hw_ila [get_hw_ilas -of_objects [get_hw_devices xc7z020_1] -filter {CELL_NAME=~"ILA"}]
display_hw_ila_data [upload_hw_ila_data [get_hw_ilas -of_objects [get_hw_devices xc7z020_1] -filter {CELL_NAME=~"ILA"}]]
INFO: [Labtools 27-1966] The ILA core 'hw_ila_1' triggered at 2023-Feb-24 16:10:14
INFO: [Labtools 27-3304] ILA Waveform data saved to file C:/Users/lu/Desktop/champion/CortexM3_Eval_V2/CortexM3_Eval.hw/backup/hw_ila_data_1.ila. Use Tcl command 'read_hw_ila_data' or Vivado File->Import->Import ILA Data menu item to import the previously saved data.
run_hw_ila [get_hw_ilas -of_objects [get_hw_devices xc7z020_1] -filter {CELL_NAME=~"ILA"}] -trigger_now
INFO: [Labtools 27-1964] The ILA core 'hw_ila_1' trigger was armed at 2023-Feb-24 16:10:18
wait_on_hw_ila [get_hw_ilas -of_objects [get_hw_devices xc7z020_1] -filter {CELL_NAME=~"ILA"}]
display_hw_ila_data [upload_hw_ila_data [get_hw_ilas -of_objects [get_hw_devices xc7z020_1] -filter {CELL_NAME=~"ILA"}]]
INFO: [Labtools 27-1966] The ILA core 'hw_ila_1' triggered at 2023-Feb-24 16:10:18
INFO: [Labtools 27-3304] ILA Waveform data saved to file C:/Users/lu/Desktop/champion/CortexM3_Eval_V2/CortexM3_Eval.hw/backup/hw_ila_data_1.ila. Use Tcl command 'read_hw_ila_data' or Vivado File->Import->Import ILA Data menu item to import the previously saved data.
run_hw_ila [get_hw_ilas -of_objects [get_hw_devices xc7z020_1] -filter {CELL_NAME=~"ILA"}] -trigger_now
INFO: [Labtools 27-1964] The ILA core 'hw_ila_1' trigger was armed at 2023-Feb-24 16:10:21
wait_on_hw_ila [get_hw_ilas -of_objects [get_hw_devices xc7z020_1] -filter {CELL_NAME=~"ILA"}]
display_hw_ila_data [upload_hw_ila_data [get_hw_ilas -of_objects [get_hw_devices xc7z020_1] -filter {CELL_NAME=~"ILA"}]]
INFO: [Labtools 27-1966] The ILA core 'hw_ila_1' triggered at 2023-Feb-24 16:10:21
INFO: [Labtools 27-3304] ILA Waveform data saved to file C:/Users/lu/Desktop/champion/CortexM3_Eval_V2/CortexM3_Eval.hw/backup/hw_ila_data_1.ila. Use Tcl command 'read_hw_ila_data' or Vivado File->Import->Import ILA Data menu item to import the previously saved data.
run_hw_ila [get_hw_ilas -of_objects [get_hw_devices xc7z020_1] -filter {CELL_NAME=~"ILA"}] -trigger_now
INFO: [Labtools 27-1964] The ILA core 'hw_ila_1' trigger was armed at 2023-Feb-24 16:10:25
wait_on_hw_ila [get_hw_ilas -of_objects [get_hw_devices xc7z020_1] -filter {CELL_NAME=~"ILA"}]
display_hw_ila_data [upload_hw_ila_data [get_hw_ilas -of_objects [get_hw_devices xc7z020_1] -filter {CELL_NAME=~"ILA"}]]
INFO: [Labtools 27-1966] The ILA core 'hw_ila_1' triggered at 2023-Feb-24 16:10:25
INFO: [Labtools 27-3304] ILA Waveform data saved to file C:/Users/lu/Desktop/champion/CortexM3_Eval_V2/CortexM3_Eval.hw/backup/hw_ila_data_1.ila. Use Tcl command 'read_hw_ila_data' or Vivado File->Import->Import ILA Data menu item to import the previously saved data.
run_hw_ila [get_hw_ilas -of_objects [get_hw_devices xc7z020_1] -filter {CELL_NAME=~"ILA"}] -trigger_now
INFO: [Labtools 27-1964] The ILA core 'hw_ila_1' trigger was armed at 2023-Feb-24 16:10:28
wait_on_hw_ila [get_hw_ilas -of_objects [get_hw_devices xc7z020_1] -filter {CELL_NAME=~"ILA"}]
display_hw_ila_data [upload_hw_ila_data [get_hw_ilas -of_objects [get_hw_devices xc7z020_1] -filter {CELL_NAME=~"ILA"}]]
INFO: [Labtools 27-1966] The ILA core 'hw_ila_1' triggered at 2023-Feb-24 16:10:28
INFO: [Labtools 27-3304] ILA Waveform data saved to file C:/Users/lu/Desktop/champion/CortexM3_Eval_V2/CortexM3_Eval.hw/backup/hw_ila_data_1.ila. Use Tcl command 'read_hw_ila_data' or Vivado File->Import->Import ILA Data menu item to import the previously saved data.
run_hw_ila [get_hw_ilas -of_objects [get_hw_devices xc7z020_1] -filter {CELL_NAME=~"ILA"}] -trigger_now
INFO: [Labtools 27-1964] The ILA core 'hw_ila_1' trigger was armed at 2023-Feb-24 16:10:32
wait_on_hw_ila [get_hw_ilas -of_objects [get_hw_devices xc7z020_1] -filter {CELL_NAME=~"ILA"}]
display_hw_ila_data [upload_hw_ila_data [get_hw_ilas -of_objects [get_hw_devices xc7z020_1] -filter {CELL_NAME=~"ILA"}]]
INFO: [Labtools 27-1966] The ILA core 'hw_ila_1' triggered at 2023-Feb-24 16:10:32
INFO: [Labtools 27-3304] ILA Waveform data saved to file C:/Users/lu/Desktop/champion/CortexM3_Eval_V2/CortexM3_Eval.hw/backup/hw_ila_data_1.ila. Use Tcl command 'read_hw_ila_data' or Vivado File->Import->Import ILA Data menu item to import the previously saved data.
run_hw_ila [get_hw_ilas -of_objects [get_hw_devices xc7z020_1] -filter {CELL_NAME=~"ILA"}] -trigger_now
INFO: [Labtools 27-1964] The ILA core 'hw_ila_1' trigger was armed at 2023-Feb-24 16:10:35
wait_on_hw_ila [get_hw_ilas -of_objects [get_hw_devices xc7z020_1] -filter {CELL_NAME=~"ILA"}]
display_hw_ila_data [upload_hw_ila_data [get_hw_ilas -of_objects [get_hw_devices xc7z020_1] -filter {CELL_NAME=~"ILA"}]]
INFO: [Labtools 27-1966] The ILA core 'hw_ila_1' triggered at 2023-Feb-24 16:10:35
INFO: [Labtools 27-3304] ILA Waveform data saved to file C:/Users/lu/Desktop/champion/CortexM3_Eval_V2/CortexM3_Eval.hw/backup/hw_ila_data_1.ila. Use Tcl command 'read_hw_ila_data' or Vivado File->Import->Import ILA Data menu item to import the previously saved data.
run_hw_ila [get_hw_ilas -of_objects [get_hw_devices xc7z020_1] -filter {CELL_NAME=~"ILA"}] -trigger_now
INFO: [Labtools 27-1964] The ILA core 'hw_ila_1' trigger was armed at 2023-Feb-24 16:10:39
wait_on_hw_ila [get_hw_ilas -of_objects [get_hw_devices xc7z020_1] -filter {CELL_NAME=~"ILA"}]
display_hw_ila_data [upload_hw_ila_data [get_hw_ilas -of_objects [get_hw_devices xc7z020_1] -filter {CELL_NAME=~"ILA"}]]
ERROR: [Labtools 27-2215] Slow clock or no clock connected for ILA [hw_ila_1].
run_hw_ila [get_hw_ilas -of_objects [get_hw_devices xc7z020_1] -filter {CELL_NAME=~"ILA"}] -trigger_now
INFO: [Labtools 27-1964] The ILA core 'hw_ila_1' trigger was armed at 2023-Feb-24 16:10:43
wait_on_hw_ila [get_hw_ilas -of_objects [get_hw_devices xc7z020_1] -filter {CELL_NAME=~"ILA"}]
display_hw_ila_data [upload_hw_ila_data [get_hw_ilas -of_objects [get_hw_devices xc7z020_1] -filter {CELL_NAME=~"ILA"}]]
INFO: [Labtools 27-1966] The ILA core 'hw_ila_1' triggered at 2023-Feb-24 16:10:43
INFO: [Labtools 27-3304] ILA Waveform data saved to file C:/Users/lu/Desktop/champion/CortexM3_Eval_V2/CortexM3_Eval.hw/backup/hw_ila_data_1.ila. Use Tcl command 'read_hw_ila_data' or Vivado File->Import->Import ILA Data menu item to import the previously saved data.
run_hw_ila [get_hw_ilas -of_objects [get_hw_devices xc7z020_1] -filter {CELL_NAME=~"ILA"}] -trigger_now
INFO: [Labtools 27-1964] The ILA core 'hw_ila_1' trigger was armed at 2023-Feb-24 16:10:46
wait_on_hw_ila [get_hw_ilas -of_objects [get_hw_devices xc7z020_1] -filter {CELL_NAME=~"ILA"}]
display_hw_ila_data [upload_hw_ila_data [get_hw_ilas -of_objects [get_hw_devices xc7z020_1] -filter {CELL_NAME=~"ILA"}]]
INFO: [Labtools 27-1966] The ILA core 'hw_ila_1' triggered at 2023-Feb-24 16:10:46
INFO: [Labtools 27-3304] ILA Waveform data saved to file C:/Users/lu/Desktop/champion/CortexM3_Eval_V2/CortexM3_Eval.hw/backup/hw_ila_data_1.ila. Use Tcl command 'read_hw_ila_data' or Vivado File->Import->Import ILA Data menu item to import the previously saved data.
run_hw_ila [get_hw_ilas -of_objects [get_hw_devices xc7z020_1] -filter {CELL_NAME=~"ILA"}] -trigger_now
INFO: [Labtools 27-1964] The ILA core 'hw_ila_1' trigger was armed at 2023-Feb-24 16:10:50
wait_on_hw_ila [get_hw_ilas -of_objects [get_hw_devices xc7z020_1] -filter {CELL_NAME=~"ILA"}]
display_hw_ila_data [upload_hw_ila_data [get_hw_ilas -of_objects [get_hw_devices xc7z020_1] -filter {CELL_NAME=~"ILA"}]]
INFO: [Labtools 27-1966] The ILA core 'hw_ila_1' triggered at 2023-Feb-24 16:10:50
INFO: [Labtools 27-3304] ILA Waveform data saved to file C:/Users/lu/Desktop/champion/CortexM3_Eval_V2/CortexM3_Eval.hw/backup/hw_ila_data_1.ila. Use Tcl command 'read_hw_ila_data' or Vivado File->Import->Import ILA Data menu item to import the previously saved data.
run_hw_ila [get_hw_ilas -of_objects [get_hw_devices xc7z020_1] -filter {CELL_NAME=~"ILA"}] -trigger_now
INFO: [Labtools 27-1964] The ILA core 'hw_ila_1' trigger was armed at 2023-Feb-24 16:10:53
wait_on_hw_ila [get_hw_ilas -of_objects [get_hw_devices xc7z020_1] -filter {CELL_NAME=~"ILA"}]
display_hw_ila_data [upload_hw_ila_data [get_hw_ilas -of_objects [get_hw_devices xc7z020_1] -filter {CELL_NAME=~"ILA"}]]
INFO: [Labtools 27-1966] The ILA core 'hw_ila_1' triggered at 2023-Feb-24 16:10:53
INFO: [Labtools 27-3304] ILA Waveform data saved to file C:/Users/lu/Desktop/champion/CortexM3_Eval_V2/CortexM3_Eval.hw/backup/hw_ila_data_1.ila. Use Tcl command 'read_hw_ila_data' or Vivado File->Import->Import ILA Data menu item to import the previously saved data.
run_hw_ila [get_hw_ilas -of_objects [get_hw_devices xc7z020_1] -filter {CELL_NAME=~"ILA"}] -trigger_now
INFO: [Labtools 27-1964] The ILA core 'hw_ila_1' trigger was armed at 2023-Feb-24 16:10:57
wait_on_hw_ila [get_hw_ilas -of_objects [get_hw_devices xc7z020_1] -filter {CELL_NAME=~"ILA"}]
display_hw_ila_data [upload_hw_ila_data [get_hw_ilas -of_objects [get_hw_devices xc7z020_1] -filter {CELL_NAME=~"ILA"}]]
INFO: [Labtools 27-1966] The ILA core 'hw_ila_1' triggered at 2023-Feb-24 16:10:57
INFO: [Labtools 27-3304] ILA Waveform data saved to file C:/Users/lu/Desktop/champion/CortexM3_Eval_V2/CortexM3_Eval.hw/backup/hw_ila_data_1.ila. Use Tcl command 'read_hw_ila_data' or Vivado File->Import->Import ILA Data menu item to import the previously saved data.
ERROR: [Labtoolstcl 44-513] HW Target shutdown. Closing target: localhost:3121/xilinx_tcf/Xilinx/1234-tulA
INFO: [Labtoolstcl 44-466] Opening hw_target localhost:3121/xilinx_tcf/Xilinx/1234-tulA
WARNING: [Labtoolstcl 44-129] No matching hw_ila_data was found.
INFO: [Labtools 27-1435] Device xc7z020 (JTAG device index = 1) is not programmed (DONE status = 0).
WARNING: [Labtoolstcl 44-129] No matching hw_ila_data was found.
set_property PROBES.FILE {C:/Users/lu/Desktop/champion/CortexM3_Eval_V2/CortexM3_Eval.runs/impl_1/SOC_TOP_V2.ltx} [get_hw_devices xc7z020_1]
set_property FULL_PROBES.FILE {C:/Users/lu/Desktop/champion/CortexM3_Eval_V2/CortexM3_Eval.runs/impl_1/SOC_TOP_V2.ltx} [get_hw_devices xc7z020_1]
set_property PROGRAM.FILE {C:/Users/lu/Desktop/champion/CortexM3_Eval_V2/CortexM3_Eval.runs/impl_1/SOC_TOP_V2.bit} [get_hw_devices xc7z020_1]
program_hw_devices [get_hw_devices xc7z020_1]
INFO: [Labtools 27-3164] End of startup status: HIGH
refresh_hw_device [lindex [get_hw_devices xc7z020_1] 0]
INFO: [Labtools 27-2302] Device xc7z020 (JTAG device index = 1) is programmed with a design that has 1 ILA core(s).
add_wave -into {hw_ila_data_1.wcfg} -radix hex { {EXP_IBUF} {EXP_IBUF_1} {EXP_IBUF_2} {EXP_IBUF_3} }
set_property NAME.CUSTOM MOSI [get_hw_probes EXP_IBUF] 
set_property NAME.CUSTOM CS [get_hw_probes EXP_IBUF_1] 
set_property NAME.CUSTOM CLK [get_hw_probes EXP_IBUF_2] 
set_property NAME.CUSTOM MISO [get_hw_probes EXP_IBUF_3] 
run_hw_ila [get_hw_ilas -of_objects [get_hw_devices xc7z020_1] -filter {CELL_NAME=~"ILA"}]
INFO: [Labtools 27-1964] The ILA core 'hw_ila_1' trigger was armed at 2023-Feb-24 16:12:07
wait_on_hw_ila [get_hw_ilas -of_objects [get_hw_devices xc7z020_1] -filter {CELL_NAME=~"ILA"}]
display_hw_ila_data [upload_hw_ila_data [get_hw_ilas -of_objects [get_hw_devices xc7z020_1] -filter {CELL_NAME=~"ILA"}]]
INFO: [Labtools 27-1966] The ILA core 'hw_ila_1' triggered at 2023-Feb-24 16:12:07
INFO: [Labtools 27-3304] ILA Waveform data saved to file C:/Users/lu/Desktop/champion/CortexM3_Eval_V2/CortexM3_Eval.hw/backup/hw_ila_data_1.ila. Use Tcl command 'read_hw_ila_data' or Vivado File->Import->Import ILA Data menu item to import the previously saved data.
run_hw_ila [get_hw_ilas -of_objects [get_hw_devices xc7z020_1] -filter {CELL_NAME=~"ILA"}] -trigger_now
INFO: [Labtools 27-1964] The ILA core 'hw_ila_1' trigger was armed at 2023-Feb-24 16:12:09
wait_on_hw_ila [get_hw_ilas -of_objects [get_hw_devices xc7z020_1] -filter {CELL_NAME=~"ILA"}]
display_hw_ila_data [upload_hw_ila_data [get_hw_ilas -of_objects [get_hw_devices xc7z020_1] -filter {CELL_NAME=~"ILA"}]]
INFO: [Labtools 27-1966] The ILA core 'hw_ila_1' triggered at 2023-Feb-24 16:12:09
INFO: [Labtools 27-3304] ILA Waveform data saved to file C:/Users/lu/Desktop/champion/CortexM3_Eval_V2/CortexM3_Eval.hw/backup/hw_ila_data_1.ila. Use Tcl command 'read_hw_ila_data' or Vivado File->Import->Import ILA Data menu item to import the previously saved data.
run_hw_ila [get_hw_ilas -of_objects [get_hw_devices xc7z020_1] -filter {CELL_NAME=~"ILA"}] -trigger_now
INFO: [Labtools 27-1964] The ILA core 'hw_ila_1' trigger was armed at 2023-Feb-24 16:12:12
wait_on_hw_ila [get_hw_ilas -of_objects [get_hw_devices xc7z020_1] -filter {CELL_NAME=~"ILA"}]
display_hw_ila_data [upload_hw_ila_data [get_hw_ilas -of_objects [get_hw_devices xc7z020_1] -filter {CELL_NAME=~"ILA"}]]
INFO: [Labtools 27-1966] The ILA core 'hw_ila_1' triggered at 2023-Feb-24 16:12:12
INFO: [Labtools 27-3304] ILA Waveform data saved to file C:/Users/lu/Desktop/champion/CortexM3_Eval_V2/CortexM3_Eval.hw/backup/hw_ila_data_1.ila. Use Tcl command 'read_hw_ila_data' or Vivado File->Import->Import ILA Data menu item to import the previously saved data.
run_hw_ila [get_hw_ilas -of_objects [get_hw_devices xc7z020_1] -filter {CELL_NAME=~"ILA"}] -trigger_now
INFO: [Labtools 27-1964] The ILA core 'hw_ila_1' trigger was armed at 2023-Feb-24 16:12:16
wait_on_hw_ila [get_hw_ilas -of_objects [get_hw_devices xc7z020_1] -filter {CELL_NAME=~"ILA"}]
display_hw_ila_data [upload_hw_ila_data [get_hw_ilas -of_objects [get_hw_devices xc7z020_1] -filter {CELL_NAME=~"ILA"}]]
INFO: [Labtools 27-1966] The ILA core 'hw_ila_1' triggered at 2023-Feb-24 16:12:16
INFO: [Labtools 27-3304] ILA Waveform data saved to file C:/Users/lu/Desktop/champion/CortexM3_Eval_V2/CortexM3_Eval.hw/backup/hw_ila_data_1.ila. Use Tcl command 'read_hw_ila_data' or Vivado File->Import->Import ILA Data menu item to import the previously saved data.
run_hw_ila [get_hw_ilas -of_objects [get_hw_devices xc7z020_1] -filter {CELL_NAME=~"ILA"}] -trigger_now
INFO: [Labtools 27-1964] The ILA core 'hw_ila_1' trigger was armed at 2023-Feb-24 16:12:20
wait_on_hw_ila [get_hw_ilas -of_objects [get_hw_devices xc7z020_1] -filter {CELL_NAME=~"ILA"}]
display_hw_ila_data [upload_hw_ila_data [get_hw_ilas -of_objects [get_hw_devices xc7z020_1] -filter {CELL_NAME=~"ILA"}]]
INFO: [Labtools 27-1966] The ILA core 'hw_ila_1' triggered at 2023-Feb-24 16:12:20
INFO: [Labtools 27-3304] ILA Waveform data saved to file C:/Users/lu/Desktop/champion/CortexM3_Eval_V2/CortexM3_Eval.hw/backup/hw_ila_data_1.ila. Use Tcl command 'read_hw_ila_data' or Vivado File->Import->Import ILA Data menu item to import the previously saved data.
run_hw_ila [get_hw_ilas -of_objects [get_hw_devices xc7z020_1] -filter {CELL_NAME=~"ILA"}] -trigger_now
INFO: [Labtools 27-1964] The ILA core 'hw_ila_1' trigger was armed at 2023-Feb-24 16:12:24
wait_on_hw_ila [get_hw_ilas -of_objects [get_hw_devices xc7z020_1] -filter {CELL_NAME=~"ILA"}]
display_hw_ila_data [upload_hw_ila_data [get_hw_ilas -of_objects [get_hw_devices xc7z020_1] -filter {CELL_NAME=~"ILA"}]]
INFO: [Labtools 27-1966] The ILA core 'hw_ila_1' triggered at 2023-Feb-24 16:12:24
INFO: [Labtools 27-3304] ILA Waveform data saved to file C:/Users/lu/Desktop/champion/CortexM3_Eval_V2/CortexM3_Eval.hw/backup/hw_ila_data_1.ila. Use Tcl command 'read_hw_ila_data' or Vivado File->Import->Import ILA Data menu item to import the previously saved data.
run_hw_ila [get_hw_ilas -of_objects [get_hw_devices xc7z020_1] -filter {CELL_NAME=~"ILA"}] -trigger_now
INFO: [Labtools 27-1964] The ILA core 'hw_ila_1' trigger was armed at 2023-Feb-24 16:12:27
wait_on_hw_ila [get_hw_ilas -of_objects [get_hw_devices xc7z020_1] -filter {CELL_NAME=~"ILA"}]
display_hw_ila_data [upload_hw_ila_data [get_hw_ilas -of_objects [get_hw_devices xc7z020_1] -filter {CELL_NAME=~"ILA"}]]
INFO: [Labtools 27-1966] The ILA core 'hw_ila_1' triggered at 2023-Feb-24 16:12:27
INFO: [Labtools 27-3304] ILA Waveform data saved to file C:/Users/lu/Desktop/champion/CortexM3_Eval_V2/CortexM3_Eval.hw/backup/hw_ila_data_1.ila. Use Tcl command 'read_hw_ila_data' or Vivado File->Import->Import ILA Data menu item to import the previously saved data.
run_hw_ila [get_hw_ilas -of_objects [get_hw_devices xc7z020_1] -filter {CELL_NAME=~"ILA"}] -trigger_now
INFO: [Labtools 27-1964] The ILA core 'hw_ila_1' trigger was armed at 2023-Feb-24 16:12:31
wait_on_hw_ila [get_hw_ilas -of_objects [get_hw_devices xc7z020_1] -filter {CELL_NAME=~"ILA"}]
display_hw_ila_data [upload_hw_ila_data [get_hw_ilas -of_objects [get_hw_devices xc7z020_1] -filter {CELL_NAME=~"ILA"}]]
INFO: [Labtools 27-1966] The ILA core 'hw_ila_1' triggered at 2023-Feb-24 16:12:31
INFO: [Labtools 27-3304] ILA Waveform data saved to file C:/Users/lu/Desktop/champion/CortexM3_Eval_V2/CortexM3_Eval.hw/backup/hw_ila_data_1.ila. Use Tcl command 'read_hw_ila_data' or Vivado File->Import->Import ILA Data menu item to import the previously saved data.
run_hw_ila [get_hw_ilas -of_objects [get_hw_devices xc7z020_1] -filter {CELL_NAME=~"ILA"}] -trigger_now
INFO: [Labtools 27-1964] The ILA core 'hw_ila_1' trigger was armed at 2023-Feb-24 16:12:34
wait_on_hw_ila [get_hw_ilas -of_objects [get_hw_devices xc7z020_1] -filter {CELL_NAME=~"ILA"}]
display_hw_ila_data [upload_hw_ila_data [get_hw_ilas -of_objects [get_hw_devices xc7z020_1] -filter {CELL_NAME=~"ILA"}]]
INFO: [Labtools 27-1966] The ILA core 'hw_ila_1' triggered at 2023-Feb-24 16:12:34
INFO: [Labtools 27-3304] ILA Waveform data saved to file C:/Users/lu/Desktop/champion/CortexM3_Eval_V2/CortexM3_Eval.hw/backup/hw_ila_data_1.ila. Use Tcl command 'read_hw_ila_data' or Vivado File->Import->Import ILA Data menu item to import the previously saved data.
run_hw_ila [get_hw_ilas -of_objects [get_hw_devices xc7z020_1] -filter {CELL_NAME=~"ILA"}] -trigger_now
ERROR: [Labtools 27-1395] Unable to arm ILA 'hw_ila_1'. The core clock is slow or no core clock connected for this ILA or the ILA core may not meet timing.
set_property TRIGGER_COMPARE_VALUE eq1'b0 [get_hw_probes EXP_IBUF_1 -of_objects [get_hw_ilas -of_objects [get_hw_devices xc7z020_1] -filter {CELL_NAME=~"ILA"}]]
set_property CONTROL.TRIGGER_CONDITION OR [get_hw_ilas -of_objects [get_hw_devices xc7z020_1] -filter {CELL_NAME=~"ILA"}]
set_property CONTROL.TRIGGER_CONDITION AND [get_hw_ilas -of_objects [get_hw_devices xc7z020_1] -filter {CELL_NAME=~"ILA"}]
set_property TRIGGER_COMPARE_VALUE eq1'bR [get_hw_probes EXP_IBUF_2 -of_objects [get_hw_ilas -of_objects [get_hw_devices xc7z020_1] -filter {CELL_NAME=~"ILA"}]]
set_property CONTROL.TRIGGER_CONDITION OR [get_hw_ilas -of_objects [get_hw_devices xc7z020_1] -filter {CELL_NAME=~"ILA"}]
ERROR: [Labtoolstcl 44-513] HW Target shutdown. Closing target: localhost:3121/xilinx_tcf/Xilinx/1234-tulA
INFO: [Labtoolstcl 44-466] Opening hw_target localhost:3121/xilinx_tcf/Xilinx/1234-tulA
WARNING: [Labtoolstcl 44-129] No matching hw_ila_data was found.
INFO: [Labtools 27-1435] Device xc7z020 (JTAG device index = 1) is not programmed (DONE status = 0).
WARNING: [Labtoolstcl 44-129] No matching hw_ila_data was found.
set_property PROBES.FILE {C:/Users/lu/Desktop/champion/CortexM3_Eval_V2/CortexM3_Eval.runs/impl_1/SOC_TOP_V2.ltx} [get_hw_devices xc7z020_1]
set_property FULL_PROBES.FILE {C:/Users/lu/Desktop/champion/CortexM3_Eval_V2/CortexM3_Eval.runs/impl_1/SOC_TOP_V2.ltx} [get_hw_devices xc7z020_1]
set_property PROGRAM.FILE {C:/Users/lu/Desktop/champion/CortexM3_Eval_V2/CortexM3_Eval.runs/impl_1/SOC_TOP_V2.bit} [get_hw_devices xc7z020_1]
program_hw_devices [get_hw_devices xc7z020_1]
INFO: [Labtools 27-3164] End of startup status: HIGH
refresh_hw_device [lindex [get_hw_devices xc7z020_1] 0]
WARNING: [Xicom 50-38] xicom: No CseXsdb register file specified for CseXsdb slave type: 0, cse driver version: 0. Slave initialization skipped.
INFO: [Labtools 27-1434] Device xc7z020 (JTAG device index = 1) is programmed with a design that has no supported debug core(s) in it.
WARNING: [Labtools 27-3361] The debug hub core was not detected.
Resolution: 
1. Make sure the clock connected to the debug hub (dbg_hub) core is a free running clock and is active.
2. Make sure the BSCAN_SWITCH_USER_MASK device property in Vivado Hardware Manager reflects the user scan chain setting in the design and refresh the device.  To determine the user scan chain setting in the design, open the implemented design and use 'get_property C_USER_SCAN_CHAIN [get_debug_cores dbg_hub]'.
For more details on setting the scan chain property, consult the Vivado Debug and Programming User Guide (UG908).
WARNING: [Labtools 27-3413] Dropping logic core with cellname:'ILA' at location 'uuid_7C6A6FE445255A57804F5689CD836BF4' from probes file, since it cannot be found on the programmed device.
set_property PROBES.FILE {C:/Users/lu/Desktop/champion/CortexM3_Eval_V2/CortexM3_Eval.runs/impl_1/SOC_TOP_V2.ltx} [get_hw_devices xc7z020_1]
set_property FULL_PROBES.FILE {C:/Users/lu/Desktop/champion/CortexM3_Eval_V2/CortexM3_Eval.runs/impl_1/SOC_TOP_V2.ltx} [get_hw_devices xc7z020_1]
set_property PROGRAM.FILE {C:/Users/lu/Desktop/champion/CortexM3_Eval_V2/CortexM3_Eval.runs/impl_1/SOC_TOP_V2.bit} [get_hw_devices xc7z020_1]
program_hw_devices [get_hw_devices xc7z020_1]
INFO: [Labtools 27-3164] End of startup status: HIGH
refresh_hw_device [lindex [get_hw_devices xc7z020_1] 0]
INFO: [Labtools 27-2302] Device xc7z020 (JTAG device index = 1) is programmed with a design that has 1 ILA core(s).
run_hw_ila [get_hw_ilas -of_objects [get_hw_devices xc7z020_1] -filter {CELL_NAME=~"ILA"}]
INFO: [Labtools 27-1964] The ILA core 'hw_ila_1' trigger was armed at 2023-Feb-24 16:19:14
wait_on_hw_ila [get_hw_ilas -of_objects [get_hw_devices xc7z020_1] -filter {CELL_NAME=~"ILA"}]
display_hw_ila_data [upload_hw_ila_data [get_hw_ilas -of_objects [get_hw_devices xc7z020_1] -filter {CELL_NAME=~"ILA"}]]
INFO: [Labtools 27-1966] The ILA core 'hw_ila_1' triggered at 2023-Feb-24 16:19:14
INFO: [Labtools 27-3304] ILA Waveform data saved to file C:/Users/lu/Desktop/champion/CortexM3_Eval_V2/CortexM3_Eval.hw/backup/hw_ila_data_1.ila. Use Tcl command 'read_hw_ila_data' or Vivado File->Import->Import ILA Data menu item to import the previously saved data.
run_hw_ila [get_hw_ilas -of_objects [get_hw_devices xc7z020_1] -filter {CELL_NAME=~"ILA"}]
INFO: [Labtools 27-1964] The ILA core 'hw_ila_1' trigger was armed at 2023-Feb-24 16:19:43
wait_on_hw_ila [get_hw_ilas -of_objects [get_hw_devices xc7z020_1] -filter {CELL_NAME=~"ILA"}]
display_hw_ila_data [upload_hw_ila_data [get_hw_ilas -of_objects [get_hw_devices xc7z020_1] -filter {CELL_NAME=~"ILA"}]]
INFO: [Labtools 27-1966] The ILA core 'hw_ila_1' triggered at 2023-Feb-24 16:19:44
INFO: [Labtools 27-3304] ILA Waveform data saved to file C:/Users/lu/Desktop/champion/CortexM3_Eval_V2/CortexM3_Eval.hw/backup/hw_ila_data_1.ila. Use Tcl command 'read_hw_ila_data' or Vivado File->Import->Import ILA Data menu item to import the previously saved data.
run_hw_ila [get_hw_ilas -of_objects [get_hw_devices xc7z020_1] -filter {CELL_NAME=~"ILA"}]
INFO: [Labtools 27-1964] The ILA core 'hw_ila_1' trigger was armed at 2023-Feb-24 16:19:45
wait_on_hw_ila [get_hw_ilas -of_objects [get_hw_devices xc7z020_1] -filter {CELL_NAME=~"ILA"}]
display_hw_ila_data [upload_hw_ila_data [get_hw_ilas -of_objects [get_hw_devices xc7z020_1] -filter {CELL_NAME=~"ILA"}]]
INFO: [Labtools 27-1966] The ILA core 'hw_ila_1' triggered at 2023-Feb-24 16:19:46
INFO: [Labtools 27-3304] ILA Waveform data saved to file C:/Users/lu/Desktop/champion/CortexM3_Eval_V2/CortexM3_Eval.hw/backup/hw_ila_data_1.ila. Use Tcl command 'read_hw_ila_data' or Vivado File->Import->Import ILA Data menu item to import the previously saved data.
run_hw_ila [get_hw_ilas -of_objects [get_hw_devices xc7z020_1] -filter {CELL_NAME=~"ILA"}]
INFO: [Labtools 27-1964] The ILA core 'hw_ila_1' trigger was armed at 2023-Feb-24 16:19:47
wait_on_hw_ila [get_hw_ilas -of_objects [get_hw_devices xc7z020_1] -filter {CELL_NAME=~"ILA"}]
display_hw_ila_data [upload_hw_ila_data [get_hw_ilas -of_objects [get_hw_devices xc7z020_1] -filter {CELL_NAME=~"ILA"}]]
INFO: [Labtools 27-1966] The ILA core 'hw_ila_1' triggered at 2023-Feb-24 16:19:48
INFO: [Labtools 27-3304] ILA Waveform data saved to file C:/Users/lu/Desktop/champion/CortexM3_Eval_V2/CortexM3_Eval.hw/backup/hw_ila_data_1.ila. Use Tcl command 'read_hw_ila_data' or Vivado File->Import->Import ILA Data menu item to import the previously saved data.
run_hw_ila [get_hw_ilas -of_objects [get_hw_devices xc7z020_1] -filter {CELL_NAME=~"ILA"}] -trigger_now
INFO: [Labtools 27-1964] The ILA core 'hw_ila_1' trigger was armed at 2023-Feb-24 16:22:01
wait_on_hw_ila [get_hw_ilas -of_objects [get_hw_devices xc7z020_1] -filter {CELL_NAME=~"ILA"}]
display_hw_ila_data [upload_hw_ila_data [get_hw_ilas -of_objects [get_hw_devices xc7z020_1] -filter {CELL_NAME=~"ILA"}]]
INFO: [Labtools 27-1966] The ILA core 'hw_ila_1' triggered at 2023-Feb-24 16:22:01
INFO: [Labtools 27-3304] ILA Waveform data saved to file C:/Users/lu/Desktop/champion/CortexM3_Eval_V2/CortexM3_Eval.hw/backup/hw_ila_data_1.ila. Use Tcl command 'read_hw_ila_data' or Vivado File->Import->Import ILA Data menu item to import the previously saved data.
run_hw_ila [get_hw_ilas -of_objects [get_hw_devices xc7z020_1] -filter {CELL_NAME=~"ILA"}] -trigger_now
INFO: [Labtools 27-1964] The ILA core 'hw_ila_1' trigger was armed at 2023-Feb-24 16:22:06
wait_on_hw_ila [get_hw_ilas -of_objects [get_hw_devices xc7z020_1] -filter {CELL_NAME=~"ILA"}]
display_hw_ila_data [upload_hw_ila_data [get_hw_ilas -of_objects [get_hw_devices xc7z020_1] -filter {CELL_NAME=~"ILA"}]]
INFO: [Labtools 27-1966] The ILA core 'hw_ila_1' triggered at 2023-Feb-24 16:22:06
INFO: [Labtools 27-3304] ILA Waveform data saved to file C:/Users/lu/Desktop/champion/CortexM3_Eval_V2/CortexM3_Eval.hw/backup/hw_ila_data_1.ila. Use Tcl command 'read_hw_ila_data' or Vivado File->Import->Import ILA Data menu item to import the previously saved data.
WARNING: [IP_Flow 19-4067] Ignoring invalid widget type specified checkbox.Providing a default widget
run_hw_ila [get_hw_ilas -of_objects [get_hw_devices xc7z020_1] -filter {CELL_NAME=~"ILA"}]
INFO: [Labtools 27-1964] The ILA core 'hw_ila_1' trigger was armed at 2023-Feb-24 16:27:41
wait_on_hw_ila [get_hw_ilas -of_objects [get_hw_devices xc7z020_1] -filter {CELL_NAME=~"ILA"}]
display_hw_ila_data [upload_hw_ila_data [get_hw_ilas -of_objects [get_hw_devices xc7z020_1] -filter {CELL_NAME=~"ILA"}]]
INFO: [Labtools 27-1966] The ILA core 'hw_ila_1' triggered at 2023-Feb-24 16:27:42
INFO: [Labtools 27-3304] ILA Waveform data saved to file C:/Users/lu/Desktop/champion/CortexM3_Eval_V2/CortexM3_Eval.hw/backup/hw_ila_data_1.ila. Use Tcl command 'read_hw_ila_data' or Vivado File->Import->Import ILA Data menu item to import the previously saved data.
run_hw_ila [get_hw_ilas -of_objects [get_hw_devices xc7z020_1] -filter {CELL_NAME=~"ILA"}]
INFO: [Labtools 27-1964] The ILA core 'hw_ila_1' trigger was armed at 2023-Feb-24 16:27:44
wait_on_hw_ila [get_hw_ilas -of_objects [get_hw_devices xc7z020_1] -filter {CELL_NAME=~"ILA"}]
display_hw_ila_data [upload_hw_ila_data [get_hw_ilas -of_objects [get_hw_devices xc7z020_1] -filter {CELL_NAME=~"ILA"}]]
INFO: [Labtools 27-1966] The ILA core 'hw_ila_1' triggered at 2023-Feb-24 16:27:44
INFO: [Labtools 27-3304] ILA Waveform data saved to file C:/Users/lu/Desktop/champion/CortexM3_Eval_V2/CortexM3_Eval.hw/backup/hw_ila_data_1.ila. Use Tcl command 'read_hw_ila_data' or Vivado File->Import->Import ILA Data menu item to import the previously saved data.
run_hw_ila [get_hw_ilas -of_objects [get_hw_devices xc7z020_1] -filter {CELL_NAME=~"ILA"}]
INFO: [Labtools 27-1964] The ILA core 'hw_ila_1' trigger was armed at 2023-Feb-24 16:27:48
wait_on_hw_ila [get_hw_ilas -of_objects [get_hw_devices xc7z020_1] -filter {CELL_NAME=~"ILA"}]
display_hw_ila_data [upload_hw_ila_data [get_hw_ilas -of_objects [get_hw_devices xc7z020_1] -filter {CELL_NAME=~"ILA"}]]
INFO: [Labtools 27-1966] The ILA core 'hw_ila_1' triggered at 2023-Feb-24 16:27:48
INFO: [Labtools 27-3304] ILA Waveform data saved to file C:/Users/lu/Desktop/champion/CortexM3_Eval_V2/CortexM3_Eval.hw/backup/hw_ila_data_1.ila. Use Tcl command 'read_hw_ila_data' or Vivado File->Import->Import ILA Data menu item to import the previously saved data.
run_hw_ila [get_hw_ilas -of_objects [get_hw_devices xc7z020_1] -filter {CELL_NAME=~"ILA"}]
INFO: [Labtools 27-1964] The ILA core 'hw_ila_1' trigger was armed at 2023-Feb-24 16:27:52
wait_on_hw_ila [get_hw_ilas -of_objects [get_hw_devices xc7z020_1] -filter {CELL_NAME=~"ILA"}]
display_hw_ila_data [upload_hw_ila_data [get_hw_ilas -of_objects [get_hw_devices xc7z020_1] -filter {CELL_NAME=~"ILA"}]]
INFO: [Labtools 27-1966] The ILA core 'hw_ila_1' triggered at 2023-Feb-24 16:27:52
INFO: [Labtools 27-3304] ILA Waveform data saved to file C:/Users/lu/Desktop/champion/CortexM3_Eval_V2/CortexM3_Eval.hw/backup/hw_ila_data_1.ila. Use Tcl command 'read_hw_ila_data' or Vivado File->Import->Import ILA Data menu item to import the previously saved data.
run_hw_ila [get_hw_ilas -of_objects [get_hw_devices xc7z020_1] -filter {CELL_NAME=~"ILA"}]
INFO: [Labtools 27-1964] The ILA core 'hw_ila_1' trigger was armed at 2023-Feb-24 16:27:55
wait_on_hw_ila [get_hw_ilas -of_objects [get_hw_devices xc7z020_1] -filter {CELL_NAME=~"ILA"}]
display_hw_ila_data [upload_hw_ila_data [get_hw_ilas -of_objects [get_hw_devices xc7z020_1] -filter {CELL_NAME=~"ILA"}]]
INFO: [Labtools 27-1966] The ILA core 'hw_ila_1' triggered at 2023-Feb-24 16:27:56
INFO: [Labtools 27-3304] ILA Waveform data saved to file C:/Users/lu/Desktop/champion/CortexM3_Eval_V2/CortexM3_Eval.hw/backup/hw_ila_data_1.ila. Use Tcl command 'read_hw_ila_data' or Vivado File->Import->Import ILA Data menu item to import the previously saved data.
run_hw_ila [get_hw_ilas -of_objects [get_hw_devices xc7z020_1] -filter {CELL_NAME=~"ILA"}]
INFO: [Labtools 27-1964] The ILA core 'hw_ila_1' trigger was armed at 2023-Feb-24 16:28:00
wait_on_hw_ila [get_hw_ilas -of_objects [get_hw_devices xc7z020_1] -filter {CELL_NAME=~"ILA"}]
display_hw_ila_data [upload_hw_ila_data [get_hw_ilas -of_objects [get_hw_devices xc7z020_1] -filter {CELL_NAME=~"ILA"}]]
INFO: [Labtools 27-1966] The ILA core 'hw_ila_1' triggered at 2023-Feb-24 16:28:00
INFO: [Labtools 27-3304] ILA Waveform data saved to file C:/Users/lu/Desktop/champion/CortexM3_Eval_V2/CortexM3_Eval.hw/backup/hw_ila_data_1.ila. Use Tcl command 'read_hw_ila_data' or Vivado File->Import->Import ILA Data menu item to import the previously saved data.
run_hw_ila [get_hw_ilas -of_objects [get_hw_devices xc7z020_1] -filter {CELL_NAME=~"ILA"}]
INFO: [Labtools 27-1964] The ILA core 'hw_ila_1' trigger was armed at 2023-Feb-24 16:28:04
wait_on_hw_ila [get_hw_ilas -of_objects [get_hw_devices xc7z020_1] -filter {CELL_NAME=~"ILA"}]
display_hw_ila_data [upload_hw_ila_data [get_hw_ilas -of_objects [get_hw_devices xc7z020_1] -filter {CELL_NAME=~"ILA"}]]
ERROR: [Labtools 27-2215] Slow clock or no clock connected for ILA [hw_ila_1].
run_hw_ila [get_hw_ilas -of_objects [get_hw_devices xc7z020_1] -filter {CELL_NAME=~"ILA"}]
INFO: [Labtools 27-1964] The ILA core 'hw_ila_1' trigger was armed at 2023-Feb-24 16:28:08
wait_on_hw_ila [get_hw_ilas -of_objects [get_hw_devices xc7z020_1] -filter {CELL_NAME=~"ILA"}]
display_hw_ila_data [upload_hw_ila_data [get_hw_ilas -of_objects [get_hw_devices xc7z020_1] -filter {CELL_NAME=~"ILA"}]]
INFO: [Labtools 27-1966] The ILA core 'hw_ila_1' triggered at 2023-Feb-24 16:28:08
INFO: [Labtools 27-3304] ILA Waveform data saved to file C:/Users/lu/Desktop/champion/CortexM3_Eval_V2/CortexM3_Eval.hw/backup/hw_ila_data_1.ila. Use Tcl command 'read_hw_ila_data' or Vivado File->Import->Import ILA Data menu item to import the previously saved data.
run_hw_ila [get_hw_ilas -of_objects [get_hw_devices xc7z020_1] -filter {CELL_NAME=~"ILA"}]
INFO: [Labtools 27-1964] The ILA core 'hw_ila_1' trigger was armed at 2023-Feb-24 16:28:12
wait_on_hw_ila [get_hw_ilas -of_objects [get_hw_devices xc7z020_1] -filter {CELL_NAME=~"ILA"}]
display_hw_ila_data [upload_hw_ila_data [get_hw_ilas -of_objects [get_hw_devices xc7z020_1] -filter {CELL_NAME=~"ILA"}]]
INFO: [Labtools 27-1966] The ILA core 'hw_ila_1' triggered at 2023-Feb-24 16:28:12
INFO: [Labtools 27-3304] ILA Waveform data saved to file C:/Users/lu/Desktop/champion/CortexM3_Eval_V2/CortexM3_Eval.hw/backup/hw_ila_data_1.ila. Use Tcl command 'read_hw_ila_data' or Vivado File->Import->Import ILA Data menu item to import the previously saved data.
run_hw_ila [get_hw_ilas -of_objects [get_hw_devices xc7z020_1] -filter {CELL_NAME=~"ILA"}]
INFO: [Labtools 27-1964] The ILA core 'hw_ila_1' trigger was armed at 2023-Feb-24 16:28:16
wait_on_hw_ila [get_hw_ilas -of_objects [get_hw_devices xc7z020_1] -filter {CELL_NAME=~"ILA"}]
display_hw_ila_data [upload_hw_ila_data [get_hw_ilas -of_objects [get_hw_devices xc7z020_1] -filter {CELL_NAME=~"ILA"}]]
INFO: [Labtools 27-1966] The ILA core 'hw_ila_1' triggered at 2023-Feb-24 16:28:17
INFO: [Labtools 27-3304] ILA Waveform data saved to file C:/Users/lu/Desktop/champion/CortexM3_Eval_V2/CortexM3_Eval.hw/backup/hw_ila_data_1.ila. Use Tcl command 'read_hw_ila_data' or Vivado File->Import->Import ILA Data menu item to import the previously saved data.
run_hw_ila [get_hw_ilas -of_objects [get_hw_devices xc7z020_1] -filter {CELL_NAME=~"ILA"}]
INFO: [Labtools 27-1964] The ILA core 'hw_ila_1' trigger was armed at 2023-Feb-24 16:28:20
wait_on_hw_ila [get_hw_ilas -of_objects [get_hw_devices xc7z020_1] -filter {CELL_NAME=~"ILA"}]
display_hw_ila_data [upload_hw_ila_data [get_hw_ilas -of_objects [get_hw_devices xc7z020_1] -filter {CELL_NAME=~"ILA"}]]
INFO: [Labtools 27-1966] The ILA core 'hw_ila_1' triggered at 2023-Feb-24 16:28:21
INFO: [Labtools 27-3304] ILA Waveform data saved to file C:/Users/lu/Desktop/champion/CortexM3_Eval_V2/CortexM3_Eval.hw/backup/hw_ila_data_1.ila. Use Tcl command 'read_hw_ila_data' or Vivado File->Import->Import ILA Data menu item to import the previously saved data.
run_hw_ila [get_hw_ilas -of_objects [get_hw_devices xc7z020_1] -filter {CELL_NAME=~"ILA"}]
INFO: [Labtools 27-1964] The ILA core 'hw_ila_1' trigger was armed at 2023-Feb-24 16:28:24
wait_on_hw_ila [get_hw_ilas -of_objects [get_hw_devices xc7z020_1] -filter {CELL_NAME=~"ILA"}]
display_hw_ila_data [upload_hw_ila_data [get_hw_ilas -of_objects [get_hw_devices xc7z020_1] -filter {CELL_NAME=~"ILA"}]]
INFO: [Labtools 27-1966] The ILA core 'hw_ila_1' triggered at 2023-Feb-24 16:28:25
INFO: [Labtools 27-3304] ILA Waveform data saved to file C:/Users/lu/Desktop/champion/CortexM3_Eval_V2/CortexM3_Eval.hw/backup/hw_ila_data_1.ila. Use Tcl command 'read_hw_ila_data' or Vivado File->Import->Import ILA Data menu item to import the previously saved data.
run_hw_ila [get_hw_ilas -of_objects [get_hw_devices xc7z020_1] -filter {CELL_NAME=~"ILA"}]
INFO: [Labtools 27-1964] The ILA core 'hw_ila_1' trigger was armed at 2023-Feb-24 16:28:28
wait_on_hw_ila [get_hw_ilas -of_objects [get_hw_devices xc7z020_1] -filter {CELL_NAME=~"ILA"}]
display_hw_ila_data [upload_hw_ila_data [get_hw_ilas -of_objects [get_hw_devices xc7z020_1] -filter {CELL_NAME=~"ILA"}]]
INFO: [Labtools 27-1966] The ILA core 'hw_ila_1' triggered at 2023-Feb-24 16:28:29
INFO: [Labtools 27-3304] ILA Waveform data saved to file C:/Users/lu/Desktop/champion/CortexM3_Eval_V2/CortexM3_Eval.hw/backup/hw_ila_data_1.ila. Use Tcl command 'read_hw_ila_data' or Vivado File->Import->Import ILA Data menu item to import the previously saved data.
run_hw_ila [get_hw_ilas -of_objects [get_hw_devices xc7z020_1] -filter {CELL_NAME=~"ILA"}]
INFO: [Labtools 27-1964] The ILA core 'hw_ila_1' trigger was armed at 2023-Feb-24 16:28:32
wait_on_hw_ila [get_hw_ilas -of_objects [get_hw_devices xc7z020_1] -filter {CELL_NAME=~"ILA"}]
display_hw_ila_data [upload_hw_ila_data [get_hw_ilas -of_objects [get_hw_devices xc7z020_1] -filter {CELL_NAME=~"ILA"}]]
INFO: [Labtools 27-1966] The ILA core 'hw_ila_1' triggered at 2023-Feb-24 16:28:33
INFO: [Labtools 27-3304] ILA Waveform data saved to file C:/Users/lu/Desktop/champion/CortexM3_Eval_V2/CortexM3_Eval.hw/backup/hw_ila_data_1.ila. Use Tcl command 'read_hw_ila_data' or Vivado File->Import->Import ILA Data menu item to import the previously saved data.
run_hw_ila [get_hw_ilas -of_objects [get_hw_devices xc7z020_1] -filter {CELL_NAME=~"ILA"}]
INFO: [Labtools 27-1964] The ILA core 'hw_ila_1' trigger was armed at 2023-Feb-24 16:28:36
wait_on_hw_ila [get_hw_ilas -of_objects [get_hw_devices xc7z020_1] -filter {CELL_NAME=~"ILA"}]
display_hw_ila_data [upload_hw_ila_data [get_hw_ilas -of_objects [get_hw_devices xc7z020_1] -filter {CELL_NAME=~"ILA"}]]
INFO: [Labtools 27-1966] The ILA core 'hw_ila_1' triggered at 2023-Feb-24 16:28:37
INFO: [Labtools 27-3304] ILA Waveform data saved to file C:/Users/lu/Desktop/champion/CortexM3_Eval_V2/CortexM3_Eval.hw/backup/hw_ila_data_1.ila. Use Tcl command 'read_hw_ila_data' or Vivado File->Import->Import ILA Data menu item to import the previously saved data.
run_hw_ila [get_hw_ilas -of_objects [get_hw_devices xc7z020_1] -filter {CELL_NAME=~"ILA"}]
INFO: [Labtools 27-1964] The ILA core 'hw_ila_1' trigger was armed at 2023-Feb-24 16:28:40
wait_on_hw_ila [get_hw_ilas -of_objects [get_hw_devices xc7z020_1] -filter {CELL_NAME=~"ILA"}]
display_hw_ila_data [upload_hw_ila_data [get_hw_ilas -of_objects [get_hw_devices xc7z020_1] -filter {CELL_NAME=~"ILA"}]]
INFO: [Labtools 27-1966] The ILA core 'hw_ila_1' triggered at 2023-Feb-24 16:28:41
INFO: [Labtools 27-3304] ILA Waveform data saved to file C:/Users/lu/Desktop/champion/CortexM3_Eval_V2/CortexM3_Eval.hw/backup/hw_ila_data_1.ila. Use Tcl command 'read_hw_ila_data' or Vivado File->Import->Import ILA Data menu item to import the previously saved data.
run_hw_ila [get_hw_ilas -of_objects [get_hw_devices xc7z020_1] -filter {CELL_NAME=~"ILA"}]
INFO: [Labtools 27-1964] The ILA core 'hw_ila_1' trigger was armed at 2023-Feb-24 16:28:44
wait_on_hw_ila [get_hw_ilas -of_objects [get_hw_devices xc7z020_1] -filter {CELL_NAME=~"ILA"}]
display_hw_ila_data [upload_hw_ila_data [get_hw_ilas -of_objects [get_hw_devices xc7z020_1] -filter {CELL_NAME=~"ILA"}]]
INFO: [Labtools 27-1966] The ILA core 'hw_ila_1' triggered at 2023-Feb-24 16:28:45
INFO: [Labtools 27-3304] ILA Waveform data saved to file C:/Users/lu/Desktop/champion/CortexM3_Eval_V2/CortexM3_Eval.hw/backup/hw_ila_data_1.ila. Use Tcl command 'read_hw_ila_data' or Vivado File->Import->Import ILA Data menu item to import the previously saved data.
run_hw_ila [get_hw_ilas -of_objects [get_hw_devices xc7z020_1] -filter {CELL_NAME=~"ILA"}]
INFO: [Labtools 27-1964] The ILA core 'hw_ila_1' trigger was armed at 2023-Feb-24 16:28:48
wait_on_hw_ila [get_hw_ilas -of_objects [get_hw_devices xc7z020_1] -filter {CELL_NAME=~"ILA"}]
display_hw_ila_data [upload_hw_ila_data [get_hw_ilas -of_objects [get_hw_devices xc7z020_1] -filter {CELL_NAME=~"ILA"}]]
INFO: [Labtools 27-1966] The ILA core 'hw_ila_1' triggered at 2023-Feb-24 16:28:49
INFO: [Labtools 27-3304] ILA Waveform data saved to file C:/Users/lu/Desktop/champion/CortexM3_Eval_V2/CortexM3_Eval.hw/backup/hw_ila_data_1.ila. Use Tcl command 'read_hw_ila_data' or Vivado File->Import->Import ILA Data menu item to import the previously saved data.
run_hw_ila [get_hw_ilas -of_objects [get_hw_devices xc7z020_1] -filter {CELL_NAME=~"ILA"}]
INFO: [Labtools 27-1964] The ILA core 'hw_ila_1' trigger was armed at 2023-Feb-24 16:28:52
wait_on_hw_ila [get_hw_ilas -of_objects [get_hw_devices xc7z020_1] -filter {CELL_NAME=~"ILA"}]
display_hw_ila_data [upload_hw_ila_data [get_hw_ilas -of_objects [get_hw_devices xc7z020_1] -filter {CELL_NAME=~"ILA"}]]
INFO: [Labtools 27-1966] The ILA core 'hw_ila_1' triggered at 2023-Feb-24 16:28:53
INFO: [Labtools 27-3304] ILA Waveform data saved to file C:/Users/lu/Desktop/champion/CortexM3_Eval_V2/CortexM3_Eval.hw/backup/hw_ila_data_1.ila. Use Tcl command 'read_hw_ila_data' or Vivado File->Import->Import ILA Data menu item to import the previously saved data.
run_hw_ila [get_hw_ilas -of_objects [get_hw_devices xc7z020_1] -filter {CELL_NAME=~"ILA"}]
INFO: [Labtools 27-1964] The ILA core 'hw_ila_1' trigger was armed at 2023-Feb-24 16:28:59
wait_on_hw_ila [get_hw_ilas -of_objects [get_hw_devices xc7z020_1] -filter {CELL_NAME=~"ILA"}]
display_hw_ila_data [upload_hw_ila_data [get_hw_ilas -of_objects [get_hw_devices xc7z020_1] -filter {CELL_NAME=~"ILA"}]]
INFO: [Labtools 27-1966] The ILA core 'hw_ila_1' triggered at 2023-Feb-24 16:29:01
INFO: [Labtools 27-3304] ILA Waveform data saved to file C:/Users/lu/Desktop/champion/CortexM3_Eval_V2/CortexM3_Eval.hw/backup/hw_ila_data_1.ila. Use Tcl command 'read_hw_ila_data' or Vivado File->Import->Import ILA Data menu item to import the previously saved data.
run_hw_ila [get_hw_ilas -of_objects [get_hw_devices xc7z020_1] -filter {CELL_NAME=~"ILA"}]
INFO: [Labtools 27-1964] The ILA core 'hw_ila_1' trigger was armed at 2023-Feb-24 16:29:04
wait_on_hw_ila [get_hw_ilas -of_objects [get_hw_devices xc7z020_1] -filter {CELL_NAME=~"ILA"}]
display_hw_ila_data [upload_hw_ila_data [get_hw_ilas -of_objects [get_hw_devices xc7z020_1] -filter {CELL_NAME=~"ILA"}]]
INFO: [Labtools 27-1966] The ILA core 'hw_ila_1' triggered at 2023-Feb-24 16:29:05
INFO: [Labtools 27-3304] ILA Waveform data saved to file C:/Users/lu/Desktop/champion/CortexM3_Eval_V2/CortexM3_Eval.hw/backup/hw_ila_data_1.ila. Use Tcl command 'read_hw_ila_data' or Vivado File->Import->Import ILA Data menu item to import the previously saved data.
exit
INFO: [Common 17-206] Exiting Vivado at Fri Feb 24 16:29:37 2023...
